<?xml version="1.0" encoding="UTF-8"?>
<robot generator="Robot 6.1.1 (Python 3.11.4 on win32)" generated="20231121 09:48:35.782" rpa="false" schemaversion="4">
<suite id="s1" name="Test" source="c:\PROJETOS\TESTES\ROBOT\SmartPOS\test">
<suite id="s1-s1" name="Features" source="c:\PROJETOS\TESTES\ROBOT\SmartPOS\test\features">
<suite id="s1-s1-s1" name="1-Tela login" source="c:\PROJETOS\TESTES\ROBOT\SmartPOS\test\features\1-Tela login">
<suite id="s1-s1-s1-s1" name="TC1 login sucesso" source="c:\PROJETOS\TESTES\ROBOT\SmartPOS\test\features\1-Tela login\TC1_login_sucesso.robot">
<kw name="Iniciar o sistema" library="hooks" type="SETUP">
<kw name="Carregar imagens do sistema" library="BaseImages">
<for flavor="IN">
<var>${dir}</var>
<value>@{IMAGE_DIR}</value>
<iter>
<var name="${dir}">src//auto//images</var>
<kw name="Add Image Path" library="SikuliLibrary">
<arg>${dir}</arg>
<doc>Add image path</doc>
<status status="PASS" starttime="20231121 09:48:37.455" endtime="20231121 09:48:37.466"/>
</kw>
<status status="PASS" starttime="20231121 09:48:37.455" endtime="20231121 09:48:37.466"/>
</iter>
<iter>
<var name="${dir}">src\auto\images\login</var>
<kw name="Add Image Path" library="SikuliLibrary">
<arg>${dir}</arg>
<doc>Add image path</doc>
<status status="PASS" starttime="20231121 09:48:37.466" endtime="20231121 09:48:37.470"/>
</kw>
<status status="PASS" starttime="20231121 09:48:37.466" endtime="20231121 09:48:37.470"/>
</iter>
<iter>
<var name="${dir}">src\auto\images\home</var>
<kw name="Add Image Path" library="SikuliLibrary">
<arg>${dir}</arg>
<doc>Add image path</doc>
<status status="PASS" starttime="20231121 09:48:37.470" endtime="20231121 09:48:37.472"/>
</kw>
<status status="PASS" starttime="20231121 09:48:37.470" endtime="20231121 09:48:37.472"/>
</iter>
<status status="PASS" starttime="20231121 09:48:37.455" endtime="20231121 09:48:37.472"/>
</for>
<status status="PASS" starttime="20231121 09:48:37.455" endtime="20231121 09:48:37.472"/>
</kw>
<kw name="Executar sistema SmartPdv" library="hooks">
<kw name="Open Application" library="SikuliLibrary">
<arg>D://Netpos//SmartPdv//SmartPdv.exe</arg>
<doc>Open application
 To open app with parameters, refer:
 https://sikulix-2014.readthedocs.io/en/latest/appclass.html#App.App</doc>
<status status="PASS" starttime="20231121 09:48:37.472" endtime="20231121 09:48:38.639"/>
</kw>
<status status="PASS" starttime="20231121 09:48:37.472" endtime="20231121 09:48:38.639"/>
</kw>
<status status="PASS" starttime="20231121 09:48:37.455" endtime="20231121 09:48:38.639"/>
</kw>
<test id="s1-s1-s1-s1-t1" name="Cenário 1: Fazer um login de sucesso" line="8">
<kw name="Estar na tela de Login" library="kws_loginSucesso">
<kw name="Wait Until Screen Contain" library="SikuliLibrary">
<arg>${option_telaLogin.telaLogin}</arg>
<arg>${TIMEOUT.DEFAULT}</arg>
<doc>Wait until screen contain
 Wait until image shown in screen</doc>
<msg timestamp="20231121 09:48:39.183" level="INFO" html="true">&lt;img src='sikuli_captured/sikuliximage-1700570919150.png'/&gt;</msg>
<status status="PASS" starttime="20231121 09:48:38.640" endtime="20231121 09:48:39.184"/>
</kw>
<kw name="Screen Should Contain" library="SikuliLibrary">
<arg>${option_telaLogin.telaLogin}</arg>
<doc>Screen should contain</doc>
<msg timestamp="20231121 09:48:39.317" level="INFO" html="true">&lt;img src='sikuli_captured/sikuliximage-1700570919305.png'/&gt;</msg>
<status status="PASS" starttime="20231121 09:48:39.185" endtime="20231121 09:48:39.317"/>
</kw>
<status status="PASS" starttime="20231121 09:48:38.640" endtime="20231121 09:48:39.318"/>
</kw>
<kw name="No campo input email, digite um email válido" library="kws_loginSucesso">
<kw name="Wait Until Screen Contain" library="SikuliLibrary">
<arg>${option_telaLogin.input_email}</arg>
<arg>${TIMEOUT.DEFAULT}</arg>
<doc>Wait until screen contain
 Wait until image shown in screen</doc>
<msg timestamp="20231121 09:48:39.431" level="INFO" html="true">&lt;img src='sikuli_captured/sikuliximage-1700570919428.png'/&gt;</msg>
<status status="PASS" starttime="20231121 09:48:39.318" endtime="20231121 09:48:39.431"/>
</kw>
<kw name="Input Text" library="SikuliLibrary">
<arg>${option_telaLogin.input_email}</arg>
<arg>${EMAIL}</arg>
<doc>Input text.
 Image could be empty</doc>
<msg timestamp="20231121 09:48:42.817" level="INFO">Input Text:
eduardograciebarra@gmail.com</msg>
<msg timestamp="20231121 09:48:42.817" level="INFO" html="true">&lt;img src='sikuli_captured/sikuliximage-1700570919537.png'/&gt;
[log] CLICK on L[957,476]@S(0) (564 msec)
[log]  TYPE "eduardograciebarra@gmail.com"</msg>
<status status="PASS" starttime="20231121 09:48:39.431" endtime="20231121 09:48:42.817"/>
</kw>
<status status="PASS" starttime="20231121 09:48:39.318" endtime="20231121 09:48:42.817"/>
</kw>
<kw name="No campo inpuit senha, digite uma senha válida" library="kws_loginSucesso">
<kw name="Wait Until Screen Contain" library="SikuliLibrary">
<arg>${option_telaLogin.input_password}</arg>
<arg>${TIMEOUT.DEFAULT}</arg>
<doc>Wait until screen contain
 Wait until image shown in screen</doc>
<msg timestamp="20231121 09:48:42.934" level="INFO" html="true">&lt;img src='sikuli_captured/sikuliximage-1700570922931.png'/&gt;</msg>
<status status="PASS" starttime="20231121 09:48:42.818" endtime="20231121 09:48:42.934"/>
</kw>
<kw name="Input Text" library="SikuliLibrary">
<arg>${option_telaLogin.input_password}</arg>
<arg>${SENHA}</arg>
<doc>Input text.
 Image could be empty</doc>
<msg timestamp="20231121 09:48:44.442" level="INFO">Input Text:
teste123</msg>
<msg timestamp="20231121 09:48:44.442" level="INFO" html="true">&lt;img src='sikuli_captured/sikuliximage-1700570923041.png'/&gt;
[log] CLICK on L[957,558]@S(0) (560 msec)
[log]  TYPE "teste123"</msg>
<status status="PASS" starttime="20231121 09:48:42.935" endtime="20231121 09:48:44.442"/>
</kw>
<status status="PASS" starttime="20231121 09:48:42.818" endtime="20231121 09:48:44.443"/>
</kw>
<kw name="Clique no botao Entrar" library="kws_loginSucesso">
<kw name="Wait Until Screen Contain" library="SikuliLibrary">
<arg>${option_telaLogin.btn_entrar}</arg>
<arg>${TIMEOUT.DEFAULT}</arg>
<doc>Wait until screen contain
 Wait until image shown in screen</doc>
<msg timestamp="20231121 09:48:44.558" level="INFO" html="true">&lt;img src='sikuli_captured/sikuliximage-1700570924555.png'/&gt;</msg>
<status status="PASS" starttime="20231121 09:48:44.443" endtime="20231121 09:48:44.558"/>
</kw>
<kw name="Click" library="SikuliLibrary">
<arg>${option_telaLogin.btn_entrar}</arg>
<doc>Click</doc>
<msg timestamp="20231121 09:48:45.303" level="INFO" html="true">&lt;img src='sikuli_captured/sikuliximage-1700570924663.png'/&gt;
[log] CLICK on L[957,665]@S(0) (552 msec)</msg>
<status status="PASS" starttime="20231121 09:48:44.558" endtime="20231121 09:48:45.303"/>
</kw>
<status status="PASS" starttime="20231121 09:48:44.443" endtime="20231121 09:48:45.303"/>
</kw>
<kw name="Ir para a tela Home" library="kws_loginSucesso">
<kw name="Wait Until Screen Contain" library="SikuliLibrary">
<arg>${option_telaHome.telaHome}</arg>
<arg>${TIMEOUT.DEFAULT}</arg>
<doc>Wait until screen contain
 Wait until image shown in screen</doc>
<msg timestamp="20231121 09:48:57.262" level="INFO" html="true">&lt;img src='sikuli_captured/sikuliximage-1700570937167.png'/&gt;</msg>
<status status="PASS" starttime="20231121 09:48:45.305" endtime="20231121 09:48:57.263"/>
</kw>
<kw name="Screen Should Contain" library="SikuliLibrary">
<arg>${option_telaHome.telaHome}</arg>
<doc>Screen should contain</doc>
<msg timestamp="20231121 09:48:57.530" level="INFO" html="true">&lt;img src='sikuli_captured/sikuliximage-1700570937433.png'/&gt;</msg>
<status status="PASS" starttime="20231121 09:48:57.263" endtime="20231121 09:48:57.531"/>
</kw>
<kw name="Capture Screen" library="SikuliLibrary">
<doc>Capture whole screen, file name is returned</doc>
<msg timestamp="20231121 09:48:57.653" level="INFO" html="true">&lt;img src='sikuli_captured/sikuliximage-1700570937560.png'/&gt;</msg>
<status status="PASS" starttime="20231121 09:48:57.531" endtime="20231121 09:48:57.653"/>
</kw>
<status status="PASS" starttime="20231121 09:48:45.303" endtime="20231121 09:48:57.653"/>
</kw>
<status status="PASS" starttime="20231121 09:48:38.639" endtime="20231121 09:48:57.653"/>
</test>
<status status="PASS" starttime="20231121 09:48:35.797" endtime="20231121 09:48:57.654"/>
</suite>
<status status="PASS" starttime="20231121 09:48:35.796" endtime="20231121 09:48:57.654"/>
</suite>
<suite id="s1-s1-s2" name="2-Tela home" source="c:\PROJETOS\TESTES\ROBOT\SmartPOS\test\features\2-Tela home">
<suite id="s1-s1-s2-s1" name="TC2 Validar Header Tela Home" source="c:\PROJETOS\TESTES\ROBOT\SmartPOS\test\features\2-Tela home\TC2_Validar_Header_Tela_Home.robot">
<kw name="Iniciar o sistema" library="hooks" type="SETUP">
<kw name="Carregar imagens do sistema" library="BaseImages">
<for flavor="IN">
<var>${dir}</var>
<value>@{IMAGE_DIR}</value>
<iter>
<var name="${dir}">src//auto//images</var>
<kw name="Add Image Path" library="SikuliLibrary">
<arg>${dir}</arg>
<doc>Add image path</doc>
<status status="PASS" starttime="20231121 09:48:57.662" endtime="20231121 09:48:57.665"/>
</kw>
<status status="PASS" starttime="20231121 09:48:57.662" endtime="20231121 09:48:57.665"/>
</iter>
<iter>
<var name="${dir}">src\auto\images\login</var>
<kw name="Add Image Path" library="SikuliLibrary">
<arg>${dir}</arg>
<doc>Add image path</doc>
<status status="PASS" starttime="20231121 09:48:57.665" endtime="20231121 09:48:57.667"/>
</kw>
<status status="PASS" starttime="20231121 09:48:57.665" endtime="20231121 09:48:57.667"/>
</iter>
<iter>
<var name="${dir}">src\auto\images\home</var>
<kw name="Add Image Path" library="SikuliLibrary">
<arg>${dir}</arg>
<doc>Add image path</doc>
<status status="PASS" starttime="20231121 09:48:57.667" endtime="20231121 09:48:57.670"/>
</kw>
<status status="PASS" starttime="20231121 09:48:57.667" endtime="20231121 09:48:57.670"/>
</iter>
<status status="PASS" starttime="20231121 09:48:57.662" endtime="20231121 09:48:57.670"/>
</for>
<status status="PASS" starttime="20231121 09:48:57.662" endtime="20231121 09:48:57.670"/>
</kw>
<kw name="Executar sistema SmartPdv" library="hooks">
<kw name="Open Application" library="SikuliLibrary">
<arg>D://Netpos//SmartPdv//SmartPdv.exe</arg>
<doc>Open application
 To open app with parameters, refer:
 https://sikulix-2014.readthedocs.io/en/latest/appclass.html#App.App</doc>
<status status="PASS" starttime="20231121 09:48:57.670" endtime="20231121 09:48:57.703"/>
</kw>
<status status="PASS" starttime="20231121 09:48:57.670" endtime="20231121 09:48:57.703"/>
</kw>
<status status="PASS" starttime="20231121 09:48:57.662" endtime="20231121 09:48:57.703"/>
</kw>
<test id="s1-s1-s2-s1-t1" name="Cenario 01 - Validar o Header da Tela Home" line="8">
<kw name="Logar no sistema smartPOS" library="kws_validar_header_tela_home">
<kw name="Estar na tela de Login" library="kws_loginSucesso">
<kw name="Wait Until Screen Contain" library="SikuliLibrary">
<arg>${option_telaLogin.telaLogin}</arg>
<arg>${TIMEOUT.DEFAULT}</arg>
<doc>Wait until screen contain
 Wait until image shown in screen</doc>
<msg timestamp="20231121 09:49:00.850" level="INFO" html="true">&lt;img src='sikuli_captured/sikuliximage-1700570940838.png'/&gt;</msg>
<status status="PASS" starttime="20231121 09:48:57.704" endtime="20231121 09:49:00.850"/>
</kw>
<kw name="Screen Should Contain" library="SikuliLibrary">
<arg>${option_telaLogin.telaLogin}</arg>
<doc>Screen should contain</doc>
<msg timestamp="20231121 09:49:00.990" level="INFO" html="true">&lt;img src='sikuli_captured/sikuliximage-1700570940979.png'/&gt;</msg>
<status status="PASS" starttime="20231121 09:49:00.850" endtime="20231121 09:49:00.990"/>
</kw>
<status status="PASS" starttime="20231121 09:48:57.704" endtime="20231121 09:49:00.990"/>
</kw>
<status status="PASS" starttime="20231121 09:48:57.704" endtime="20231121 09:49:00.990"/>
</kw>
<kw name="No campo input E-mail adicionar o e-mail valido" library="kws_validar_header_tela_home">
<kw name="No campo input email, digite um email válido" library="kws_loginSucesso">
<kw name="Wait Until Screen Contain" library="SikuliLibrary">
<arg>${option_telaLogin.input_email}</arg>
<arg>${TIMEOUT.DEFAULT}</arg>
<doc>Wait until screen contain
 Wait until image shown in screen</doc>
<msg timestamp="20231121 09:49:01.107" level="INFO" html="true">&lt;img src='sikuli_captured/sikuliximage-1700570941105.png'/&gt;</msg>
<status status="PASS" starttime="20231121 09:49:00.992" endtime="20231121 09:49:01.108"/>
</kw>
<kw name="Input Text" library="SikuliLibrary">
<arg>${option_telaLogin.input_email}</arg>
<arg>${EMAIL}</arg>
<doc>Input text.
 Image could be empty</doc>
<msg timestamp="20231121 09:49:04.443" level="INFO">Input Text:
eduardograciebarra@gmail.com</msg>
<msg timestamp="20231121 09:49:04.443" level="INFO" html="true">&lt;img src='sikuli_captured/sikuliximage-1700570941214.png'/&gt;
[log] CLICK on L[957,476]@S(0) (559 msec)
[log]  TYPE "eduardograciebarra@gmail.com"</msg>
<status status="PASS" starttime="20231121 09:49:01.108" endtime="20231121 09:49:04.443"/>
</kw>
<status status="PASS" starttime="20231121 09:49:00.992" endtime="20231121 09:49:04.444"/>
</kw>
<status status="PASS" starttime="20231121 09:49:00.991" endtime="20231121 09:49:04.444"/>
</kw>
<kw name="No campo input senha digitar uma senha valida" library="kws_validar_header_tela_home">
<kw name="No campo inpuit senha, digite uma senha válida" library="kws_loginSucesso">
<kw name="Wait Until Screen Contain" library="SikuliLibrary">
<arg>${option_telaLogin.input_password}</arg>
<arg>${TIMEOUT.DEFAULT}</arg>
<doc>Wait until screen contain
 Wait until image shown in screen</doc>
<msg timestamp="20231121 09:49:04.564" level="INFO" html="true">&lt;img src='sikuli_captured/sikuliximage-1700570944554.png'/&gt;</msg>
<status status="PASS" starttime="20231121 09:49:04.444" endtime="20231121 09:49:04.564"/>
</kw>
<kw name="Input Text" library="SikuliLibrary">
<arg>${option_telaLogin.input_password}</arg>
<arg>${SENHA}</arg>
<doc>Input text.
 Image could be empty</doc>
<msg timestamp="20231121 09:49:06.064" level="INFO">Input Text:
teste123</msg>
<msg timestamp="20231121 09:49:06.064" level="INFO" html="true">&lt;img src='sikuli_captured/sikuliximage-1700570944678.png'/&gt;
[log] CLICK on L[957,558]@S(0) (560 msec)
[log]  TYPE "teste123"</msg>
<status status="PASS" starttime="20231121 09:49:04.565" endtime="20231121 09:49:06.064"/>
</kw>
<status status="PASS" starttime="20231121 09:49:04.444" endtime="20231121 09:49:06.065"/>
</kw>
<status status="PASS" starttime="20231121 09:49:04.444" endtime="20231121 09:49:06.065"/>
</kw>
<kw name="Clique no botão entrar" library="kws_validar_header_tela_home">
<kw name="Clique no botao Entrar" library="kws_loginSucesso">
<kw name="Wait Until Screen Contain" library="SikuliLibrary">
<arg>${option_telaLogin.btn_entrar}</arg>
<arg>${TIMEOUT.DEFAULT}</arg>
<doc>Wait until screen contain
 Wait until image shown in screen</doc>
<msg timestamp="20231121 09:49:06.177" level="INFO" html="true">&lt;img src='sikuli_captured/sikuliximage-1700570946174.png'/&gt;</msg>
<status status="PASS" starttime="20231121 09:49:06.065" endtime="20231121 09:49:06.177"/>
</kw>
<kw name="Click" library="SikuliLibrary">
<arg>${option_telaLogin.btn_entrar}</arg>
<doc>Click</doc>
<msg timestamp="20231121 09:49:06.921" level="INFO" html="true">&lt;img src='sikuli_captured/sikuliximage-1700570946282.png'/&gt;
[log] CLICK on L[957,665]@S(0) (556 msec)</msg>
<status status="PASS" starttime="20231121 09:49:06.177" endtime="20231121 09:49:06.921"/>
</kw>
<status status="PASS" starttime="20231121 09:49:06.065" endtime="20231121 09:49:06.921"/>
</kw>
<status status="PASS" starttime="20231121 09:49:06.065" endtime="20231121 09:49:06.921"/>
</kw>
<kw name="Verifico o header da tela home" library="kws_validar_header_tela_home">
<kw name="Ir para a tela Home" library="kws_loginSucesso">
<kw name="Wait Until Screen Contain" library="SikuliLibrary">
<arg>${option_telaHome.telaHome}</arg>
<arg>${TIMEOUT.DEFAULT}</arg>
<doc>Wait until screen contain
 Wait until image shown in screen</doc>
<msg timestamp="20231121 09:49:16.837" level="INFO" html="true">&lt;img src='sikuli_captured/sikuliximage-1700570956747.png'/&gt;</msg>
<status status="PASS" starttime="20231121 09:49:06.922" endtime="20231121 09:49:16.838"/>
</kw>
<kw name="Screen Should Contain" library="SikuliLibrary">
<arg>${option_telaHome.telaHome}</arg>
<doc>Screen should contain</doc>
<msg timestamp="20231121 09:49:17.078" level="INFO" html="true">&lt;img src='sikuli_captured/sikuliximage-1700570956995.png'/&gt;</msg>
<status status="PASS" starttime="20231121 09:49:16.838" endtime="20231121 09:49:17.078"/>
</kw>
<kw name="Capture Screen" library="SikuliLibrary">
<doc>Capture whole screen, file name is returned</doc>
<msg timestamp="20231121 09:49:17.191" level="INFO" html="true">&lt;img src='sikuli_captured/sikuliximage-1700570957105.png'/&gt;</msg>
<status status="PASS" starttime="20231121 09:49:17.079" endtime="20231121 09:49:17.191"/>
</kw>
<status status="PASS" starttime="20231121 09:49:06.922" endtime="20231121 09:49:17.191"/>
</kw>
<kw name="Wait Until Screen Contain" library="SikuliLibrary">
<arg>${option_telaHome.headerHome}</arg>
<arg>${TIMEOUT.DEFAULT}</arg>
<doc>Wait until screen contain
 Wait until image shown in screen</doc>
<msg timestamp="20231121 09:49:17.281" level="INFO" html="true">&lt;img src='sikuli_captured/sikuliximage-1700570957277.png'/&gt;</msg>
<status status="PASS" starttime="20231121 09:49:17.191" endtime="20231121 09:49:17.281"/>
</kw>
<kw name="Screen Should Contain" library="SikuliLibrary">
<arg>${option_telaHome.headerHome}</arg>
<doc>Screen should contain</doc>
<msg timestamp="20231121 09:49:17.375" level="INFO" html="true">&lt;img src='sikuli_captured/sikuliximage-1700570957372.png'/&gt;</msg>
<status status="PASS" starttime="20231121 09:49:17.282" endtime="20231121 09:49:17.375"/>
</kw>
<kw name="Capture Screen" library="SikuliLibrary">
<doc>Capture whole screen, file name is returned</doc>
<msg timestamp="20231121 09:49:17.489" level="INFO" html="true">&lt;img src='sikuli_captured/sikuliximage-1700570957403.png'/&gt;</msg>
<status status="PASS" starttime="20231121 09:49:17.376" endtime="20231121 09:49:17.489"/>
</kw>
<status status="PASS" starttime="20231121 09:49:06.921" endtime="20231121 09:49:17.489"/>
</kw>
<status status="PASS" starttime="20231121 09:48:57.703" endtime="20231121 09:49:17.491"/>
</test>
<status status="PASS" starttime="20231121 09:48:57.656" endtime="20231121 09:49:17.491"/>
</suite>
<suite id="s1-s1-s2-s2" name="TC3 Validar Menu Hamburger Tela Home" source="c:\PROJETOS\TESTES\ROBOT\SmartPOS\test\features\2-Tela home\TC3_Validar_Menu_Hamburger_Tela_Home.robot">
<kw name="Iniciar o sistema" library="hooks" type="SETUP">
<kw name="Carregar imagens do sistema" library="BaseImages">
<for flavor="IN">
<var>${dir}</var>
<value>@{IMAGE_DIR}</value>
<iter>
<var name="${dir}">src//auto//images</var>
<kw name="Add Image Path" library="SikuliLibrary">
<arg>${dir}</arg>
<doc>Add image path</doc>
<status status="PASS" starttime="20231121 09:49:17.498" endtime="20231121 09:49:17.501"/>
</kw>
<status status="PASS" starttime="20231121 09:49:17.498" endtime="20231121 09:49:17.501"/>
</iter>
<iter>
<var name="${dir}">src\auto\images\login</var>
<kw name="Add Image Path" library="SikuliLibrary">
<arg>${dir}</arg>
<doc>Add image path</doc>
<status status="PASS" starttime="20231121 09:49:17.502" endtime="20231121 09:49:17.503"/>
</kw>
<status status="PASS" starttime="20231121 09:49:17.501" endtime="20231121 09:49:17.503"/>
</iter>
<iter>
<var name="${dir}">src\auto\images\home</var>
<kw name="Add Image Path" library="SikuliLibrary">
<arg>${dir}</arg>
<doc>Add image path</doc>
<status status="PASS" starttime="20231121 09:49:17.503" endtime="20231121 09:49:17.506"/>
</kw>
<status status="PASS" starttime="20231121 09:49:17.503" endtime="20231121 09:49:17.506"/>
</iter>
<status status="PASS" starttime="20231121 09:49:17.498" endtime="20231121 09:49:17.506"/>
</for>
<status status="PASS" starttime="20231121 09:49:17.498" endtime="20231121 09:49:17.506"/>
</kw>
<kw name="Executar sistema SmartPdv" library="hooks">
<kw name="Open Application" library="SikuliLibrary">
<arg>D://Netpos//SmartPdv//SmartPdv.exe</arg>
<doc>Open application
 To open app with parameters, refer:
 https://sikulix-2014.readthedocs.io/en/latest/appclass.html#App.App</doc>
<status status="PASS" starttime="20231121 09:49:17.506" endtime="20231121 09:49:17.536"/>
</kw>
<status status="PASS" starttime="20231121 09:49:17.506" endtime="20231121 09:49:17.536"/>
</kw>
<status status="PASS" starttime="20231121 09:49:17.498" endtime="20231121 09:49:17.536"/>
</kw>
<test id="s1-s1-s2-s2-t1" name="Cenario 01 - Validar o menu Hamburger da Tela Home" line="8">
<kw name="Logar no sistema smartPOS" library="kws_validar_header_tela_home">
<kw name="Estar na tela de Login" library="kws_loginSucesso">
<kw name="Wait Until Screen Contain" library="SikuliLibrary">
<arg>${option_telaLogin.telaLogin}</arg>
<arg>${TIMEOUT.DEFAULT}</arg>
<doc>Wait until screen contain
 Wait until image shown in screen</doc>
<msg timestamp="20231121 09:49:22.346" level="INFO" html="true">&lt;img src='sikuli_captured/sikuliximage-1700570962326.png'/&gt;</msg>
<status status="PASS" starttime="20231121 09:49:17.537" endtime="20231121 09:49:22.346"/>
</kw>
<kw name="Screen Should Contain" library="SikuliLibrary">
<arg>${option_telaLogin.telaLogin}</arg>
<doc>Screen should contain</doc>
<msg timestamp="20231121 09:49:22.493" level="INFO" html="true">&lt;img src='sikuli_captured/sikuliximage-1700570962482.png'/&gt;</msg>
<status status="PASS" starttime="20231121 09:49:22.346" endtime="20231121 09:49:22.493"/>
</kw>
<status status="PASS" starttime="20231121 09:49:17.537" endtime="20231121 09:49:22.493"/>
</kw>
<status status="PASS" starttime="20231121 09:49:17.537" endtime="20231121 09:49:22.493"/>
</kw>
<kw name="No campo input E-mail adicionar o e-mail valido" library="kws_validar_header_tela_home">
<kw name="No campo input email, digite um email válido" library="kws_loginSucesso">
<kw name="Wait Until Screen Contain" library="SikuliLibrary">
<arg>${option_telaLogin.input_email}</arg>
<arg>${TIMEOUT.DEFAULT}</arg>
<doc>Wait until screen contain
 Wait until image shown in screen</doc>
<msg timestamp="20231121 09:49:22.608" level="INFO" html="true">&lt;img src='sikuli_captured/sikuliximage-1700570962606.png'/&gt;</msg>
<status status="PASS" starttime="20231121 09:49:22.494" endtime="20231121 09:49:22.609"/>
</kw>
<kw name="Input Text" library="SikuliLibrary">
<arg>${option_telaLogin.input_email}</arg>
<arg>${EMAIL}</arg>
<doc>Input text.
 Image could be empty</doc>
<msg timestamp="20231121 09:49:25.955" level="INFO">Input Text:
eduardograciebarra@gmail.com</msg>
<msg timestamp="20231121 09:49:25.955" level="INFO" html="true">&lt;img src='sikuli_captured/sikuliximage-1700570962716.png'/&gt;
[log] CLICK on L[957,476]@S(0) (561 msec)
[log]  TYPE "eduardograciebarra@gmail.com"</msg>
<status status="PASS" starttime="20231121 09:49:22.609" endtime="20231121 09:49:25.955"/>
</kw>
<status status="PASS" starttime="20231121 09:49:22.494" endtime="20231121 09:49:25.955"/>
</kw>
<status status="PASS" starttime="20231121 09:49:22.494" endtime="20231121 09:49:25.956"/>
</kw>
<kw name="No campo input senha digitar uma senha valida" library="kws_validar_header_tela_home">
<kw name="No campo inpuit senha, digite uma senha válida" library="kws_loginSucesso">
<kw name="Wait Until Screen Contain" library="SikuliLibrary">
<arg>${option_telaLogin.input_password}</arg>
<arg>${TIMEOUT.DEFAULT}</arg>
<doc>Wait until screen contain
 Wait until image shown in screen</doc>
<msg timestamp="20231121 09:49:26.084" level="INFO" html="true">&lt;img src='sikuli_captured/sikuliximage-1700570966082.png'/&gt;</msg>
<status status="PASS" starttime="20231121 09:49:25.956" endtime="20231121 09:49:26.084"/>
</kw>
<kw name="Input Text" library="SikuliLibrary">
<arg>${option_telaLogin.input_password}</arg>
<arg>${SENHA}</arg>
<doc>Input text.
 Image could be empty</doc>
<msg timestamp="20231121 09:49:27.592" level="INFO">Input Text:
teste123</msg>
<msg timestamp="20231121 09:49:27.592" level="INFO" html="true">&lt;img src='sikuli_captured/sikuliximage-1700570966193.png'/&gt;
[log] CLICK on L[957,558]@S(0) (561 msec)
[log]  TYPE "teste123"</msg>
<status status="PASS" starttime="20231121 09:49:26.084" endtime="20231121 09:49:27.592"/>
</kw>
<status status="PASS" starttime="20231121 09:49:25.956" endtime="20231121 09:49:27.592"/>
</kw>
<status status="PASS" starttime="20231121 09:49:25.956" endtime="20231121 09:49:27.592"/>
</kw>
<kw name="Clique no botão entrar" library="kws_validar_header_tela_home">
<kw name="Clique no botao Entrar" library="kws_loginSucesso">
<kw name="Wait Until Screen Contain" library="SikuliLibrary">
<arg>${option_telaLogin.btn_entrar}</arg>
<arg>${TIMEOUT.DEFAULT}</arg>
<doc>Wait until screen contain
 Wait until image shown in screen</doc>
<msg timestamp="20231121 09:49:27.715" level="INFO" html="true">&lt;img src='sikuli_captured/sikuliximage-1700570967705.png'/&gt;</msg>
<status status="PASS" starttime="20231121 09:49:27.593" endtime="20231121 09:49:27.715"/>
</kw>
<kw name="Click" library="SikuliLibrary">
<arg>${option_telaLogin.btn_entrar}</arg>
<doc>Click</doc>
<msg timestamp="20231121 09:49:28.450" level="INFO" html="true">&lt;img src='sikuli_captured/sikuliximage-1700570967814.png'/&gt;
[log] CLICK on L[957,665]@S(0) (554 msec)</msg>
<status status="PASS" starttime="20231121 09:49:27.716" endtime="20231121 09:49:28.450"/>
</kw>
<status status="PASS" starttime="20231121 09:49:27.593" endtime="20231121 09:49:28.451"/>
</kw>
<status status="PASS" starttime="20231121 09:49:27.593" endtime="20231121 09:49:28.451"/>
</kw>
<kw name="Verifico o menu hamburger da tela home" library="kws_validar_menu_hamburger_tela_home">
<kw name="Ir para a tela Home" library="kws_loginSucesso">
<kw name="Wait Until Screen Contain" library="SikuliLibrary">
<arg>${option_telaHome.telaHome}</arg>
<arg>${TIMEOUT.DEFAULT}</arg>
<doc>Wait until screen contain
 Wait until image shown in screen</doc>
<msg timestamp="20231121 09:49:38.014" level="INFO" html="true">&lt;img src='sikuli_captured/sikuliximage-1700570977923.png'/&gt;</msg>
<status status="PASS" starttime="20231121 09:49:28.452" endtime="20231121 09:49:38.014"/>
</kw>
<kw name="Screen Should Contain" library="SikuliLibrary">
<arg>${option_telaHome.telaHome}</arg>
<doc>Screen should contain</doc>
<msg timestamp="20231121 09:49:38.260" level="INFO" html="true">&lt;img src='sikuli_captured/sikuliximage-1700570978176.png'/&gt;</msg>
<status status="PASS" starttime="20231121 09:49:38.014" endtime="20231121 09:49:38.260"/>
</kw>
<kw name="Capture Screen" library="SikuliLibrary">
<doc>Capture whole screen, file name is returned</doc>
<msg timestamp="20231121 09:49:38.375" level="INFO" html="true">&lt;img src='sikuli_captured/sikuliximage-1700570978289.png'/&gt;</msg>
<status status="PASS" starttime="20231121 09:49:38.260" endtime="20231121 09:49:38.375"/>
</kw>
<status status="PASS" starttime="20231121 09:49:28.452" endtime="20231121 09:49:38.375"/>
</kw>
<kw name="Wait Until Screen Contain" library="SikuliLibrary">
<arg>${option_telaHome.menuHamburger}</arg>
<arg>${TIMEOUT.DEFAULT}</arg>
<doc>Wait until screen contain
 Wait until image shown in screen</doc>
<msg timestamp="20231121 09:49:38.498" level="INFO" html="true">&lt;img src='sikuli_captured/sikuliximage-1700570978491.png'/&gt;</msg>
<status status="PASS" starttime="20231121 09:49:38.375" endtime="20231121 09:49:38.498"/>
</kw>
<kw name="Screen Should Contain" library="SikuliLibrary">
<arg>${option_telaHome.menuHamburger}</arg>
<doc>Screen should contain</doc>
<msg timestamp="20231121 09:49:38.622" level="INFO" html="true">&lt;img src='sikuli_captured/sikuliximage-1700570978616.png'/&gt;</msg>
<status status="PASS" starttime="20231121 09:49:38.498" endtime="20231121 09:49:38.622"/>
</kw>
<kw name="Capture Screen" library="SikuliLibrary">
<doc>Capture whole screen, file name is returned</doc>
<msg timestamp="20231121 09:49:38.750" level="INFO" html="true">&lt;img src='sikuli_captured/sikuliximage-1700570978662.png'/&gt;</msg>
<status status="PASS" starttime="20231121 09:49:38.622" endtime="20231121 09:49:38.750"/>
</kw>
<status status="PASS" starttime="20231121 09:49:28.451" endtime="20231121 09:49:38.750"/>
</kw>
<status status="PASS" starttime="20231121 09:49:17.536" endtime="20231121 09:49:38.750"/>
</test>
<status status="PASS" starttime="20231121 09:49:17.492" endtime="20231121 09:49:38.751"/>
</suite>
<suite id="s1-s1-s2-s3" name="TC4 Validar Banner Tela Home" source="c:\PROJETOS\TESTES\ROBOT\SmartPOS\test\features\2-Tela home\TC4_Validar_Banner_Tela_Home.robot">
<kw name="Iniciar o sistema" library="hooks" type="SETUP">
<kw name="Carregar imagens do sistema" library="BaseImages">
<for flavor="IN">
<var>${dir}</var>
<value>@{IMAGE_DIR}</value>
<iter>
<var name="${dir}">src//auto//images</var>
<kw name="Add Image Path" library="SikuliLibrary">
<arg>${dir}</arg>
<doc>Add image path</doc>
<status status="PASS" starttime="20231121 09:49:38.758" endtime="20231121 09:49:38.760"/>
</kw>
<status status="PASS" starttime="20231121 09:49:38.758" endtime="20231121 09:49:38.760"/>
</iter>
<iter>
<var name="${dir}">src\auto\images\login</var>
<kw name="Add Image Path" library="SikuliLibrary">
<arg>${dir}</arg>
<doc>Add image path</doc>
<status status="PASS" starttime="20231121 09:49:38.761" endtime="20231121 09:49:38.763"/>
</kw>
<status status="PASS" starttime="20231121 09:49:38.760" endtime="20231121 09:49:38.763"/>
</iter>
<iter>
<var name="${dir}">src\auto\images\home</var>
<kw name="Add Image Path" library="SikuliLibrary">
<arg>${dir}</arg>
<doc>Add image path</doc>
<status status="PASS" starttime="20231121 09:49:38.763" endtime="20231121 09:49:38.764"/>
</kw>
<status status="PASS" starttime="20231121 09:49:38.763" endtime="20231121 09:49:38.764"/>
</iter>
<status status="PASS" starttime="20231121 09:49:38.758" endtime="20231121 09:49:38.764"/>
</for>
<status status="PASS" starttime="20231121 09:49:38.757" endtime="20231121 09:49:38.764"/>
</kw>
<kw name="Executar sistema SmartPdv" library="hooks">
<kw name="Open Application" library="SikuliLibrary">
<arg>D://Netpos//SmartPdv//SmartPdv.exe</arg>
<doc>Open application
 To open app with parameters, refer:
 https://sikulix-2014.readthedocs.io/en/latest/appclass.html#App.App</doc>
<status status="PASS" starttime="20231121 09:49:38.764" endtime="20231121 09:49:38.789"/>
</kw>
<status status="PASS" starttime="20231121 09:49:38.764" endtime="20231121 09:49:38.789"/>
</kw>
<status status="PASS" starttime="20231121 09:49:38.757" endtime="20231121 09:49:38.789"/>
</kw>
<test id="s1-s1-s2-s3-t1" name="Cenário 01 - Validar Banner da Tela Home" line="8">
<kw name="Logar no sistema smartPOS" library="kws_validar_header_tela_home">
<kw name="Estar na tela de Login" library="kws_loginSucesso">
<kw name="Wait Until Screen Contain" library="SikuliLibrary">
<arg>${option_telaLogin.telaLogin}</arg>
<arg>${TIMEOUT.DEFAULT}</arg>
<doc>Wait until screen contain
 Wait until image shown in screen</doc>
<msg timestamp="20231121 09:49:44.604" level="INFO" html="true">&lt;img src='sikuli_captured/sikuliximage-1700570984593.png'/&gt;</msg>
<status status="PASS" starttime="20231121 09:49:38.791" endtime="20231121 09:49:44.604"/>
</kw>
<kw name="Screen Should Contain" library="SikuliLibrary">
<arg>${option_telaLogin.telaLogin}</arg>
<doc>Screen should contain</doc>
<msg timestamp="20231121 09:49:44.744" level="INFO" html="true">&lt;img src='sikuli_captured/sikuliximage-1700570984734.png'/&gt;</msg>
<status status="PASS" starttime="20231121 09:49:44.604" endtime="20231121 09:49:44.744"/>
</kw>
<status status="PASS" starttime="20231121 09:49:38.791" endtime="20231121 09:49:44.745"/>
</kw>
<status status="PASS" starttime="20231121 09:49:38.791" endtime="20231121 09:49:44.745"/>
</kw>
<kw name="No campo input E-mail adicionar o e-mail valido" library="kws_validar_header_tela_home">
<kw name="No campo input email, digite um email válido" library="kws_loginSucesso">
<kw name="Wait Until Screen Contain" library="SikuliLibrary">
<arg>${option_telaLogin.input_email}</arg>
<arg>${TIMEOUT.DEFAULT}</arg>
<doc>Wait until screen contain
 Wait until image shown in screen</doc>
<msg timestamp="20231121 09:49:44.862" level="INFO" html="true">&lt;img src='sikuli_captured/sikuliximage-1700570984859.png'/&gt;</msg>
<status status="PASS" starttime="20231121 09:49:44.745" endtime="20231121 09:49:44.862"/>
</kw>
<kw name="Input Text" library="SikuliLibrary">
<arg>${option_telaLogin.input_email}</arg>
<arg>${EMAIL}</arg>
<doc>Input text.
 Image could be empty</doc>
<msg timestamp="20231121 09:49:48.166" level="INFO">Input Text:
eduardograciebarra@gmail.com</msg>
<msg timestamp="20231121 09:49:48.166" level="INFO" html="true">&lt;img src='sikuli_captured/sikuliximage-1700570984968.png'/&gt;
[log] CLICK on L[957,476]@S(0) (565 msec)
[log]  TYPE "eduardograciebarra@gmail.com"</msg>
<status status="PASS" starttime="20231121 09:49:44.862" endtime="20231121 09:49:48.166"/>
</kw>
<status status="PASS" starttime="20231121 09:49:44.745" endtime="20231121 09:49:48.166"/>
</kw>
<status status="PASS" starttime="20231121 09:49:44.745" endtime="20231121 09:49:48.166"/>
</kw>
<kw name="No campo input senha digitar uma senha valida" library="kws_validar_header_tela_home">
<kw name="No campo inpuit senha, digite uma senha válida" library="kws_loginSucesso">
<kw name="Wait Until Screen Contain" library="SikuliLibrary">
<arg>${option_telaLogin.input_password}</arg>
<arg>${TIMEOUT.DEFAULT}</arg>
<doc>Wait until screen contain
 Wait until image shown in screen</doc>
<msg timestamp="20231121 09:49:48.280" level="INFO" html="true">&lt;img src='sikuli_captured/sikuliximage-1700570988278.png'/&gt;</msg>
<status status="PASS" starttime="20231121 09:49:48.168" endtime="20231121 09:49:48.280"/>
</kw>
<kw name="Input Text" library="SikuliLibrary">
<arg>${option_telaLogin.input_password}</arg>
<arg>${SENHA}</arg>
<doc>Input text.
 Image could be empty</doc>
<msg timestamp="20231121 09:49:49.788" level="INFO">Input Text:
teste123</msg>
<msg timestamp="20231121 09:49:49.788" level="INFO" html="true">&lt;img src='sikuli_captured/sikuliximage-1700570988389.png'/&gt;
[log] CLICK on L[957,558]@S(0) (567 msec)
[log]  TYPE "teste123"</msg>
<status status="PASS" starttime="20231121 09:49:48.281" endtime="20231121 09:49:49.788"/>
</kw>
<status status="PASS" starttime="20231121 09:49:48.168" endtime="20231121 09:49:49.789"/>
</kw>
<status status="PASS" starttime="20231121 09:49:48.166" endtime="20231121 09:49:49.789"/>
</kw>
<kw name="Clique no botão entrar" library="kws_validar_header_tela_home">
<kw name="Clique no botao Entrar" library="kws_loginSucesso">
<kw name="Wait Until Screen Contain" library="SikuliLibrary">
<arg>${option_telaLogin.btn_entrar}</arg>
<arg>${TIMEOUT.DEFAULT}</arg>
<doc>Wait until screen contain
 Wait until image shown in screen</doc>
<msg timestamp="20231121 09:49:49.903" level="INFO" html="true">&lt;img src='sikuli_captured/sikuliximage-1700570989900.png'/&gt;</msg>
<status status="PASS" starttime="20231121 09:49:49.789" endtime="20231121 09:49:49.903"/>
</kw>
<kw name="Click" library="SikuliLibrary">
<arg>${option_telaLogin.btn_entrar}</arg>
<doc>Click</doc>
<msg timestamp="20231121 09:49:50.647" level="INFO" html="true">&lt;img src='sikuli_captured/sikuliximage-1700570990011.png'/&gt;
[log] CLICK on L[957,665]@S(0) (557 msec)</msg>
<status status="PASS" starttime="20231121 09:49:49.903" endtime="20231121 09:49:50.647"/>
</kw>
<status status="PASS" starttime="20231121 09:49:49.789" endtime="20231121 09:49:50.647"/>
</kw>
<status status="PASS" starttime="20231121 09:49:49.789" endtime="20231121 09:49:50.647"/>
</kw>
<kw name="Verifico o banner da tela home" library="kws_validar_banner_tela_home">
<kw name="Ir para a tela Home" library="kws_loginSucesso">
<kw name="Wait Until Screen Contain" library="SikuliLibrary">
<arg>${option_telaHome.telaHome}</arg>
<arg>${TIMEOUT.DEFAULT}</arg>
<doc>Wait until screen contain
 Wait until image shown in screen</doc>
<msg timestamp="20231121 09:49:59.868" level="INFO" html="true">&lt;img src='sikuli_captured/sikuliximage-1700570999787.png'/&gt;</msg>
<status status="PASS" starttime="20231121 09:49:50.648" endtime="20231121 09:49:59.868"/>
</kw>
<kw name="Screen Should Contain" library="SikuliLibrary">
<arg>${option_telaHome.telaHome}</arg>
<doc>Screen should contain</doc>
<msg timestamp="20231121 09:50:00.123" level="INFO" html="true">&lt;img src='sikuli_captured/sikuliximage-1700571000033.png'/&gt;</msg>
<status status="PASS" starttime="20231121 09:49:59.868" endtime="20231121 09:50:00.123"/>
</kw>
<kw name="Capture Screen" library="SikuliLibrary">
<doc>Capture whole screen, file name is returned</doc>
<msg timestamp="20231121 09:50:00.243" level="INFO" html="true">&lt;img src='sikuli_captured/sikuliximage-1700571000158.png'/&gt;</msg>
<status status="PASS" starttime="20231121 09:50:00.124" endtime="20231121 09:50:00.243"/>
</kw>
<status status="PASS" starttime="20231121 09:49:50.648" endtime="20231121 09:50:00.243"/>
</kw>
<kw name="Wait Until Screen Contain" library="SikuliLibrary">
<arg>${option_telaHome.banner}</arg>
<arg>${TIMEOUT.DEFAULT}</arg>
<doc>Wait until screen contain
 Wait until image shown in screen</doc>
<msg timestamp="20231121 09:50:00.380" level="INFO" html="true">&lt;img src='sikuli_captured/sikuliximage-1700571000377.png'/&gt;</msg>
<status status="PASS" starttime="20231121 09:50:00.244" endtime="20231121 09:50:00.381"/>
</kw>
<kw name="Screen Should Contain" library="SikuliLibrary">
<arg>${option_telaHome.banner}</arg>
<doc>Screen should contain</doc>
<msg timestamp="20231121 09:50:00.505" level="INFO" html="true">&lt;img src='sikuli_captured/sikuliximage-1700571000501.png'/&gt;</msg>
<status status="PASS" starttime="20231121 09:50:00.381" endtime="20231121 09:50:00.505"/>
</kw>
<kw name="Capture Screen" library="SikuliLibrary">
<doc>Capture whole screen, file name is returned</doc>
<msg timestamp="20231121 09:50:00.624" level="INFO" html="true">&lt;img src='sikuli_captured/sikuliximage-1700571000534.png'/&gt;</msg>
<status status="PASS" starttime="20231121 09:50:00.506" endtime="20231121 09:50:00.625"/>
</kw>
<status status="PASS" starttime="20231121 09:49:50.648" endtime="20231121 09:50:00.625"/>
</kw>
<status status="PASS" starttime="20231121 09:49:38.789" endtime="20231121 09:50:00.625"/>
</test>
<status status="PASS" starttime="20231121 09:49:38.752" endtime="20231121 09:50:00.626"/>
</suite>
<suite id="s1-s1-s2-s4" name="TC5 validar botao AGORA NAO Tela Home" source="c:\PROJETOS\TESTES\ROBOT\SmartPOS\test\features\2-Tela home\TC5_validar_botao_AGORA_NAO_Tela_Home.robot">
<kw name="Iniciar o sistema" library="hooks" type="SETUP">
<kw name="Carregar imagens do sistema" library="BaseImages">
<for flavor="IN">
<var>${dir}</var>
<value>@{IMAGE_DIR}</value>
<iter>
<var name="${dir}">src//auto//images</var>
<kw name="Add Image Path" library="SikuliLibrary">
<arg>${dir}</arg>
<doc>Add image path</doc>
<status status="PASS" starttime="20231121 09:50:00.633" endtime="20231121 09:50:00.636"/>
</kw>
<status status="PASS" starttime="20231121 09:50:00.633" endtime="20231121 09:50:00.636"/>
</iter>
<iter>
<var name="${dir}">src\auto\images\login</var>
<kw name="Add Image Path" library="SikuliLibrary">
<arg>${dir}</arg>
<doc>Add image path</doc>
<status status="PASS" starttime="20231121 09:50:00.636" endtime="20231121 09:50:00.637"/>
</kw>
<status status="PASS" starttime="20231121 09:50:00.636" endtime="20231121 09:50:00.638"/>
</iter>
<iter>
<var name="${dir}">src\auto\images\home</var>
<kw name="Add Image Path" library="SikuliLibrary">
<arg>${dir}</arg>
<doc>Add image path</doc>
<status status="PASS" starttime="20231121 09:50:00.638" endtime="20231121 09:50:00.639"/>
</kw>
<status status="PASS" starttime="20231121 09:50:00.638" endtime="20231121 09:50:00.639"/>
</iter>
<status status="PASS" starttime="20231121 09:50:00.633" endtime="20231121 09:50:00.639"/>
</for>
<status status="PASS" starttime="20231121 09:50:00.632" endtime="20231121 09:50:00.640"/>
</kw>
<kw name="Executar sistema SmartPdv" library="hooks">
<kw name="Open Application" library="SikuliLibrary">
<arg>D://Netpos//SmartPdv//SmartPdv.exe</arg>
<doc>Open application
 To open app with parameters, refer:
 https://sikulix-2014.readthedocs.io/en/latest/appclass.html#App.App</doc>
<status status="PASS" starttime="20231121 09:50:00.640" endtime="20231121 09:50:00.664"/>
</kw>
<status status="PASS" starttime="20231121 09:50:00.640" endtime="20231121 09:50:00.665"/>
</kw>
<status status="PASS" starttime="20231121 09:50:00.632" endtime="20231121 09:50:00.665"/>
</kw>
<test id="s1-s1-s2-s4-t1" name="Cenário 01 - Validar botâo AGORA NAO do banner da tela home" line="8">
<kw name="Logar no sistema smartPOS" library="kws_validar_header_tela_home">
<kw name="Estar na tela de Login" library="kws_loginSucesso">
<kw name="Wait Until Screen Contain" library="SikuliLibrary">
<arg>${option_telaLogin.telaLogin}</arg>
<arg>${TIMEOUT.DEFAULT}</arg>
<doc>Wait until screen contain
 Wait until image shown in screen</doc>
<msg timestamp="20231121 09:50:04.473" level="INFO" html="true">&lt;img src='sikuli_captured/sikuliximage-1700571004461.png'/&gt;</msg>
<status status="PASS" starttime="20231121 09:50:00.666" endtime="20231121 09:50:04.473"/>
</kw>
<kw name="Screen Should Contain" library="SikuliLibrary">
<arg>${option_telaLogin.telaLogin}</arg>
<doc>Screen should contain</doc>
<msg timestamp="20231121 09:50:04.612" level="INFO" html="true">&lt;img src='sikuli_captured/sikuliximage-1700571004602.png'/&gt;</msg>
<status status="PASS" starttime="20231121 09:50:04.473" endtime="20231121 09:50:04.613"/>
</kw>
<status status="PASS" starttime="20231121 09:50:00.665" endtime="20231121 09:50:04.613"/>
</kw>
<status status="PASS" starttime="20231121 09:50:00.665" endtime="20231121 09:50:04.613"/>
</kw>
<kw name="No campo input E-mail adicionar o e-mail valido" library="kws_validar_header_tela_home">
<kw name="No campo input email, digite um email válido" library="kws_loginSucesso">
<kw name="Wait Until Screen Contain" library="SikuliLibrary">
<arg>${option_telaLogin.input_email}</arg>
<arg>${TIMEOUT.DEFAULT}</arg>
<doc>Wait until screen contain
 Wait until image shown in screen</doc>
<msg timestamp="20231121 09:50:04.729" level="INFO" html="true">&lt;img src='sikuli_captured/sikuliximage-1700571004727.png'/&gt;</msg>
<status status="PASS" starttime="20231121 09:50:04.613" endtime="20231121 09:50:04.729"/>
</kw>
<kw name="Input Text" library="SikuliLibrary">
<arg>${option_telaLogin.input_email}</arg>
<arg>${EMAIL}</arg>
<doc>Input text.
 Image could be empty</doc>
<msg timestamp="20231121 09:50:08.067" level="INFO">Input Text:
eduardograciebarra@gmail.com</msg>
<msg timestamp="20231121 09:50:08.067" level="INFO" html="true">&lt;img src='sikuli_captured/sikuliximage-1700571004836.png'/&gt;
[log] CLICK on L[957,476]@S(0) (567 msec)
[log]  TYPE "eduardograciebarra@gmail.com"</msg>
<status status="PASS" starttime="20231121 09:50:04.729" endtime="20231121 09:50:08.067"/>
</kw>
<status status="PASS" starttime="20231121 09:50:04.613" endtime="20231121 09:50:08.067"/>
</kw>
<status status="PASS" starttime="20231121 09:50:04.613" endtime="20231121 09:50:08.068"/>
</kw>
<kw name="No campo input senha digitar uma senha valida" library="kws_validar_header_tela_home">
<kw name="No campo inpuit senha, digite uma senha válida" library="kws_loginSucesso">
<kw name="Wait Until Screen Contain" library="SikuliLibrary">
<arg>${option_telaLogin.input_password}</arg>
<arg>${TIMEOUT.DEFAULT}</arg>
<doc>Wait until screen contain
 Wait until image shown in screen</doc>
<msg timestamp="20231121 09:50:08.189" level="INFO" html="true">&lt;img src='sikuli_captured/sikuliximage-1700571008178.png'/&gt;</msg>
<status status="PASS" starttime="20231121 09:50:08.068" endtime="20231121 09:50:08.189"/>
</kw>
<kw name="Input Text" library="SikuliLibrary">
<arg>${option_telaLogin.input_password}</arg>
<arg>${SENHA}</arg>
<doc>Input text.
 Image could be empty</doc>
<msg timestamp="20231121 09:50:09.688" level="INFO">Input Text:
teste123</msg>
<msg timestamp="20231121 09:50:09.688" level="INFO" html="true">&lt;img src='sikuli_captured/sikuliximage-1700571008302.png'/&gt;
[log] CLICK on L[957,558]@S(0) (562 msec)
[log]  TYPE "teste123"</msg>
<status status="PASS" starttime="20231121 09:50:08.190" endtime="20231121 09:50:09.688"/>
</kw>
<status status="PASS" starttime="20231121 09:50:08.068" endtime="20231121 09:50:09.688"/>
</kw>
<status status="PASS" starttime="20231121 09:50:08.068" endtime="20231121 09:50:09.688"/>
</kw>
<kw name="Clique no botão entrar" library="kws_validar_header_tela_home">
<kw name="Clique no botao Entrar" library="kws_loginSucesso">
<kw name="Wait Until Screen Contain" library="SikuliLibrary">
<arg>${option_telaLogin.btn_entrar}</arg>
<arg>${TIMEOUT.DEFAULT}</arg>
<doc>Wait until screen contain
 Wait until image shown in screen</doc>
<msg timestamp="20231121 09:50:09.812" level="INFO" html="true">&lt;img src='sikuli_captured/sikuliximage-1700571009802.png'/&gt;</msg>
<status status="PASS" starttime="20231121 09:50:09.689" endtime="20231121 09:50:09.812"/>
</kw>
<kw name="Click" library="SikuliLibrary">
<arg>${option_telaLogin.btn_entrar}</arg>
<doc>Click</doc>
<msg timestamp="20231121 09:50:10.562" level="INFO" html="true">&lt;img src='sikuli_captured/sikuliximage-1700571009926.png'/&gt;
[log] CLICK on L[957,665]@S(0) (555 msec)</msg>
<status status="PASS" starttime="20231121 09:50:09.812" endtime="20231121 09:50:10.562"/>
</kw>
<status status="PASS" starttime="20231121 09:50:09.689" endtime="20231121 09:50:10.562"/>
</kw>
<status status="PASS" starttime="20231121 09:50:09.689" endtime="20231121 09:50:10.562"/>
</kw>
<kw name="Verifico o banner da tela home" library="kws_validar_banner_tela_home">
<kw name="Ir para a tela Home" library="kws_loginSucesso">
<kw name="Wait Until Screen Contain" library="SikuliLibrary">
<arg>${option_telaHome.telaHome}</arg>
<arg>${TIMEOUT.DEFAULT}</arg>
<doc>Wait until screen contain
 Wait until image shown in screen</doc>
<msg timestamp="20231121 09:50:20.472" level="INFO" html="true">&lt;img src='sikuli_captured/sikuliximage-1700571020391.png'/&gt;</msg>
<status status="PASS" starttime="20231121 09:50:10.563" endtime="20231121 09:50:20.472"/>
</kw>
<kw name="Screen Should Contain" library="SikuliLibrary">
<arg>${option_telaHome.telaHome}</arg>
<doc>Screen should contain</doc>
<msg timestamp="20231121 09:50:20.724" level="INFO" html="true">&lt;img src='sikuli_captured/sikuliximage-1700571020643.png'/&gt;</msg>
<status status="PASS" starttime="20231121 09:50:20.473" endtime="20231121 09:50:20.724"/>
</kw>
<kw name="Capture Screen" library="SikuliLibrary">
<doc>Capture whole screen, file name is returned</doc>
<msg timestamp="20231121 09:50:20.855" level="INFO" html="true">&lt;img src='sikuli_captured/sikuliximage-1700571020768.png'/&gt;</msg>
<status status="PASS" starttime="20231121 09:50:20.724" endtime="20231121 09:50:20.855"/>
</kw>
<status status="PASS" starttime="20231121 09:50:10.563" endtime="20231121 09:50:20.855"/>
</kw>
<kw name="Wait Until Screen Contain" library="SikuliLibrary">
<arg>${option_telaHome.banner}</arg>
<arg>${TIMEOUT.DEFAULT}</arg>
<doc>Wait until screen contain
 Wait until image shown in screen</doc>
<msg timestamp="20231121 09:50:20.987" level="INFO" html="true">&lt;img src='sikuli_captured/sikuliximage-1700571020983.png'/&gt;</msg>
<status status="PASS" starttime="20231121 09:50:20.855" endtime="20231121 09:50:20.987"/>
</kw>
<kw name="Screen Should Contain" library="SikuliLibrary">
<arg>${option_telaHome.banner}</arg>
<doc>Screen should contain</doc>
<msg timestamp="20231121 09:50:21.112" level="INFO" html="true">&lt;img src='sikuli_captured/sikuliximage-1700571021109.png'/&gt;</msg>
<status status="PASS" starttime="20231121 09:50:20.987" endtime="20231121 09:50:21.113"/>
</kw>
<kw name="Capture Screen" library="SikuliLibrary">
<doc>Capture whole screen, file name is returned</doc>
<msg timestamp="20231121 09:50:21.228" level="INFO" html="true">&lt;img src='sikuli_captured/sikuliximage-1700571021142.png'/&gt;</msg>
<status status="PASS" starttime="20231121 09:50:21.113" endtime="20231121 09:50:21.228"/>
</kw>
<status status="PASS" starttime="20231121 09:50:10.562" endtime="20231121 09:50:21.228"/>
</kw>
<kw name="Clique no botão &quot;AGORA NÂO&quot; do banner" library="kws_validar_botao_AGORA_NAO_Tela_Home">
<kw name="Ir para a tela Home" library="kws_loginSucesso">
<kw name="Wait Until Screen Contain" library="SikuliLibrary">
<arg>${option_telaHome.telaHome}</arg>
<arg>${TIMEOUT.DEFAULT}</arg>
<doc>Wait until screen contain
 Wait until image shown in screen</doc>
<msg timestamp="20231121 09:50:21.495" level="INFO" html="true">&lt;img src='sikuli_captured/sikuliximage-1700571021405.png'/&gt;</msg>
<status status="PASS" starttime="20231121 09:50:21.229" endtime="20231121 09:50:21.495"/>
</kw>
<kw name="Screen Should Contain" library="SikuliLibrary">
<arg>${option_telaHome.telaHome}</arg>
<doc>Screen should contain</doc>
<msg timestamp="20231121 09:50:21.762" level="INFO" html="true">&lt;img src='sikuli_captured/sikuliximage-1700571021672.png'/&gt;</msg>
<status status="PASS" starttime="20231121 09:50:21.495" endtime="20231121 09:50:21.762"/>
</kw>
<kw name="Capture Screen" library="SikuliLibrary">
<doc>Capture whole screen, file name is returned</doc>
<msg timestamp="20231121 09:50:21.888" level="INFO" html="true">&lt;img src='sikuli_captured/sikuliximage-1700571021798.png'/&gt;</msg>
<status status="PASS" starttime="20231121 09:50:21.762" endtime="20231121 09:50:21.888"/>
</kw>
<status status="PASS" starttime="20231121 09:50:21.229" endtime="20231121 09:50:21.888"/>
</kw>
<kw name="Wait Until Screen Contain" library="SikuliLibrary">
<arg>${option_telaHome.btn_agoraNao_banner}</arg>
<arg>${TIMEOUT.DEFAULT}</arg>
<doc>Wait until screen contain
 Wait until image shown in screen</doc>
<msg timestamp="20231121 09:50:22.003" level="INFO" html="true">&lt;img src='sikuli_captured/sikuliximage-1700571022002.png'/&gt;</msg>
<status status="PASS" starttime="20231121 09:50:21.888" endtime="20231121 09:50:22.003"/>
</kw>
<kw name="Click" library="SikuliLibrary">
<arg>${option_telaHome.btn_agoraNao_banner}</arg>
<doc>Click</doc>
<msg timestamp="20231121 09:50:22.777" level="INFO" html="true">&lt;img src='sikuli_captured/sikuliximage-1700571022127.png'/&gt;
[log] CLICK on L[228,987]@S(0) (551 msec)</msg>
<status status="PASS" starttime="20231121 09:50:22.003" endtime="20231121 09:50:22.777"/>
</kw>
<kw name="Screen Should Not Contain" library="SikuliLibrary">
<arg>${option_telaHome.btn_agoraNao_banner}</arg>
<doc>Screen should not contain
 Screen should not contain image</doc>
<msg timestamp="20231121 09:50:22.887" level="INFO">Could not find P(btnAgoraNaoBanner.png) S: 0.699999988079071</msg>
<status status="PASS" starttime="20231121 09:50:22.778" endtime="20231121 09:50:22.887"/>
</kw>
<kw name="Capture Screen" library="SikuliLibrary">
<doc>Capture whole screen, file name is returned</doc>
<msg timestamp="20231121 09:50:23.022" level="INFO" html="true">&lt;img src='sikuli_captured/sikuliximage-1700571022936.png'/&gt;</msg>
<status status="PASS" starttime="20231121 09:50:22.887" endtime="20231121 09:50:23.022"/>
</kw>
<status status="PASS" starttime="20231121 09:50:21.228" endtime="20231121 09:50:23.022"/>
</kw>
<status status="PASS" starttime="20231121 09:50:00.665" endtime="20231121 09:50:23.023"/>
</test>
<status status="PASS" starttime="20231121 09:50:00.626" endtime="20231121 09:50:23.023"/>
</suite>
<suite id="s1-s1-s2-s5" name="TC6 Validar botao CONFIRA Tela Home" source="c:\PROJETOS\TESTES\ROBOT\SmartPOS\test\features\2-Tela home\TC6_Validar_botao_CONFIRA_Tela_Home.robot">
<kw name="Iniciar o sistema" library="hooks" type="SETUP">
<kw name="Carregar imagens do sistema" library="BaseImages">
<for flavor="IN">
<var>${dir}</var>
<value>@{IMAGE_DIR}</value>
<iter>
<var name="${dir}">src//auto//images</var>
<kw name="Add Image Path" library="SikuliLibrary">
<arg>${dir}</arg>
<doc>Add image path</doc>
<status status="PASS" starttime="20231121 09:50:23.031" endtime="20231121 09:50:23.033"/>
</kw>
<status status="PASS" starttime="20231121 09:50:23.031" endtime="20231121 09:50:23.033"/>
</iter>
<iter>
<var name="${dir}">src\auto\images\login</var>
<kw name="Add Image Path" library="SikuliLibrary">
<arg>${dir}</arg>
<doc>Add image path</doc>
<status status="PASS" starttime="20231121 09:50:23.033" endtime="20231121 09:50:23.035"/>
</kw>
<status status="PASS" starttime="20231121 09:50:23.033" endtime="20231121 09:50:23.035"/>
</iter>
<iter>
<var name="${dir}">src\auto\images\home</var>
<kw name="Add Image Path" library="SikuliLibrary">
<arg>${dir}</arg>
<doc>Add image path</doc>
<status status="PASS" starttime="20231121 09:50:23.035" endtime="20231121 09:50:23.038"/>
</kw>
<status status="PASS" starttime="20231121 09:50:23.035" endtime="20231121 09:50:23.038"/>
</iter>
<status status="PASS" starttime="20231121 09:50:23.031" endtime="20231121 09:50:23.038"/>
</for>
<status status="PASS" starttime="20231121 09:50:23.031" endtime="20231121 09:50:23.038"/>
</kw>
<kw name="Executar sistema SmartPdv" library="hooks">
<kw name="Open Application" library="SikuliLibrary">
<arg>D://Netpos//SmartPdv//SmartPdv.exe</arg>
<doc>Open application
 To open app with parameters, refer:
 https://sikulix-2014.readthedocs.io/en/latest/appclass.html#App.App</doc>
<status status="PASS" starttime="20231121 09:50:23.038" endtime="20231121 09:50:23.067"/>
</kw>
<status status="PASS" starttime="20231121 09:50:23.038" endtime="20231121 09:50:23.067"/>
</kw>
<status status="PASS" starttime="20231121 09:50:23.031" endtime="20231121 09:50:23.067"/>
</kw>
<test id="s1-s1-s2-s5-t1" name="Cenário 01 - Validar o botao CONFIRA do banner da tela home" line="8">
<kw name="Logar no sistema smartPOS" library="kws_validar_header_tela_home">
<kw name="Estar na tela de Login" library="kws_loginSucesso">
<kw name="Wait Until Screen Contain" library="SikuliLibrary">
<arg>${option_telaLogin.telaLogin}</arg>
<arg>${TIMEOUT.DEFAULT}</arg>
<doc>Wait until screen contain
 Wait until image shown in screen</doc>
<msg timestamp="20231121 09:50:32.234" level="INFO" html="true">&lt;img src='sikuli_captured/sikuliximage-1700571032216.png'/&gt;</msg>
<status status="PASS" starttime="20231121 09:50:23.068" endtime="20231121 09:50:32.234"/>
</kw>
<kw name="Screen Should Contain" library="SikuliLibrary">
<arg>${option_telaLogin.telaLogin}</arg>
<doc>Screen should contain</doc>
<msg timestamp="20231121 09:50:32.384" level="INFO" html="true">&lt;img src='sikuli_captured/sikuliximage-1700571032373.png'/&gt;</msg>
<status status="PASS" starttime="20231121 09:50:32.235" endtime="20231121 09:50:32.384"/>
</kw>
<status status="PASS" starttime="20231121 09:50:23.068" endtime="20231121 09:50:32.384"/>
</kw>
<status status="PASS" starttime="20231121 09:50:23.068" endtime="20231121 09:50:32.384"/>
</kw>
<kw name="No campo input E-mail adicionar o e-mail valido" library="kws_validar_header_tela_home">
<kw name="No campo input email, digite um email válido" library="kws_loginSucesso">
<kw name="Wait Until Screen Contain" library="SikuliLibrary">
<arg>${option_telaLogin.input_email}</arg>
<arg>${TIMEOUT.DEFAULT}</arg>
<doc>Wait until screen contain
 Wait until image shown in screen</doc>
<msg timestamp="20231121 09:50:32.486" level="INFO" html="true">&lt;img src='sikuli_captured/sikuliximage-1700571032483.png'/&gt;</msg>
<status status="PASS" starttime="20231121 09:50:32.385" endtime="20231121 09:50:32.486"/>
</kw>
<kw name="Input Text" library="SikuliLibrary">
<arg>${option_telaLogin.input_email}</arg>
<arg>${EMAIL}</arg>
<doc>Input text.
 Image could be empty</doc>
<msg timestamp="20231121 09:50:35.825" level="INFO">Input Text:
eduardograciebarra@gmail.com</msg>
<msg timestamp="20231121 09:50:35.825" level="INFO" html="true">&lt;img src='sikuli_captured/sikuliximage-1700571032592.png'/&gt;
[log] CLICK on L[957,476]@S(0) (568 msec)
[log]  TYPE "eduardograciebarra@gmail.com"</msg>
<status status="PASS" starttime="20231121 09:50:32.486" endtime="20231121 09:50:35.825"/>
</kw>
<status status="PASS" starttime="20231121 09:50:32.385" endtime="20231121 09:50:35.825"/>
</kw>
<status status="PASS" starttime="20231121 09:50:32.385" endtime="20231121 09:50:35.825"/>
</kw>
<kw name="No campo input senha digitar uma senha valida" library="kws_validar_header_tela_home">
<kw name="No campo inpuit senha, digite uma senha válida" library="kws_loginSucesso">
<kw name="Wait Until Screen Contain" library="SikuliLibrary">
<arg>${option_telaLogin.input_password}</arg>
<arg>${TIMEOUT.DEFAULT}</arg>
<doc>Wait until screen contain
 Wait until image shown in screen</doc>
<msg timestamp="20231121 09:50:35.949" level="INFO" html="true">&lt;img src='sikuli_captured/sikuliximage-1700571035939.png'/&gt;</msg>
<status status="PASS" starttime="20231121 09:50:35.827" endtime="20231121 09:50:35.949"/>
</kw>
<kw name="Input Text" library="SikuliLibrary">
<arg>${option_telaLogin.input_password}</arg>
<arg>${SENHA}</arg>
<doc>Input text.
 Image could be empty</doc>
<msg timestamp="20231121 09:50:37.468" level="INFO">Input Text:
teste123</msg>
<msg timestamp="20231121 09:50:37.468" level="INFO" html="true">&lt;img src='sikuli_captured/sikuliximage-1700571036064.png'/&gt;
[log] CLICK on L[957,558]@S(0) (562 msec)
[log]  TYPE "teste123"</msg>
<status status="PASS" starttime="20231121 09:50:35.949" endtime="20231121 09:50:37.468"/>
</kw>
<status status="PASS" starttime="20231121 09:50:35.827" endtime="20231121 09:50:37.468"/>
</kw>
<status status="PASS" starttime="20231121 09:50:35.825" endtime="20231121 09:50:37.468"/>
</kw>
<kw name="Clique no botão entrar" library="kws_validar_header_tela_home">
<kw name="Clique no botao Entrar" library="kws_loginSucesso">
<kw name="Wait Until Screen Contain" library="SikuliLibrary">
<arg>${option_telaLogin.btn_entrar}</arg>
<arg>${TIMEOUT.DEFAULT}</arg>
<doc>Wait until screen contain
 Wait until image shown in screen</doc>
<msg timestamp="20231121 09:50:37.580" level="INFO" html="true">&lt;img src='sikuli_captured/sikuliximage-1700571037578.png'/&gt;</msg>
<status status="PASS" starttime="20231121 09:50:37.469" endtime="20231121 09:50:37.580"/>
</kw>
<kw name="Click" library="SikuliLibrary">
<arg>${option_telaLogin.btn_entrar}</arg>
<doc>Click</doc>
<msg timestamp="20231121 09:50:38.328" level="INFO" html="true">&lt;img src='sikuli_captured/sikuliximage-1700571037686.png'/&gt;
[log] CLICK on L[957,665]@S(0) (558 msec)</msg>
<status status="PASS" starttime="20231121 09:50:37.581" endtime="20231121 09:50:38.328"/>
</kw>
<status status="PASS" starttime="20231121 09:50:37.469" endtime="20231121 09:50:38.328"/>
</kw>
<status status="PASS" starttime="20231121 09:50:37.469" endtime="20231121 09:50:38.329"/>
</kw>
<kw name="Verifico o banner da tela home" library="kws_validar_banner_tela_home">
<kw name="Ir para a tela Home" library="kws_loginSucesso">
<kw name="Wait Until Screen Contain" library="SikuliLibrary">
<arg>${option_telaHome.telaHome}</arg>
<arg>${TIMEOUT.DEFAULT}</arg>
<doc>Wait until screen contain
 Wait until image shown in screen</doc>
<msg timestamp="20231121 09:50:47.907" level="INFO" html="true">&lt;img src='sikuli_captured/sikuliximage-1700571047817.png'/&gt;</msg>
<status status="PASS" starttime="20231121 09:50:38.329" endtime="20231121 09:50:47.907"/>
</kw>
<kw name="Screen Should Contain" library="SikuliLibrary">
<arg>${option_telaHome.telaHome}</arg>
<doc>Screen should contain</doc>
<msg timestamp="20231121 09:50:48.173" level="INFO" html="true">&lt;img src='sikuli_captured/sikuliximage-1700571048084.png'/&gt;</msg>
<status status="PASS" starttime="20231121 09:50:47.907" endtime="20231121 09:50:48.173"/>
</kw>
<kw name="Capture Screen" library="SikuliLibrary">
<doc>Capture whole screen, file name is returned</doc>
<msg timestamp="20231121 09:50:48.296" level="INFO" html="true">&lt;img src='sikuli_captured/sikuliximage-1700571048209.png'/&gt;</msg>
<status status="PASS" starttime="20231121 09:50:48.173" endtime="20231121 09:50:48.296"/>
</kw>
<status status="PASS" starttime="20231121 09:50:38.329" endtime="20231121 09:50:48.296"/>
</kw>
<kw name="Wait Until Screen Contain" library="SikuliLibrary">
<arg>${option_telaHome.banner}</arg>
<arg>${TIMEOUT.DEFAULT}</arg>
<doc>Wait until screen contain
 Wait until image shown in screen</doc>
<msg timestamp="20231121 09:50:48.430" level="INFO" html="true">&lt;img src='sikuli_captured/sikuliximage-1700571048427.png'/&gt;</msg>
<status status="PASS" starttime="20231121 09:50:48.296" endtime="20231121 09:50:48.430"/>
</kw>
<kw name="Screen Should Contain" library="SikuliLibrary">
<arg>${option_telaHome.banner}</arg>
<doc>Screen should contain</doc>
<msg timestamp="20231121 09:50:48.570" level="INFO" html="true">&lt;img src='sikuli_captured/sikuliximage-1700571048566.png'/&gt;</msg>
<status status="PASS" starttime="20231121 09:50:48.430" endtime="20231121 09:50:48.570"/>
</kw>
<kw name="Capture Screen" library="SikuliLibrary">
<doc>Capture whole screen, file name is returned</doc>
<msg timestamp="20231121 09:50:48.686" level="INFO" html="true">&lt;img src='sikuli_captured/sikuliximage-1700571048599.png'/&gt;</msg>
<status status="PASS" starttime="20231121 09:50:48.570" endtime="20231121 09:50:48.686"/>
</kw>
<status status="PASS" starttime="20231121 09:50:38.329" endtime="20231121 09:50:48.686"/>
</kw>
<kw name="Clique no botão &quot;CONFIRA&quot; do banner" library="kws_validar_botao_CONFIRA_tela_home">
<kw name="Ir para a tela Home" library="kws_loginSucesso">
<kw name="Wait Until Screen Contain" library="SikuliLibrary">
<arg>${option_telaHome.telaHome}</arg>
<arg>${TIMEOUT.DEFAULT}</arg>
<doc>Wait until screen contain
 Wait until image shown in screen</doc>
<msg timestamp="20231121 09:50:48.928" level="INFO" html="true">&lt;img src='sikuli_captured/sikuliximage-1700571048847.png'/&gt;</msg>
<status status="PASS" starttime="20231121 09:50:48.687" endtime="20231121 09:50:48.929"/>
</kw>
<kw name="Screen Should Contain" library="SikuliLibrary">
<arg>${option_telaHome.telaHome}</arg>
<doc>Screen should contain</doc>
<msg timestamp="20231121 09:50:49.186" level="INFO" html="true">&lt;img src='sikuli_captured/sikuliximage-1700571049098.png'/&gt;</msg>
<status status="PASS" starttime="20231121 09:50:48.929" endtime="20231121 09:50:49.186"/>
</kw>
<kw name="Capture Screen" library="SikuliLibrary">
<doc>Capture whole screen, file name is returned</doc>
<msg timestamp="20231121 09:50:49.309" level="INFO" html="true">&lt;img src='sikuli_captured/sikuliximage-1700571049223.png'/&gt;</msg>
<status status="PASS" starttime="20231121 09:50:49.186" endtime="20231121 09:50:49.309"/>
</kw>
<status status="PASS" starttime="20231121 09:50:48.687" endtime="20231121 09:50:49.309"/>
</kw>
<kw name="Wait Until Screen Contain" library="SikuliLibrary">
<arg>${option_telaHome.btn_confira_banner}</arg>
<arg>${TIMEOUT.DEFAULT}</arg>
<doc>Wait until screen contain
 Wait until image shown in screen</doc>
<msg timestamp="20231121 09:50:49.460" level="INFO" html="true">&lt;img src='sikuli_captured/sikuliximage-1700571049458.png'/&gt;</msg>
<status status="PASS" starttime="20231121 09:50:49.310" endtime="20231121 09:50:49.460"/>
</kw>
<kw name="Click" library="SikuliLibrary">
<arg>${option_telaHome.btn_confira_banner}</arg>
<doc>Click</doc>
<msg timestamp="20231121 09:50:50.270" level="INFO" html="true">&lt;img src='sikuli_captured/sikuliximage-1700571049599.png'/&gt;
[log] CLICK on L[69,989]@S(0) (553 msec)</msg>
<status status="PASS" starttime="20231121 09:50:49.460" endtime="20231121 09:50:50.271"/>
</kw>
<kw name="Wait Until Screen Contain" library="SikuliLibrary">
<arg>${option_telaHome.planos_precos}</arg>
<arg>${TIMEOUT.DEFAULT}</arg>
<doc>Wait until screen contain
 Wait until image shown in screen</doc>
<msg timestamp="20231121 09:50:50.721" level="INFO" html="true">&lt;img src='sikuli_captured/sikuliximage-1700571050712.png'/&gt;</msg>
<status status="PASS" starttime="20231121 09:50:50.271" endtime="20231121 09:50:50.721"/>
</kw>
<kw name="Screen Should Contain" library="SikuliLibrary">
<arg>${option_telaHome.planos_precos}</arg>
<doc>Screen should contain</doc>
<msg timestamp="20231121 09:50:50.844" level="INFO" html="true">&lt;img src='sikuli_captured/sikuliximage-1700571050836.png'/&gt;</msg>
<status status="PASS" starttime="20231121 09:50:50.721" endtime="20231121 09:50:50.846"/>
</kw>
<kw name="Capture Screen" library="SikuliLibrary">
<doc>Capture whole screen, file name is returned</doc>
<msg timestamp="20231121 09:50:50.925" level="INFO" html="true">&lt;img src='sikuli_captured/sikuliximage-1700571050882.png'/&gt;</msg>
<status status="PASS" starttime="20231121 09:50:50.846" endtime="20231121 09:50:50.925"/>
</kw>
<status status="PASS" starttime="20231121 09:50:48.686" endtime="20231121 09:50:50.925"/>
</kw>
<status status="PASS" starttime="20231121 09:50:23.067" endtime="20231121 09:50:50.925"/>
</test>
<status status="PASS" starttime="20231121 09:50:23.024" endtime="20231121 09:50:50.926"/>
</suite>
<suite id="s1-s1-s2-s6" name="TC7 Validar minimizar menu hamburger" source="c:\PROJETOS\TESTES\ROBOT\SmartPOS\test\features\2-Tela home\TC7_Validar_minimizar_menu_hamburger.robot">
<kw name="Iniciar o sistema" library="hooks" type="SETUP">
<kw name="Carregar imagens do sistema" library="BaseImages">
<for flavor="IN">
<var>${dir}</var>
<value>@{IMAGE_DIR}</value>
<iter>
<var name="${dir}">src//auto//images</var>
<kw name="Add Image Path" library="SikuliLibrary">
<arg>${dir}</arg>
<doc>Add image path</doc>
<status status="PASS" starttime="20231121 09:50:50.933" endtime="20231121 09:50:50.935"/>
</kw>
<status status="PASS" starttime="20231121 09:50:50.933" endtime="20231121 09:50:50.936"/>
</iter>
<iter>
<var name="${dir}">src\auto\images\login</var>
<kw name="Add Image Path" library="SikuliLibrary">
<arg>${dir}</arg>
<doc>Add image path</doc>
<status status="PASS" starttime="20231121 09:50:50.936" endtime="20231121 09:50:50.937"/>
</kw>
<status status="PASS" starttime="20231121 09:50:50.936" endtime="20231121 09:50:50.938"/>
</iter>
<iter>
<var name="${dir}">src\auto\images\home</var>
<kw name="Add Image Path" library="SikuliLibrary">
<arg>${dir}</arg>
<doc>Add image path</doc>
<status status="PASS" starttime="20231121 09:50:50.938" endtime="20231121 09:50:50.940"/>
</kw>
<status status="PASS" starttime="20231121 09:50:50.938" endtime="20231121 09:50:50.940"/>
</iter>
<status status="PASS" starttime="20231121 09:50:50.933" endtime="20231121 09:50:50.940"/>
</for>
<status status="PASS" starttime="20231121 09:50:50.933" endtime="20231121 09:50:50.940"/>
</kw>
<kw name="Executar sistema SmartPdv" library="hooks">
<kw name="Open Application" library="SikuliLibrary">
<arg>D://Netpos//SmartPdv//SmartPdv.exe</arg>
<doc>Open application
 To open app with parameters, refer:
 https://sikulix-2014.readthedocs.io/en/latest/appclass.html#App.App</doc>
<status status="PASS" starttime="20231121 09:50:50.940" endtime="20231121 09:50:50.966"/>
</kw>
<status status="PASS" starttime="20231121 09:50:50.940" endtime="20231121 09:50:50.966"/>
</kw>
<status status="PASS" starttime="20231121 09:50:50.933" endtime="20231121 09:50:50.966"/>
</kw>
<test id="s1-s1-s2-s6-t1" name="Cenário 01 - Validar minimizar o menu hamburger" line="8">
<kw name="Logar no sistema smartPOS" library="kws_validar_header_tela_home">
<kw name="Estar na tela de Login" library="kws_loginSucesso">
<kw name="Wait Until Screen Contain" library="SikuliLibrary">
<arg>${option_telaLogin.telaLogin}</arg>
<arg>${TIMEOUT.DEFAULT}</arg>
<doc>Wait until screen contain
 Wait until image shown in screen</doc>
<msg timestamp="20231121 09:50:56.788" level="INFO" html="true">&lt;img src='sikuli_captured/sikuliximage-1700571056777.png'/&gt;</msg>
<status status="PASS" starttime="20231121 09:50:50.967" endtime="20231121 09:50:56.788"/>
</kw>
<kw name="Screen Should Contain" library="SikuliLibrary">
<arg>${option_telaLogin.telaLogin}</arg>
<doc>Screen should contain</doc>
<msg timestamp="20231121 09:50:56.928" level="INFO" html="true">&lt;img src='sikuli_captured/sikuliximage-1700571056917.png'/&gt;</msg>
<status status="PASS" starttime="20231121 09:50:56.789" endtime="20231121 09:50:56.928"/>
</kw>
<status status="PASS" starttime="20231121 09:50:50.966" endtime="20231121 09:50:56.929"/>
</kw>
<status status="PASS" starttime="20231121 09:50:50.966" endtime="20231121 09:50:56.929"/>
</kw>
<kw name="No campo input E-mail adicionar o e-mail valido" library="kws_validar_header_tela_home">
<kw name="No campo input email, digite um email válido" library="kws_loginSucesso">
<kw name="Wait Until Screen Contain" library="SikuliLibrary">
<arg>${option_telaLogin.input_email}</arg>
<arg>${TIMEOUT.DEFAULT}</arg>
<doc>Wait until screen contain
 Wait until image shown in screen</doc>
<msg timestamp="20231121 09:50:57.046" level="INFO" html="true">&lt;img src='sikuli_captured/sikuliximage-1700571057043.png'/&gt;</msg>
<status status="PASS" starttime="20231121 09:50:56.930" endtime="20231121 09:50:57.046"/>
</kw>
<kw name="Input Text" library="SikuliLibrary">
<arg>${option_telaLogin.input_email}</arg>
<arg>${EMAIL}</arg>
<doc>Input text.
 Image could be empty</doc>
<msg timestamp="20231121 09:51:00.396" level="INFO">Input Text:
eduardograciebarra@gmail.com</msg>
<msg timestamp="20231121 09:51:00.396" level="INFO" html="true">&lt;img src='sikuli_captured/sikuliximage-1700571057153.png'/&gt;
[log] CLICK on L[957,476]@S(0) (556 msec)
[log]  TYPE "eduardograciebarra@gmail.com"</msg>
<status status="PASS" starttime="20231121 09:50:57.046" endtime="20231121 09:51:00.396"/>
</kw>
<status status="PASS" starttime="20231121 09:50:56.929" endtime="20231121 09:51:00.396"/>
</kw>
<status status="PASS" starttime="20231121 09:50:56.929" endtime="20231121 09:51:00.396"/>
</kw>
<kw name="No campo input senha digitar uma senha valida" library="kws_validar_header_tela_home">
<kw name="No campo inpuit senha, digite uma senha válida" library="kws_loginSucesso">
<kw name="Wait Until Screen Contain" library="SikuliLibrary">
<arg>${option_telaLogin.input_password}</arg>
<arg>${TIMEOUT.DEFAULT}</arg>
<doc>Wait until screen contain
 Wait until image shown in screen</doc>
<msg timestamp="20231121 09:51:00.520" level="INFO" html="true">&lt;img src='sikuli_captured/sikuliximage-1700571060509.png'/&gt;</msg>
<status status="PASS" starttime="20231121 09:51:00.397" endtime="20231121 09:51:00.520"/>
</kw>
<kw name="Input Text" library="SikuliLibrary">
<arg>${option_telaLogin.input_password}</arg>
<arg>${SENHA}</arg>
<doc>Input text.
 Image could be empty</doc>
<msg timestamp="20231121 09:51:02.022" level="INFO">Input Text:
teste123</msg>
<msg timestamp="20231121 09:51:02.022" level="INFO" html="true">&lt;img src='sikuli_captured/sikuliximage-1700571060633.png'/&gt;
[log] CLICK on L[957,558]@S(0) (556 msec)
[log]  TYPE "teste123"</msg>
<status status="PASS" starttime="20231121 09:51:00.520" endtime="20231121 09:51:02.022"/>
</kw>
<status status="PASS" starttime="20231121 09:51:00.397" endtime="20231121 09:51:02.022"/>
</kw>
<status status="PASS" starttime="20231121 09:51:00.397" endtime="20231121 09:51:02.022"/>
</kw>
<kw name="Clique no botão entrar" library="kws_validar_header_tela_home">
<kw name="Clique no botao Entrar" library="kws_loginSucesso">
<kw name="Wait Until Screen Contain" library="SikuliLibrary">
<arg>${option_telaLogin.btn_entrar}</arg>
<arg>${TIMEOUT.DEFAULT}</arg>
<doc>Wait until screen contain
 Wait until image shown in screen</doc>
<msg timestamp="20231121 09:51:02.137" level="INFO" html="true">&lt;img src='sikuli_captured/sikuliximage-1700571062134.png'/&gt;</msg>
<status status="PASS" starttime="20231121 09:51:02.023" endtime="20231121 09:51:02.137"/>
</kw>
<kw name="Click" library="SikuliLibrary">
<arg>${option_telaLogin.btn_entrar}</arg>
<doc>Click</doc>
<msg timestamp="20231121 09:51:02.895" level="INFO" html="true">&lt;img src='sikuli_captured/sikuliximage-1700571062244.png'/&gt;
[log] CLICK on L[957,665]@S(0) (561 msec)</msg>
<status status="PASS" starttime="20231121 09:51:02.137" endtime="20231121 09:51:02.895"/>
</kw>
<status status="PASS" starttime="20231121 09:51:02.023" endtime="20231121 09:51:02.895"/>
</kw>
<status status="PASS" starttime="20231121 09:51:02.023" endtime="20231121 09:51:02.896"/>
</kw>
<kw name="Verifico o menu hamburger da tela home" library="kws_validar_menu_hamburger_tela_home">
<kw name="Ir para a tela Home" library="kws_loginSucesso">
<kw name="Wait Until Screen Contain" library="SikuliLibrary">
<arg>${option_telaHome.telaHome}</arg>
<arg>${TIMEOUT.DEFAULT}</arg>
<doc>Wait until screen contain
 Wait until image shown in screen</doc>
<msg timestamp="20231121 09:51:12.136" level="INFO" html="true">&lt;img src='sikuli_captured/sikuliximage-1700571072043.png'/&gt;</msg>
<status status="PASS" starttime="20231121 09:51:02.896" endtime="20231121 09:51:12.136"/>
</kw>
<kw name="Screen Should Contain" library="SikuliLibrary">
<arg>${option_telaHome.telaHome}</arg>
<doc>Screen should contain</doc>
<msg timestamp="20231121 09:51:12.389" level="INFO" html="true">&lt;img src='sikuli_captured/sikuliximage-1700571072309.png'/&gt;</msg>
<status status="PASS" starttime="20231121 09:51:12.136" endtime="20231121 09:51:12.389"/>
</kw>
<kw name="Capture Screen" library="SikuliLibrary">
<doc>Capture whole screen, file name is returned</doc>
<msg timestamp="20231121 09:51:12.503" level="INFO" html="true">&lt;img src='sikuli_captured/sikuliximage-1700571072417.png'/&gt;</msg>
<status status="PASS" starttime="20231121 09:51:12.389" endtime="20231121 09:51:12.503"/>
</kw>
<status status="PASS" starttime="20231121 09:51:02.896" endtime="20231121 09:51:12.503"/>
</kw>
<kw name="Wait Until Screen Contain" library="SikuliLibrary">
<arg>${option_telaHome.menuHamburger}</arg>
<arg>${TIMEOUT.DEFAULT}</arg>
<doc>Wait until screen contain
 Wait until image shown in screen</doc>
<msg timestamp="20231121 09:51:12.650" level="INFO" html="true">&lt;img src='sikuli_captured/sikuliximage-1700571072636.png'/&gt;</msg>
<status status="PASS" starttime="20231121 09:51:12.503" endtime="20231121 09:51:12.651"/>
</kw>
<kw name="Screen Should Contain" library="SikuliLibrary">
<arg>${option_telaHome.menuHamburger}</arg>
<doc>Screen should contain</doc>
<msg timestamp="20231121 09:51:12.783" level="INFO" html="true">&lt;img src='sikuli_captured/sikuliximage-1700571072777.png'/&gt;</msg>
<status status="PASS" starttime="20231121 09:51:12.651" endtime="20231121 09:51:12.783"/>
</kw>
<kw name="Capture Screen" library="SikuliLibrary">
<doc>Capture whole screen, file name is returned</doc>
<msg timestamp="20231121 09:51:12.910" level="INFO" html="true">&lt;img src='sikuli_captured/sikuliximage-1700571072824.png'/&gt;</msg>
<status status="PASS" starttime="20231121 09:51:12.783" endtime="20231121 09:51:12.911"/>
</kw>
<status status="PASS" starttime="20231121 09:51:02.896" endtime="20231121 09:51:12.911"/>
</kw>
<kw name="Clico no menu Hamburger" library="kws_Validar_minimizar_menu_hamburger">
<kw name="Ir para a tela Home" library="kws_loginSucesso">
<kw name="Wait Until Screen Contain" library="SikuliLibrary">
<arg>${option_telaHome.telaHome}</arg>
<arg>${TIMEOUT.DEFAULT}</arg>
<doc>Wait until screen contain
 Wait until image shown in screen</doc>
<msg timestamp="20231121 09:51:13.157" level="INFO" html="true">&lt;img src='sikuli_captured/sikuliximage-1700571073076.png'/&gt;</msg>
<status status="PASS" starttime="20231121 09:51:12.911" endtime="20231121 09:51:13.157"/>
</kw>
<kw name="Screen Should Contain" library="SikuliLibrary">
<arg>${option_telaHome.telaHome}</arg>
<doc>Screen should contain</doc>
<msg timestamp="20231121 09:51:13.413" level="INFO" html="true">&lt;img src='sikuli_captured/sikuliximage-1700571073324.png'/&gt;</msg>
<status status="PASS" starttime="20231121 09:51:13.157" endtime="20231121 09:51:13.413"/>
</kw>
<kw name="Capture Screen" library="SikuliLibrary">
<doc>Capture whole screen, file name is returned</doc>
<msg timestamp="20231121 09:51:13.533" level="INFO" html="true">&lt;img src='sikuli_captured/sikuliximage-1700571073448.png'/&gt;</msg>
<status status="PASS" starttime="20231121 09:51:13.413" endtime="20231121 09:51:13.534"/>
</kw>
<status status="PASS" starttime="20231121 09:51:12.911" endtime="20231121 09:51:13.534"/>
</kw>
<kw name="Wait Until Screen Contain" library="SikuliLibrary">
<arg>${option_telaHome.inc_menu_hamburger}</arg>
<arg>${TIMEOUT.DEFAULT}</arg>
<doc>Wait until screen contain
 Wait until image shown in screen</doc>
<msg timestamp="20231121 09:51:13.651" level="INFO" html="true">&lt;img src='sikuli_captured/sikuliximage-1700571073650.png'/&gt;</msg>
<status status="PASS" starttime="20231121 09:51:13.534" endtime="20231121 09:51:13.652"/>
</kw>
<kw name="Click" library="SikuliLibrary">
<arg>${option_telaHome.inc_menu_hamburger}</arg>
<doc>Click</doc>
<msg timestamp="20231121 09:51:14.397" level="INFO" html="true">&lt;img src='sikuli_captured/sikuliximage-1700571073759.png'/&gt;
[log] CLICK on L[31,29]@S(0) (561 msec)</msg>
<status status="PASS" starttime="20231121 09:51:13.652" endtime="20231121 09:51:14.397"/>
</kw>
<kw name="Screen Should Contain" library="SikuliLibrary">
<arg>${option_telaHome.menu_hamburger_minimizado}</arg>
<doc>Screen should contain</doc>
<msg timestamp="20231121 09:51:14.498" level="INFO" html="true">&lt;img src='sikuli_captured/sikuliximage-1700571074496.png'/&gt;</msg>
<status status="PASS" starttime="20231121 09:51:14.397" endtime="20231121 09:51:14.498"/>
</kw>
<kw name="Capture Screen" library="SikuliLibrary">
<doc>Capture whole screen, file name is returned</doc>
<msg timestamp="20231121 09:51:14.630" level="INFO" html="true">&lt;img src='sikuli_captured/sikuliximage-1700571074542.png'/&gt;</msg>
<status status="PASS" starttime="20231121 09:51:14.499" endtime="20231121 09:51:14.630"/>
</kw>
<status status="PASS" starttime="20231121 09:51:12.911" endtime="20231121 09:51:14.630"/>
</kw>
<status status="PASS" starttime="20231121 09:50:50.966" endtime="20231121 09:51:14.631"/>
</test>
<status status="PASS" starttime="20231121 09:50:50.927" endtime="20231121 09:51:14.631"/>
</suite>
<suite id="s1-s1-s2-s7" name="TC8 Validar maximizar menu hamburger" source="c:\PROJETOS\TESTES\ROBOT\SmartPOS\test\features\2-Tela home\TC8_Validar_maximizar_menu_hamburger.robot">
<kw name="Iniciar o sistema" library="hooks" type="SETUP">
<kw name="Carregar imagens do sistema" library="BaseImages">
<for flavor="IN">
<var>${dir}</var>
<value>@{IMAGE_DIR}</value>
<iter>
<var name="${dir}">src//auto//images</var>
<kw name="Add Image Path" library="SikuliLibrary">
<arg>${dir}</arg>
<doc>Add image path</doc>
<status status="PASS" starttime="20231121 09:51:14.640" endtime="20231121 09:51:14.642"/>
</kw>
<status status="PASS" starttime="20231121 09:51:14.640" endtime="20231121 09:51:14.642"/>
</iter>
<iter>
<var name="${dir}">src\auto\images\login</var>
<kw name="Add Image Path" library="SikuliLibrary">
<arg>${dir}</arg>
<doc>Add image path</doc>
<status status="PASS" starttime="20231121 09:51:14.642" endtime="20231121 09:51:14.644"/>
</kw>
<status status="PASS" starttime="20231121 09:51:14.642" endtime="20231121 09:51:14.644"/>
</iter>
<iter>
<var name="${dir}">src\auto\images\home</var>
<kw name="Add Image Path" library="SikuliLibrary">
<arg>${dir}</arg>
<doc>Add image path</doc>
<status status="PASS" starttime="20231121 09:51:14.644" endtime="20231121 09:51:14.646"/>
</kw>
<status status="PASS" starttime="20231121 09:51:14.644" endtime="20231121 09:51:14.646"/>
</iter>
<status status="PASS" starttime="20231121 09:51:14.640" endtime="20231121 09:51:14.646"/>
</for>
[...]
</kw>
<kw name="Clico no menu Hamburger minimizado" library="kws_validar_maximizar_menu_hamburger">
<kw name="Wait Until Screen Contain" library="SikuliLibrary">
<arg>${option_telaHome.menu_hamburger_minimizado}</arg>
<arg>${TIMEOUT.DEFAULT}</arg>
<doc>Wait until screen contain
 Wait until image shown in screen</doc>
<msg timestamp="20231121 09:51:38.570" level="INFO" html="true">&lt;img src='sikuli_captured/sikuliximage-1700571098558.png'/&gt;</msg>
<status status="PASS" starttime="20231121 09:51:38.463" endtime="20231121 09:51:38.570"/>
</kw>
<kw name="Double Click" library="SikuliLibrary">
<arg>${option_telaHome.inc_menu_hamburger}</arg>
<doc>Double click</doc>
<msg timestamp="20231121 09:51:38.835" level="INFO" html="true">&lt;img src='sikuli_captured/sikuliximage-1700571098668.png'/&gt;
[log] DOUBLE CLICK on L[31,29]@S(0) (83 msec)</msg>
<status status="PASS" starttime="20231121 09:51:38.570" endtime="20231121 09:51:38.835"/>
</kw>
<kw name="Wait Until Screen Contain" library="SikuliLibrary">
<arg>${option_telaHome.menuHamburger}</arg>
<arg>${TIMEOUT.DEFAULT}</arg>
<doc>Wait until screen contain
 Wait until image shown in screen</doc>
<msg timestamp="20231121 09:51:40.970" level="INFO" html="true">&lt;img src='sikuli_captured/sikuliximage-1700571100956.png'/&gt;</msg>
<status status="PASS" starttime="20231121 09:51:38.836" endtime="20231121 09:51:40.971"/>
</kw>
<kw name="Screen Should Contain" library="SikuliLibrary">
<arg>${option_telaHome.menuHamburger}</arg>
<doc>Screen should contain</doc>
<msg timestamp="20231121 09:51:41.102" level="INFO" html="true">&lt;img src='sikuli_captured/sikuliximage-1700571101096.png'/&gt;</msg>
<status status="PASS" starttime="20231121 09:51:40.971" endtime="20231121 09:51:41.102"/>
</kw>
<kw name="Capture Screen" library="SikuliLibrary">
<doc>Capture whole screen, file name is returned</doc>
<msg timestamp="20231121 09:51:41.229" level="INFO" html="true">&lt;img src='sikuli_captured/sikuliximage-1700571101143.png'/&gt;</msg>
<status status="PASS" starttime="20231121 09:51:41.103" endtime="20231121 09:51:41.229"/>
</kw>
<status status="PASS" starttime="20231121 09:51:38.463" endtime="20231121 09:51:41.229"/>
</kw>
<status status="PASS" starttime="20231121 09:51:14.673" endtime="20231121 09:51:41.229"/>
</test>
<status status="PASS" starttime="20231121 09:51:14.632" endtime="20231121 09:51:41.230"/>
</suite>
<suite id="s1-s1-s2-s8" name="TC9 Validar descansar mouse em incone menuHamburger" source="c:\PROJETOS\TESTES\ROBOT\SmartPOS\test\features\2-Tela home\TC9_Validar_descansar_mouse_em_incone_menuHamburger.robot">
<kw name="Iniciar o sistema" library="hooks" type="SETUP">
<kw name="Carregar imagens do sistema" library="BaseImages">
<for flavor="IN">
<var>${dir}</var>
<value>@{IMAGE_DIR}</value>
<iter>
<var name="${dir}">src//auto//images</var>
<kw name="Add Image Path" library="SikuliLibrary">
<arg>${dir}</arg>
<doc>Add image path</doc>
<status status="PASS" starttime="20231121 09:51:41.237" endtime="20231121 09:51:41.239"/>
</kw>
<status status="PASS" starttime="20231121 09:51:41.237" endtime="20231121 09:51:41.239"/>
</iter>
<iter>
<var name="${dir}">src\auto\images\login</var>
<kw name="Add Image Path" library="SikuliLibrary">
<arg>${dir}</arg>
<doc>Add image path</doc>
<status status="PASS" starttime="20231121 09:51:41.239" endtime="20231121 09:51:41.241"/>
</kw>
<status status="PASS" starttime="20231121 09:51:41.239" endtime="20231121 09:51:41.241"/>
</iter>
<iter>
<var name="${dir}">src\auto\images\home</var>
<kw name="Add Image Path" library="SikuliLibrary">
<arg>${dir}</arg>
<doc>Add image path</doc>
<status status="PASS" starttime="20231121 09:51:41.241" endtime="20231121 09:51:41.243"/>
</kw>
<status status="PASS" starttime="20231121 09:51:41.241" endtime="20231121 09:51:41.243"/>
</iter>
<status status="PASS" starttime="20231121 09:51:41.237" endtime="20231121 09:51:41.243"/>
</for>
<status status="PASS" starttime="20231121 09:51:41.237" endtime="20231121 09:51:41.243"/>
</kw>
<kw name="Executar sistema SmartPdv" library="hooks">
<kw name="Open Application" library="SikuliLibrary">
<arg>D://Netpos//SmartPdv//SmartPdv.exe</arg>
<doc>Open application
 To open app with parameters, refer:
 https://sikulix-2014.readthedocs.io/en/latest/appclass.html#App.App</doc>
<status status="PASS" starttime="20231121 09:51:41.243" endtime="20231121 09:51:41.270"/>
</kw>
<status status="PASS" starttime="20231121 09:51:41.243" endtime="20231121 09:51:41.270"/>
</kw>
<status status="PASS" starttime="20231121 09:51:41.237" endtime="20231121 09:51:41.270"/>
</kw>
<test id="s1-s1-s2-s8-t1" name="Cenário 01 - Validar descansar o mouse em um dos icones do menu hamburger minimizado" line="8">
<kw name="Logar no sistema smartPOS" library="kws_validar_header_tela_home">
<kw name="Estar na tela de Login" library="kws_loginSucesso">
<kw name="Wait Until Screen Contain" library="SikuliLibrary">
<arg>${option_telaLogin.telaLogin}</arg>
<arg>${TIMEOUT.DEFAULT}</arg>
<doc>Wait until screen contain
 Wait until image shown in screen</doc>
<msg timestamp="20231121 09:51:47.110" level="INFO" html="true">&lt;img src='sikuli_captured/sikuliximage-1700571107099.png'/&gt;</msg>
<status status="PASS" starttime="20231121 09:51:41.271" endtime="20231121 09:51:47.110"/>
</kw>
<kw name="Screen Should Contain" library="SikuliLibrary">
<arg>${option_telaLogin.telaLogin}</arg>
<doc>Screen should contain</doc>
<msg timestamp="20231121 09:51:47.235" level="INFO" html="true">&lt;img src='sikuli_captured/sikuliximage-1700571107224.png'/&gt;</msg>
<status status="PASS" starttime="20231121 09:51:47.111" endtime="20231121 09:51:47.235"/>
</kw>
<status status="PASS" starttime="20231121 09:51:41.271" endtime="20231121 09:51:47.235"/>
</kw>
<status status="PASS" starttime="20231121 09:51:41.271" endtime="20231121 09:51:47.235"/>
</kw>
<kw name="No campo input E-mail adicionar o e-mail valido" library="kws_validar_header_tela_home">
<kw name="No campo input email, digite um email válido" library="kws_loginSucesso">
<kw name="Wait Until Screen Contain" library="SikuliLibrary">
<arg>${option_telaLogin.input_email}</arg>
<arg>${TIMEOUT.DEFAULT}</arg>
<doc>Wait until screen contain
 Wait until image shown in screen</doc>
<msg timestamp="20231121 09:51:47.350" level="INFO" html="true">&lt;img src='sikuli_captured/sikuliximage-1700571107348.png'/&gt;</msg>
<status status="PASS" starttime="20231121 09:51:47.236" endtime="20231121 09:51:47.351"/>
</kw>
<kw name="Input Text" library="SikuliLibrary">
<arg>${option_telaLogin.input_email}</arg>
<arg>${EMAIL}</arg>
<doc>Input text.
 Image could be empty</doc>
<msg timestamp="20231121 09:51:50.652" level="INFO">Input Text:
eduardograciebarra@gmail.com</msg>
<msg timestamp="20231121 09:51:50.652" level="INFO" html="true">&lt;img src='sikuli_captured/sikuliximage-1700571107459.png'/&gt;
[log] CLICK on L[957,476]@S(0) (554 msec)
[log]  TYPE "eduardograciebarra@gmail.com"</msg>
<status status="PASS" starttime="20231121 09:51:47.351" endtime="20231121 09:51:50.652"/>
</kw>
<status status="PASS" starttime="20231121 09:51:47.236" endtime="20231121 09:51:50.652"/>
</kw>
<status status="PASS" starttime="20231121 09:51:47.236" endtime="20231121 09:51:50.652"/>
</kw>
<kw name="No campo input senha digitar uma senha valida" library="kws_validar_header_tela_home">
<kw name="No campo inpuit senha, digite uma senha válida" library="kws_loginSucesso">
<kw name="Wait Until Screen Contain" library="SikuliLibrary">
<arg>${option_telaLogin.input_password}</arg>
<arg>${TIMEOUT.DEFAULT}</arg>
<doc>Wait until screen contain
 Wait until image shown in screen</doc>
<msg timestamp="20231121 09:51:50.773" level="INFO" html="true">&lt;img src='sikuli_captured/sikuliximage-1700571110764.png'/&gt;</msg>
<status status="PASS" starttime="20231121 09:51:50.653" endtime="20231121 09:51:50.773"/>
</kw>
<kw name="Input Text" library="SikuliLibrary">
<arg>${option_telaLogin.input_password}</arg>
<arg>${SENHA}</arg>
<doc>Input text.
 Image could be empty</doc>
<msg timestamp="20231121 09:51:52.269" level="INFO">Input Text:
teste123</msg>
<msg timestamp="20231121 09:51:52.269" level="INFO" html="true">&lt;img src='sikuli_captured/sikuliximage-1700571110888.png'/&gt;
[log] CLICK on L[957,558]@S(0) (564 msec)
[log]  TYPE "teste123"</msg>
<status status="PASS" starttime="20231121 09:51:50.775" endtime="20231121 09:51:52.269"/>
</kw>
<status status="PASS" starttime="20231121 09:51:50.653" endtime="20231121 09:51:52.269"/>
</kw>
<status status="PASS" starttime="20231121 09:51:50.653" endtime="20231121 09:51:52.269"/>
</kw>
<kw name="Clique no botão entrar" library="kws_validar_header_tela_home">
<kw name="Clique no botao Entrar" library="kws_loginSucesso">
<kw name="Wait Until Screen Contain" library="SikuliLibrary">
<arg>${option_telaLogin.btn_entrar}</arg>
<arg>${TIMEOUT.DEFAULT}</arg>
<doc>Wait until screen contain
 Wait until image shown in screen</doc>
<msg timestamp="20231121 09:51:52.378" level="INFO" html="true">&lt;img src='sikuli_captured/sikuliximage-1700571112367.png'/&gt;</msg>
<status status="PASS" starttime="20231121 09:51:52.270" endtime="20231121 09:51:52.378"/>
</kw>
<kw name="Click" library="SikuliLibrary">
<arg>${option_telaLogin.btn_entrar}</arg>
<doc>Click</doc>
<msg timestamp="20231121 09:51:53.142" level="INFO" html="true">&lt;img src='sikuli_captured/sikuliximage-1700571112492.png'/&gt;
[log] CLICK on L[957,665]@S(0) (564 msec)</msg>
<status status="PASS" starttime="20231121 09:51:52.378" endtime="20231121 09:51:53.142"/>
</kw>
<status status="PASS" starttime="20231121 09:51:52.270" endtime="20231121 09:51:53.142"/>
</kw>
<status status="PASS" starttime="20231121 09:51:52.270" endtime="20231121 09:51:53.143"/>
</kw>
<kw name="Verifico o menu hamburger da tela home" library="kws_validar_menu_hamburger_tela_home">
<kw name="Ir para a tela Home" library="kws_loginSucesso">
<kw name="Wait Until Screen Contain" library="SikuliLibrary">
<arg>${option_telaHome.telaHome}</arg>
<arg>${TIMEOUT.DEFAULT}</arg>
<doc>Wait until screen contain
 Wait until image shown in screen</doc>
<msg timestamp="20231121 09:52:03.046" level="INFO" html="true">&lt;img src='sikuli_captured/sikuliximage-1700571122957.png'/&gt;</msg>
<status status="PASS" starttime="20231121 09:51:53.143" endtime="20231121 09:52:03.047"/>
</kw>
<kw name="Screen Should Contain" library="SikuliLibrary">
<arg>${option_telaHome.telaHome}</arg>
<doc>Screen should contain</doc>
<msg timestamp="20231121 09:52:03.293" level="INFO" html="true">&lt;img src='sikuli_captured/sikuliximage-1700571123205.png'/&gt;</msg>
<status status="PASS" starttime="20231121 09:52:03.047" endtime="20231121 09:52:03.293"/>
</kw>
<kw name="Capture Screen" library="SikuliLibrary">
<doc>Capture whole screen, file name is returned</doc>
<msg timestamp="20231121 09:52:03.416" level="INFO" html="true">&lt;img src='sikuli_captured/sikuliximage-1700571123331.png'/&gt;</msg>
<status status="PASS" starttime="20231121 09:52:03.294" endtime="20231121 09:52:03.416"/>
</kw>
<status status="PASS" starttime="20231121 09:51:53.143" endtime="20231121 09:52:03.416"/>
</kw>
<kw name="Wait Until Screen Contain" library="SikuliLibrary">
<arg>${option_telaHome.menuHamburger}</arg>
<arg>${TIMEOUT.DEFAULT}</arg>
<doc>Wait until screen contain
 Wait until image shown in screen</doc>
<msg timestamp="20231121 09:52:03.561" level="INFO" html="true">&lt;img src='sikuli_captured/sikuliximage-1700571123546.png'/&gt;</msg>
<status status="PASS" starttime="20231121 09:52:03.416" endtime="20231121 09:52:03.561"/>
</kw>
<kw name="Screen Should Contain" library="SikuliLibrary">
<arg>${option_telaHome.menuHamburger}</arg>
<doc>Screen should contain</doc>
<msg timestamp="20231121 09:52:03.692" level="INFO" html="true">&lt;img src='sikuli_captured/sikuliximage-1700571123687.png'/&gt;</msg>
<status status="PASS" starttime="20231121 09:52:03.561" endtime="20231121 09:52:03.693"/>
</kw>
<kw name="Capture Screen" library="SikuliLibrary">
<doc>Capture whole screen, file name is returned</doc>
<msg timestamp="20231121 09:52:03.818" level="INFO" html="true">&lt;img src='sikuli_captured/sikuliximage-1700571123733.png'/&gt;</msg>
<status status="PASS" starttime="20231121 09:52:03.693" endtime="20231121 09:52:03.819"/>
</kw>
<status status="PASS" starttime="20231121 09:51:53.143" endtime="20231121 09:52:03.819"/>
</kw>
<kw name="Clico no menu Hamburger" library="kws_Validar_minimizar_menu_hamburger">
<kw name="Ir para a tela Home" library="kws_loginSucesso">
<kw name="Wait Until Screen Contain" library="SikuliLibrary">
<arg>${option_telaHome.telaHome}</arg>
<arg>${TIMEOUT.DEFAULT}</arg>
<doc>Wait until screen contain
 Wait until image shown in screen</doc>
<msg timestamp="20231121 09:52:04.087" level="INFO" html="true">&lt;img src='sikuli_captured/sikuliximage-1700571123998.png'/&gt;</msg>
<status status="PASS" starttime="20231121 09:52:03.820" endtime="20231121 09:52:04.087"/>
</kw>
<kw name="Screen Should Contain" library="SikuliLibrary">
<arg>${option_telaHome.telaHome}</arg>
<doc>Screen should contain</doc>
<msg timestamp="20231121 09:52:04.336" level="INFO" html="true">&lt;img src='sikuli_captured/sikuliximage-1700571124247.png'/&gt;</msg>
<status status="PASS" starttime="20231121 09:52:04.088" endtime="20231121 09:52:04.337"/>
</kw>
<kw name="Capture Screen" library="SikuliLibrary">
<doc>Capture whole screen, file name is returned</doc>
<msg timestamp="20231121 09:52:04.460" level="INFO" html="true">&lt;img src='sikuli_captured/sikuliximage-1700571124372.png'/&gt;</msg>
<status status="PASS" starttime="20231121 09:52:04.337" endtime="20231121 09:52:04.460"/>
</kw>
<status status="PASS" starttime="20231121 09:52:03.819" endtime="20231121 09:52:04.460"/>
</kw>
<kw name="Wait Until Screen Contain" library="SikuliLibrary">
<arg>${option_telaHome.inc_menu_hamburger}</arg>
<arg>${TIMEOUT.DEFAULT}</arg>
<doc>Wait until screen contain
 Wait until image shown in screen</doc>
<msg timestamp="20231121 09:52:04.563" level="INFO" html="true">&lt;img src='sikuli_captured/sikuliximage-1700571124561.png'/&gt;</msg>
<status status="PASS" starttime="20231121 09:52:04.460" endtime="20231121 09:52:04.563"/>
</kw>
<kw name="Click" library="SikuliLibrary">
<arg>${option_telaHome.inc_menu_hamburger}</arg>
<doc>Click</doc>
<msg timestamp="20231121 09:52:05.306" level="INFO" html="true">&lt;img src='sikuli_captured/sikuliximage-1700571124669.png'/&gt;
[log] CLICK on L[31,29]@S(0) (556 msec)</msg>
<status status="PASS" starttime="20231121 09:52:04.563" endtime="20231121 09:52:05.306"/>
</kw>
<kw name="Screen Should Contain" library="SikuliLibrary">
<arg>${option_telaHome.menu_hamburger_minimizado}</arg>
<doc>Screen should contain</doc>
<msg timestamp="20231121 09:52:05.404" level="INFO" html="true">&lt;img src='sikuli_captured/sikuliximage-1700571125402.png'/&gt;</msg>
<status status="PASS" starttime="20231121 09:52:05.307" endtime="20231121 09:52:05.404"/>
</kw>
<kw name="Capture Screen" library="SikuliLibrary">
<doc>Capture whole screen, file name is returned</doc>
<msg timestamp="20231121 09:52:05.518" level="INFO" html="true">&lt;img src='sikuli_captured/sikuliximage-1700571125433.png'/&gt;</msg>
<status status="PASS" starttime="20231121 09:52:05.405" endtime="20231121 09:52:05.519"/>
</kw>
<status status="PASS" starttime="20231121 09:52:03.819" endtime="20231121 09:52:05.519"/>
</kw>
<kw name="Descanso o mouse em cima de um dos ícones" library="kws_validar_descansar_mouse_em_incone_menuHamburger">
<kw name="Wait Until Screen Contain" library="SikuliLibrary">
<arg>${option_telaHome.menu_hamburger_minimizado}</arg>
<arg>${TIMEOUT.DEFAULT}</arg>
<doc>Wait until screen contain
 Wait until image shown in screen</doc>
<msg timestamp="20231121 09:52:05.623" level="INFO" html="true">&lt;img src='sikuli_captured/sikuliximage-1700571125621.png'/&gt;</msg>
<status status="PASS" starttime="20231121 09:52:05.519" endtime="20231121 09:52:05.623"/>
</kw>
<kw name="Wait Until Screen Contain" library="SikuliLibrary">
<arg>${option_telaHome.inc_pdv_menu_hamburger}</arg>
<arg>${TIMEOUT.DEFAULT}</arg>
<doc>Wait until screen contain
 Wait until image shown in screen</doc>
<msg timestamp="20231121 09:52:05.749" level="INFO" html="true">&lt;img src='sikuli_captured/sikuliximage-1700571125747.png'/&gt;</msg>
<status status="PASS" starttime="20231121 09:52:05.625" endtime="20231121 09:52:05.749"/>
</kw>
<kw name="Mouse Move" library="SikuliLibrary">
<arg>${option_telaHome.inc_pdv_menu_hamburger}</arg>
<doc>Mouse moveMove the mouse pointer to the target</doc>
<msg timestamp="20231121 09:52:06.375" level="INFO" html="true">&lt;img src='sikuli_captured/sikuliximage-1700571125857.png'/&gt;</msg>
<status status="PASS" starttime="20231121 09:52:05.749" endtime="20231121 09:52:06.375"/>
</kw>
<kw name="Screen Should Contain" library="SikuliLibrary">
<arg>${option_telaHome.Descanso_mouse_incone_pdv}</arg>
<doc>Screen should contain</doc>
<msg timestamp="20231121 09:52:06.549" level="INFO" html="true">&lt;img src='sikuli_captured/sikuliximage-1700571126540.png'/&gt;</msg>
<status status="PASS" starttime="20231121 09:52:06.375" endtime="20231121 09:52:06.549"/>
</kw>
<kw name="Capture Screen" library="SikuliLibrary">
<doc>Capture whole screen, file name is returned</doc>
<msg timestamp="20231121 09:52:06.682" level="INFO" html="true">&lt;img src='sikuli_captured/sikuliximage-1700571126587.png'/&gt;</msg>
<status status="PASS" starttime="20231121 09:52:06.549" endtime="20231121 09:52:06.682"/>
</kw>
<status status="PASS" starttime="20231121 09:52:05.519" endtime="20231121 09:52:06.682"/>
</kw>
<status status="PASS" starttime="20231121 09:51:41.271" endtime="20231121 09:52:06.682"/>
</test>
<status status="PASS" starttime="20231121 09:51:41.231" endtime="20231121 09:52:06.683"/>
</suite>
<status status="PASS" starttime="20231121 09:48:57.655" endtime="20231121 09:52:06.684"/>
</suite>
<status status="PASS" starttime="20231121 09:48:35.795" endtime="20231121 09:52:06.685"/>
</suite>
<status status="PASS" starttime="20231121 09:48:35.784" endtime="20231121 09:52:06.686"/>
</suite>
<statistics>
<total>
<stat pass="9" fail="0" skip="0">All Tests</stat>
</total>
<tag>
</tag>
<suite>
<stat pass="9" fail="0" skip="0" id="s1" name="Test">Test</stat>
<stat pass="9" fail="0" skip="0" id="s1-s1" name="Features">Test.Features</stat>
<stat pass="1" fail="0" skip="0" id="s1-s1-s1" name="1-Tela login">Test.Features.1-Tela login</stat>
<stat pass="1" fail="0" skip="0" id="s1-s1-s1-s1" name="TC1 login sucesso">Test.Features.1-Tela login.TC1 login sucesso</stat>
<stat pass="8" fail="0" skip="0" id="s1-s1-s2" name="2-Tela home">Test.Features.2-Tela home</stat>
<stat pass="1" fail="0" skip="0" id="s1-s1-s2-s1" name="TC2 Validar Header Tela Home">Test.Features.2-Tela home.TC2 Validar Header Tela Home</stat>
<stat pass="1" fail="0" skip="0" id="s1-s1-s2-s2" name="TC3 Validar Menu Hamburger Tela Home">Test.Features.2-Tela home.TC3 Validar Menu Hamburger Tela Home</stat>
<stat pass="1" fail="0" skip="0" id="s1-s1-s2-s3" name="TC4 Validar Banner Tela Home">Test.Features.2-Tela home.TC4 Validar Banner Tela Home</stat>
<stat pass="1" fail="0" skip="0" id="s1-s1-s2-s4" name="TC5 validar botao AGORA NAO Tela Home">Test.Features.2-Tela home.TC5 validar botao AGORA NAO Tela Home</stat>
<stat pass="1" fail="0" skip="0" id="s1-s1-s2-s5" name="TC6 Validar botao CONFIRA Tela Home">Test.Features.2-Tela home.TC6 Validar botao CONFIRA Tela Home</stat>
<stat pass="1" fail="0" skip="0" id="s1-s1-s2-s6" name="TC7 Validar minimizar menu hamburger">Test.Features.2-Tela home.TC7 Validar minimizar menu hamburger</stat>
<stat pass="1" fail="0" skip="0" id="s1-s1-s2-s7" name="TC8 Validar maximizar menu hamburger">Test.Features.2-Tela home.TC8 Validar maximizar menu hamburger</stat>
<stat pass="1" fail="0" skip="0" id="s1-s1-s2-s8" name="TC9 Validar descansar mouse em incone menuHamburger">Test.Features.2-Tela home.TC9 Validar descansar mouse em incone menuHamburger</stat>
</suite>
</statistics>
<errors>
</errors>
</robot>
