<?xml version="1.0" encoding="UTF-8"?>
<robot generator="Robot 6.1.1 (Python 3.11.4 on win32)" generated="20231123 10:20:16.881" rpa="false" schemaversion="4">
<suite id="s1" name="Test" source="c:\PROJETOS\TESTES\ROBOT\SmartPOS\test">
<suite id="s1-s1" name="Features" source="c:\PROJETOS\TESTES\ROBOT\SmartPOS\test\features">
<suite id="s1-s1-s1" name="1-Tela login" source="c:\PROJETOS\TESTES\ROBOT\SmartPOS\test\features\1-Tela login">
<suite id="s1-s1-s1-s1" name="TC1 login sucesso" source="c:\PROJETOS\TESTES\ROBOT\SmartPOS\test\features\1-Tela login\TC1_login_sucesso.robot">
<kw name="Iniciar o sistema" library="hooks" type="SETUP">
<kw name="Carregar imagens do sistema" library="BaseImages">
<for flavor="IN">
<var>${dir}</var>
<value>@{IMAGE_DIR}</value>
<iter>
<var name="${dir}">src\auto\images</var>
<kw name="Add Image Path" library="SikuliLibrary">
<arg>${dir}</arg>
<doc>Add image path</doc>
<status status="PASS" starttime="20231123 10:20:18.554" endtime="20231123 10:20:18.565"/>
</kw>
<status status="PASS" starttime="20231123 10:20:18.554" endtime="20231123 10:20:18.565"/>
</iter>
<iter>
<var name="${dir}">src\auto\images\login</var>
<kw name="Add Image Path" library="SikuliLibrary">
<arg>${dir}</arg>
<doc>Add image path</doc>
<status status="PASS" starttime="20231123 10:20:18.565" endtime="20231123 10:20:18.568"/>
</kw>
<status status="PASS" starttime="20231123 10:20:18.565" endtime="20231123 10:20:18.568"/>
</iter>
<iter>
<var name="${dir}">src\auto\images\home</var>
<kw name="Add Image Path" library="SikuliLibrary">
<arg>${dir}</arg>
<doc>Add image path</doc>
<status status="PASS" starttime="20231123 10:20:18.568" endtime="20231123 10:20:18.571"/>
</kw>
<status status="PASS" starttime="20231123 10:20:18.568" endtime="20231123 10:20:18.571"/>
</iter>
<iter>
<var name="${dir}">src\auto\images\logout</var>
<kw name="Add Image Path" library="SikuliLibrary">
<arg>${dir}</arg>
<doc>Add image path</doc>
<status status="PASS" starttime="20231123 10:20:18.571" endtime="20231123 10:20:18.574"/>
</kw>
<status status="PASS" starttime="20231123 10:20:18.571" endtime="20231123 10:20:18.574"/>
</iter>
<status status="PASS" starttime="20231123 10:20:18.553" endtime="20231123 10:20:18.574"/>
</for>
<status status="PASS" starttime="20231123 10:20:18.553" endtime="20231123 10:20:18.574"/>
</kw>
<kw name="Executar sistema SmartPdv" library="hooks">
<kw name="Open Application" library="SikuliLibrary">
<arg>D://Netpos//SmartPdv//SmartPdv.exe</arg>
<doc>Open application
 To open app with parameters, refer:
 https://sikulix-2014.readthedocs.io/en/latest/appclass.html#App.App</doc>
<status status="PASS" starttime="20231123 10:20:18.574" endtime="20231123 10:20:19.794"/>
</kw>
<status status="PASS" starttime="20231123 10:20:18.574" endtime="20231123 10:20:19.794"/>
</kw>
<status status="PASS" starttime="20231123 10:20:18.553" endtime="20231123 10:20:19.794"/>
</kw>
<test id="s1-s1-s1-s1-t1" name="Cenário 1: Fazer um login de sucesso" line="9">
<kw name="Estar na tela de Login" library="kws_loginSucesso">
<kw name="Wait Until Screen Contain" library="SikuliLibrary">
<arg>${option_telaLogin.telaLogin}</arg>
<arg>${TIMEOUT.DEFAULT}</arg>
<doc>Wait until screen contain
 Wait until image shown in screen</doc>
<msg timestamp="20231123 10:20:20.315" level="INFO" html="true">&lt;img src='sikuli_captured/sikuliximage-1700745620293.png'/&gt;</msg>
<status status="PASS" starttime="20231123 10:20:19.795" endtime="20231123 10:20:20.316"/>
</kw>
<kw name="Screen Should Contain" library="SikuliLibrary">
<arg>${option_telaLogin.telaLogin}</arg>
<doc>Screen should contain</doc>
<msg timestamp="20231123 10:20:20.448" level="INFO" html="true">&lt;img src='sikuli_captured/sikuliximage-1700745620435.png'/&gt;</msg>
<status status="PASS" starttime="20231123 10:20:20.316" endtime="20231123 10:20:20.449"/>
</kw>
<status status="PASS" starttime="20231123 10:20:19.795" endtime="20231123 10:20:20.449"/>
</kw>
<kw name="No campo input email, digite um email válido" library="kws_loginSucesso">
<kw name="Wait Until Screen Contain" library="SikuliLibrary">
<arg>${option_telaLogin.input_email}</arg>
<arg>${TIMEOUT.DEFAULT}</arg>
<doc>Wait until screen contain
 Wait until image shown in screen</doc>
<msg timestamp="20231123 10:20:20.565" level="INFO" html="true">&lt;img src='sikuli_captured/sikuliximage-1700745620562.png'/&gt;</msg>
<status status="PASS" starttime="20231123 10:20:20.449" endtime="20231123 10:20:20.565"/>
</kw>
<kw name="Input Text" library="SikuliLibrary">
<arg>${option_telaLogin.input_email}</arg>
<arg>${EMAIL}</arg>
<doc>Input text.
 Image could be empty</doc>
<msg timestamp="20231123 10:20:23.953" level="INFO">Input Text:
eduardograciebarra@gmail.com</msg>
<msg timestamp="20231123 10:20:23.953" level="INFO" html="true">&lt;img src='sikuli_captured/sikuliximage-1700745620686.png'/&gt;
[log] CLICK on L[957,476]@S(0) (556 msec)
[log]  TYPE "eduardograciebarra@gmail.com"</msg>
<status status="PASS" starttime="20231123 10:20:20.565" endtime="20231123 10:20:23.954"/>
</kw>
<status status="PASS" starttime="20231123 10:20:20.449" endtime="20231123 10:20:23.954"/>
</kw>
<kw name="No campo inpuit senha, digite uma senha válida" library="kws_loginSucesso">
<kw name="Wait Until Screen Contain" library="SikuliLibrary">
<arg>${option_telaLogin.input_password}</arg>
<arg>${TIMEOUT.DEFAULT}</arg>
<doc>Wait until screen contain
 Wait until image shown in screen</doc>
<msg timestamp="20231123 10:20:24.101" level="INFO" html="true">&lt;img src='sikuli_captured/sikuliximage-1700745624098.png'/&gt;</msg>
<status status="PASS" starttime="20231123 10:20:23.954" endtime="20231123 10:20:24.101"/>
</kw>
<kw name="Input Text" library="SikuliLibrary">
<arg>${option_telaLogin.input_password}</arg>
<arg>${SENHA}</arg>
<doc>Input text.
 Image could be empty</doc>
<msg timestamp="20231123 10:20:25.653" level="INFO">Input Text:
teste123</msg>
<msg timestamp="20231123 10:20:25.653" level="INFO" html="true">&lt;img src='sikuli_captured/sikuliximage-1700745624224.png'/&gt;
[log] CLICK on L[957,558]@S(0) (563 msec)
[log]  TYPE "teste123"</msg>
<status status="PASS" starttime="20231123 10:20:24.101" endtime="20231123 10:20:25.653"/>
</kw>
<status status="PASS" starttime="20231123 10:20:23.954" endtime="20231123 10:20:25.654"/>
</kw>
<kw name="Clique no botao Entrar" library="kws_loginSucesso">
<kw name="Wait Until Screen Contain" library="SikuliLibrary">
<arg>${option_telaLogin.btn_entrar}</arg>
<arg>${TIMEOUT.DEFAULT}</arg>
<doc>Wait until screen contain
 Wait until image shown in screen</doc>
<msg timestamp="20231123 10:20:25.783" level="INFO" html="true">&lt;img src='sikuli_captured/sikuliximage-1700745625781.png'/&gt;</msg>
<status status="PASS" starttime="20231123 10:20:25.654" endtime="20231123 10:20:25.784"/>
</kw>
<kw name="Click" library="SikuliLibrary">
<arg>${option_telaLogin.btn_entrar}</arg>
<doc>Click</doc>
<msg timestamp="20231123 10:20:26.545" level="INFO" html="true">&lt;img src='sikuli_captured/sikuliximage-1700745625904.png'/&gt;
[log] CLICK on L[957,665]@S(0) (558 msec)</msg>
<status status="PASS" starttime="20231123 10:20:25.784" endtime="20231123 10:20:26.545"/>
</kw>
<status status="PASS" starttime="20231123 10:20:25.654" endtime="20231123 10:20:26.546"/>
</kw>
<kw name="Ir para a tela Home" library="kws_loginSucesso">
<kw name="Wait Until Screen Contain" library="SikuliLibrary">
<arg>${option_telaHome.telaHome}</arg>
<arg>${TIMEOUT.DEFAULT}</arg>
<doc>Wait until screen contain
 Wait until image shown in screen</doc>
<msg timestamp="20231123 10:20:36.519" level="INFO" html="true">&lt;img src='sikuli_captured/sikuliximage-1700745636427.png'/&gt;</msg>
<status status="PASS" starttime="20231123 10:20:26.546" endtime="20231123 10:20:36.519"/>
</kw>
<kw name="Screen Should Contain" library="SikuliLibrary">
<arg>${option_telaHome.telaHome}</arg>
<doc>Screen should contain</doc>
<msg timestamp="20231123 10:20:36.788" level="INFO" html="true">&lt;img src='sikuli_captured/sikuliximage-1700745636692.png'/&gt;</msg>
<status status="PASS" starttime="20231123 10:20:36.519" endtime="20231123 10:20:36.789"/>
</kw>
<kw name="Capture Screen" library="SikuliLibrary">
<doc>Capture whole screen, file name is returned</doc>
<msg timestamp="20231123 10:20:36.906" level="INFO" html="true">&lt;img src='sikuli_captured/sikuliximage-1700745636817.png'/&gt;</msg>
<status status="PASS" starttime="20231123 10:20:36.789" endtime="20231123 10:20:36.906"/>
</kw>
<status status="PASS" starttime="20231123 10:20:26.546" endtime="20231123 10:20:36.906"/>
</kw>
<status status="PASS" starttime="20231123 10:20:19.794" endtime="20231123 10:20:36.906"/>
</test>
<kw name="Fechar o sistema" library="hooks" type="TEARDOWN">
<kw name="Capture Screen" library="SikuliLibrary">
<doc>Capture whole screen, file name is returned</doc>
<msg timestamp="20231123 10:20:37.031" level="INFO" html="true">&lt;img src='sikuli_captured/sikuliximage-1700745636941.png'/&gt;</msg>
<status status="PASS" starttime="20231123 10:20:36.907" endtime="20231123 10:20:37.032"/>
</kw>
<kw name="Clique no botao de logout" library="kws_logoutSucesso">
<kw name="Ir para a tela Home" library="kws_loginSucesso">
<kw name="Wait Until Screen Contain" library="SikuliLibrary">
<arg>${option_telaHome.telaHome}</arg>
<arg>${TIMEOUT.DEFAULT}</arg>
<doc>Wait until screen contain
 Wait until image shown in screen</doc>
<msg timestamp="20231123 10:20:37.312" level="INFO" html="true">&lt;img src='sikuli_captured/sikuliximage-1700745637221.png'/&gt;</msg>
<status status="PASS" starttime="20231123 10:20:37.033" endtime="20231123 10:20:37.312"/>
</kw>
<kw name="Screen Should Contain" library="SikuliLibrary">
<arg>${option_telaHome.telaHome}</arg>
<doc>Screen should contain</doc>
<msg timestamp="20231123 10:20:37.577" level="INFO" html="true">&lt;img src='sikuli_captured/sikuliximage-1700745637485.png'/&gt;</msg>
<status status="PASS" starttime="20231123 10:20:37.313" endtime="20231123 10:20:37.577"/>
</kw>
<kw name="Capture Screen" library="SikuliLibrary">
<doc>Capture whole screen, file name is returned</doc>
<msg timestamp="20231123 10:20:37.694" level="INFO" html="true">&lt;img src='sikuli_captured/sikuliximage-1700745637608.png'/&gt;</msg>
<status status="PASS" starttime="20231123 10:20:37.577" endtime="20231123 10:20:37.694"/>
</kw>
<status status="PASS" starttime="20231123 10:20:37.032" endtime="20231123 10:20:37.695"/>
</kw>
<kw name="Wait Until Screen Contain" library="SikuliLibrary">
<arg>${options_logout.inc_logout}</arg>
<arg>${TIMEOUT.DEFAULT}</arg>
<doc>Wait until screen contain
 Wait until image shown in screen</doc>
<msg timestamp="20231123 10:20:37.813" level="INFO" html="true">&lt;img src='sikuli_captured/sikuliximage-1700745637811.png'/&gt;</msg>
<status status="PASS" starttime="20231123 10:20:37.695" endtime="20231123 10:20:37.814"/>
</kw>
<kw name="Click" library="SikuliLibrary">
<arg>${options_logout.inc_logout}</arg>
<doc>Click</doc>
<msg timestamp="20231123 10:20:38.603" level="INFO" html="true">&lt;img src='sikuli_captured/sikuliximage-1700745637938.png'/&gt;
[log] CLICK on L[148,652]@S(0) (569 msec)</msg>
<status status="PASS" starttime="20231123 10:20:37.814" endtime="20231123 10:20:38.603"/>
</kw>
<status status="PASS" starttime="20231123 10:20:37.032" endtime="20231123 10:20:38.603"/>
</kw>
<kw name="Clique em sim" library="kws_logoutSucesso">
<kw name="Wait Until Screen Contain" library="SikuliLibrary">
<arg>${options_logout.tela_deseja_realizar_logout}</arg>
<arg>${TIMEOUT.DEFAULT}</arg>
<doc>Wait until screen contain
 Wait until image shown in screen</doc>
<msg timestamp="20231123 10:20:38.734" level="INFO" html="true">&lt;img src='sikuli_captured/sikuliximage-1700745638729.png'/&gt;</msg>
<status status="PASS" starttime="20231123 10:20:38.605" endtime="20231123 10:20:38.735"/>
</kw>
<kw name="Sleep" library="BuiltIn">
<arg>${TIMEOUT.MINIMAL}</arg>
<doc>Pauses the test executed for the given time.</doc>
<msg timestamp="20231123 10:20:43.735" level="INFO">Slept 5 seconds</msg>
<status status="PASS" starttime="20231123 10:20:38.735" endtime="20231123 10:20:43.735"/>
</kw>
<kw name="Click" library="SikuliLibrary">
<arg>${options_logout.btn_sim}</arg>
<doc>Click</doc>
<msg timestamp="20231123 10:20:44.533" level="INFO" html="true">&lt;img src='sikuli_captured/sikuliximage-1700745643868.png'/&gt;
[log] CLICK on L[860,651]@S(0) (565 msec)</msg>
<status status="PASS" starttime="20231123 10:20:43.735" endtime="20231123 10:20:44.533"/>
</kw>
<kw name="Wait Until Screen Contain" library="SikuliLibrary">
<arg>${option_telaLogin.telaLogin}</arg>
<arg>${TIMEOUT.DEFAULT}</arg>
<doc>Wait until screen contain
 Wait until image shown in screen</doc>
<msg timestamp="20231123 10:20:45.001" level="INFO" html="true">&lt;img src='sikuli_captured/sikuliximage-1700745644990.png'/&gt;</msg>
<status status="PASS" starttime="20231123 10:20:44.534" endtime="20231123 10:20:45.001"/>
</kw>
<kw name="Screen Should Contain" library="SikuliLibrary">
<arg>${option_telaLogin.telaLogin}</arg>
<doc>Screen should contain</doc>
<msg timestamp="20231123 10:20:45.142" level="INFO" html="true">&lt;img src='sikuli_captured/sikuliximage-1700745645130.png'/&gt;</msg>
<status status="PASS" starttime="20231123 10:20:45.001" endtime="20231123 10:20:45.142"/>
</kw>
<kw name="Capture Screen" library="SikuliLibrary">
<doc>Capture whole screen, file name is returned</doc>
<msg timestamp="20231123 10:20:45.220" level="INFO" html="true">&lt;img src='sikuli_captured/sikuliximage-1700745645176.png'/&gt;</msg>
<status status="PASS" starttime="20231123 10:20:45.143" endtime="20231123 10:20:45.221"/>
</kw>
<status status="PASS" starttime="20231123 10:20:38.603" endtime="20231123 10:20:45.221"/>
</kw>
<status status="PASS" starttime="20231123 10:20:36.907" endtime="20231123 10:20:45.221"/>
</kw>
<status status="PASS" starttime="20231123 10:20:16.895" endtime="20231123 10:20:45.221"/>
</suite>
<status status="PASS" starttime="20231123 10:20:16.894" endtime="20231123 10:20:45.222"/>
</suite>
<suite id="s1-s1-s2" name="2-Tela home" source="c:\PROJETOS\TESTES\ROBOT\SmartPOS\test\features\2-Tela home">
<suite id="s1-s1-s2-s1" name="TC2 Validar Header Tela Home" source="c:\PROJETOS\TESTES\ROBOT\SmartPOS\test\features\2-Tela home\TC2_Validar_Header_Tela_Home.robot">
<kw name="Iniciar o sistema" library="hooks" type="SETUP">
<kw name="Carregar imagens do sistema" library="BaseImages">
<for flavor="IN">
<var>${dir}</var>
<value>@{IMAGE_DIR}</value>
<iter>
<var name="${dir}">src\auto\images</var>
<kw name="Add Image Path" library="SikuliLibrary">
<arg>${dir}</arg>
<doc>Add image path</doc>
<status status="PASS" starttime="20231123 10:20:45.231" endtime="20231123 10:20:45.234"/>
</kw>
<status status="PASS" starttime="20231123 10:20:45.231" endtime="20231123 10:20:45.234"/>
</iter>
<iter>
<var name="${dir}">src\auto\images\login</var>
<kw name="Add Image Path" library="SikuliLibrary">
<arg>${dir}</arg>
<doc>Add image path</doc>
<status status="PASS" starttime="20231123 10:20:45.235" endtime="20231123 10:20:45.237"/>
</kw>
<status status="PASS" starttime="20231123 10:20:45.235" endtime="20231123 10:20:45.237"/>
</iter>
<iter>
<var name="${dir}">src\auto\images\home</var>
<kw name="Add Image Path" library="SikuliLibrary">
<arg>${dir}</arg>
<doc>Add image path</doc>
<status status="PASS" starttime="20231123 10:20:45.237" endtime="20231123 10:20:45.239"/>
</kw>
<status status="PASS" starttime="20231123 10:20:45.237" endtime="20231123 10:20:45.239"/>
</iter>
<iter>
<var name="${dir}">src\auto\images\logout</var>
<kw name="Add Image Path" library="SikuliLibrary">
<arg>${dir}</arg>
<doc>Add image path</doc>
<status status="PASS" starttime="20231123 10:20:45.239" endtime="20231123 10:20:45.241"/>
</kw>
<status status="PASS" starttime="20231123 10:20:45.239" endtime="20231123 10:20:45.241"/>
</iter>
<status status="PASS" starttime="20231123 10:20:45.231" endtime="20231123 10:20:45.241"/>
</for>
<status status="PASS" starttime="20231123 10:20:45.231" endtime="20231123 10:20:45.241"/>
</kw>
<kw name="Executar sistema SmartPdv" library="hooks">
<kw name="Open Application" library="SikuliLibrary">
<arg>D://Netpos//SmartPdv//SmartPdv.exe</arg>
<doc>Open application
 To open app with parameters, refer:
 https://sikulix-2014.readthedocs.io/en/latest/appclass.html#App.App</doc>
<status status="PASS" starttime="20231123 10:20:45.241" endtime="20231123 10:20:45.278"/>
</kw>
<status status="PASS" starttime="20231123 10:20:45.241" endtime="20231123 10:20:45.278"/>
</kw>
<status status="PASS" starttime="20231123 10:20:45.231" endtime="20231123 10:20:45.278"/>
</kw>
<test id="s1-s1-s2-s1-t1" name="Cenario 01 - Validar o Header da Tela Home" line="8">
<kw name="Logar no sistema smartPOS" library="kws_validar_header_tela_home">
<kw name="Estar na tela de Login" library="kws_loginSucesso">
<kw name="Wait Until Screen Contain" library="SikuliLibrary">
<arg>${option_telaLogin.telaLogin}</arg>
<arg>${TIMEOUT.DEFAULT}</arg>
<doc>Wait until screen contain
 Wait until image shown in screen</doc>
<msg timestamp="20231123 10:20:45.424" level="INFO" html="true">&lt;img src='sikuli_captured/sikuliximage-1700745645411.png'/&gt;</msg>
<status status="PASS" starttime="20231123 10:20:45.279" endtime="20231123 10:20:45.424"/>
</kw>
<kw name="Screen Should Contain" library="SikuliLibrary">
<arg>${option_telaLogin.telaLogin}</arg>
<doc>Screen should contain</doc>
<msg timestamp="20231123 10:20:45.563" level="INFO" html="true">&lt;img src='sikuli_captured/sikuliximage-1700745645551.png'/&gt;</msg>
<status status="PASS" starttime="20231123 10:20:45.424" endtime="20231123 10:20:45.563"/>
</kw>
<status status="PASS" starttime="20231123 10:20:45.279" endtime="20231123 10:20:45.563"/>
</kw>
<status status="PASS" starttime="20231123 10:20:45.279" endtime="20231123 10:20:45.563"/>
</kw>
<kw name="No campo input E-mail adicionar o e-mail valido" library="kws_validar_header_tela_home">
<kw name="No campo input email, digite um email válido" library="kws_loginSucesso">
<kw name="Wait Until Screen Contain" library="SikuliLibrary">
<arg>${option_telaLogin.input_email}</arg>
<arg>${TIMEOUT.DEFAULT}</arg>
<doc>Wait until screen contain
 Wait until image shown in screen</doc>
<msg timestamp="20231123 10:20:45.678" level="INFO" html="true">&lt;img src='sikuli_captured/sikuliximage-1700745645676.png'/&gt;</msg>
<status status="PASS" starttime="20231123 10:20:45.563" endtime="20231123 10:20:45.678"/>
</kw>
<kw name="Input Text" library="SikuliLibrary">
<arg>${option_telaLogin.input_email}</arg>
<arg>${EMAIL}</arg>
<doc>Input text.
 Image could be empty</doc>
<msg timestamp="20231123 10:20:49.016" level="INFO">Input Text:
eduardograciebarra@gmail.com</msg>
<msg timestamp="20231123 10:20:49.016" level="INFO" html="true">&lt;img src='sikuli_captured/sikuliximage-1700745645786.png'/&gt;
[log] CLICK on L[957,476]@S(0) (560 msec)
[log]  TYPE "eduardograciebarra@gmail.com"</msg>
<status status="PASS" starttime="20231123 10:20:45.679" endtime="20231123 10:20:49.016"/>
</kw>
<status status="PASS" starttime="20231123 10:20:45.563" endtime="20231123 10:20:49.016"/>
</kw>
<status status="PASS" starttime="20231123 10:20:45.563" endtime="20231123 10:20:49.017"/>
</kw>
<kw name="No campo input senha digitar uma senha valida" library="kws_validar_header_tela_home">
<kw name="No campo inpuit senha, digite uma senha válida" library="kws_loginSucesso">
<kw name="Wait Until Screen Contain" library="SikuliLibrary">
<arg>${option_telaLogin.input_password}</arg>
<arg>${TIMEOUT.DEFAULT}</arg>
<doc>Wait until screen contain
 Wait until image shown in screen</doc>
<msg timestamp="20231123 10:20:49.131" level="INFO" html="true">&lt;img src='sikuli_captured/sikuliximage-1700745649129.png'/&gt;</msg>
<status status="PASS" starttime="20231123 10:20:49.017" endtime="20231123 10:20:49.131"/>
</kw>
<kw name="Input Text" library="SikuliLibrary">
<arg>${option_telaLogin.input_password}</arg>
<arg>${SENHA}</arg>
<doc>Input text.
 Image could be empty</doc>
<msg timestamp="20231123 10:20:50.654" level="INFO">Input Text:
teste123</msg>
<msg timestamp="20231123 10:20:50.654" level="INFO" html="true">&lt;img src='sikuli_captured/sikuliximage-1700745649253.png'/&gt;
[log] CLICK on L[957,558]@S(0) (561 msec)
[log]  TYPE "teste123"</msg>
<status status="PASS" starttime="20231123 10:20:49.131" endtime="20231123 10:20:50.654"/>
</kw>
<status status="PASS" starttime="20231123 10:20:49.017" endtime="20231123 10:20:50.654"/>
</kw>
<status status="PASS" starttime="20231123 10:20:49.017" endtime="20231123 10:20:50.655"/>
</kw>
<kw name="Clique no botão entrar" library="kws_validar_header_tela_home">
<kw name="Clique no botao Entrar" library="kws_loginSucesso">
<kw name="Wait Until Screen Contain" library="SikuliLibrary">
<arg>${option_telaLogin.btn_entrar}</arg>
<arg>${TIMEOUT.DEFAULT}</arg>
<doc>Wait until screen contain
 Wait until image shown in screen</doc>
<msg timestamp="20231123 10:20:50.776" level="INFO" html="true">&lt;img src='sikuli_captured/sikuliximage-1700745650766.png'/&gt;</msg>
<status status="PASS" starttime="20231123 10:20:50.655" endtime="20231123 10:20:50.777"/>
</kw>
<kw name="Click" library="SikuliLibrary">
<arg>${option_telaLogin.btn_entrar}</arg>
<doc>Click</doc>
<msg timestamp="20231123 10:20:51.538" level="INFO" html="true">&lt;img src='sikuli_captured/sikuliximage-1700745650890.png'/&gt;
[log] CLICK on L[957,665]@S(0) (565 msec)</msg>
<status status="PASS" starttime="20231123 10:20:50.777" endtime="20231123 10:20:51.538"/>
</kw>
<status status="PASS" starttime="20231123 10:20:50.655" endtime="20231123 10:20:51.539"/>
</kw>
<status status="PASS" starttime="20231123 10:20:50.655" endtime="20231123 10:20:51.539"/>
</kw>
<kw name="Verifico o header da tela home" library="kws_validar_header_tela_home">
<kw name="Ir para a tela Home" library="kws_loginSucesso">
<kw name="Wait Until Screen Contain" library="SikuliLibrary">
<arg>${option_telaHome.telaHome}</arg>
<arg>${TIMEOUT.DEFAULT}</arg>
<doc>Wait until screen contain
 Wait until image shown in screen</doc>
<msg timestamp="20231123 10:21:01.124" level="INFO" html="true">&lt;img src='sikuli_captured/sikuliximage-1700745661034.png'/&gt;</msg>
<status status="PASS" starttime="20231123 10:20:51.539" endtime="20231123 10:21:01.124"/>
</kw>
<kw name="Screen Should Contain" library="SikuliLibrary">
<arg>${option_telaHome.telaHome}</arg>
<doc>Screen should contain</doc>
<msg timestamp="20231123 10:21:01.381" level="INFO" html="true">&lt;img src='sikuli_captured/sikuliximage-1700745661301.png'/&gt;</msg>
<status status="PASS" starttime="20231123 10:21:01.124" endtime="20231123 10:21:01.381"/>
</kw>
<kw name="Capture Screen" library="SikuliLibrary">
<doc>Capture whole screen, file name is returned</doc>
<msg timestamp="20231123 10:21:01.498" level="INFO" html="true">&lt;img src='sikuli_captured/sikuliximage-1700745661411.png'/&gt;</msg>
<status status="PASS" starttime="20231123 10:21:01.381" endtime="20231123 10:21:01.498"/>
</kw>
<status status="PASS" starttime="20231123 10:20:51.539" endtime="20231123 10:21:01.498"/>
</kw>
<kw name="Wait Until Screen Contain" library="SikuliLibrary">
<arg>${option_telaHome.headerHome}</arg>
<arg>${TIMEOUT.DEFAULT}</arg>
<doc>Wait until screen contain
 Wait until image shown in screen</doc>
<msg timestamp="20231123 10:21:01.587" level="INFO" html="true">&lt;img src='sikuli_captured/sikuliximage-1700745661583.png'/&gt;</msg>
<status status="PASS" starttime="20231123 10:21:01.498" endtime="20231123 10:21:01.587"/>
</kw>
<kw name="Screen Should Contain" library="SikuliLibrary">
<arg>${option_telaHome.headerHome}</arg>
<doc>Screen should contain</doc>
<msg timestamp="20231123 10:21:01.681" level="INFO" html="true">&lt;img src='sikuli_captured/sikuliximage-1700745661677.png'/&gt;</msg>
<status status="PASS" starttime="20231123 10:21:01.587" endtime="20231123 10:21:01.681"/>
</kw>
<kw name="Capture Screen" library="SikuliLibrary">
<doc>Capture whole screen, file name is returned</doc>
<msg timestamp="20231123 10:21:01.810" level="INFO" html="true">&lt;img src='sikuli_captured/sikuliximage-1700745661724.png'/&gt;</msg>
<status status="PASS" starttime="20231123 10:21:01.682" endtime="20231123 10:21:01.810"/>
</kw>
<status status="PASS" starttime="20231123 10:20:51.539" endtime="20231123 10:21:01.810"/>
</kw>
<status status="PASS" starttime="20231123 10:20:45.279" endtime="20231123 10:21:01.811"/>
</test>
<kw name="Fechar o sistema" library="hooks" type="TEARDOWN">
<kw name="Capture Screen" library="SikuliLibrary">
<doc>Capture whole screen, file name is returned</doc>
<msg timestamp="20231123 10:21:01.937" level="INFO" html="true">&lt;img src='sikuli_captured/sikuliximage-1700745661849.png'/&gt;</msg>
<status status="PASS" starttime="20231123 10:21:01.811" endtime="20231123 10:21:01.937"/>
</kw>
<kw name="Clique no botao de logout" library="kws_logoutSucesso">
<kw name="Ir para a tela Home" library="kws_loginSucesso">
<kw name="Wait Until Screen Contain" library="SikuliLibrary">
<arg>${option_telaHome.telaHome}</arg>
<arg>${TIMEOUT.DEFAULT}</arg>
<doc>Wait until screen contain
 Wait until image shown in screen</doc>
<msg timestamp="20231123 10:21:02.190" level="INFO" html="true">&lt;img src='sikuli_captured/sikuliximage-1700745662098.png'/&gt;</msg>
<status status="PASS" starttime="20231123 10:21:01.938" endtime="20231123 10:21:02.190"/>
</kw>
<kw name="Screen Should Contain" library="SikuliLibrary">
<arg>${option_telaHome.telaHome}</arg>
<doc>Screen should contain</doc>
<msg timestamp="20231123 10:21:02.471" level="INFO" html="true">&lt;img src='sikuli_captured/sikuliximage-1700745662380.png'/&gt;</msg>
<status status="PASS" starttime="20231123 10:21:02.190" endtime="20231123 10:21:02.471"/>
</kw>
<kw name="Capture Screen" library="SikuliLibrary">
<doc>Capture whole screen, file name is returned</doc>
<msg timestamp="20231123 10:21:02.593" level="INFO" html="true">&lt;img src='sikuli_captured/sikuliximage-1700745662504.png'/&gt;</msg>
<status status="PASS" starttime="20231123 10:21:02.471" endtime="20231123 10:21:02.593"/>
</kw>
<status status="PASS" starttime="20231123 10:21:01.937" endtime="20231123 10:21:02.593"/>
</kw>
<kw name="Wait Until Screen Contain" library="SikuliLibrary">
<arg>${options_logout.inc_logout}</arg>
<arg>${TIMEOUT.DEFAULT}</arg>
<doc>Wait until screen contain
 Wait until image shown in screen</doc>
<msg timestamp="20231123 10:21:02.707" level="INFO" html="true">&lt;img src='sikuli_captured/sikuliximage-1700745662705.png'/&gt;</msg>
<status status="PASS" starttime="20231123 10:21:02.594" endtime="20231123 10:21:02.707"/>
</kw>
<kw name="Click" library="SikuliLibrary">
<arg>${options_logout.inc_logout}</arg>
<doc>Click</doc>
<msg timestamp="20231123 10:21:03.500" level="INFO" html="true">&lt;img src='sikuli_captured/sikuliximage-1700745662832.png'/&gt;
[log] CLICK on L[148,652]@S(0) (568 msec)</msg>
<status status="PASS" starttime="20231123 10:21:02.707" endtime="20231123 10:21:03.501"/>
</kw>
<status status="PASS" starttime="20231123 10:21:01.937" endtime="20231123 10:21:03.501"/>
</kw>
<kw name="Clique em sim" library="kws_logoutSucesso">
<kw name="Wait Until Screen Contain" library="SikuliLibrary">
<arg>${options_logout.tela_deseja_realizar_logout}</arg>
<arg>${TIMEOUT.DEFAULT}</arg>
<doc>Wait until screen contain
 Wait until image shown in screen</doc>
<msg timestamp="20231123 10:21:03.624" level="INFO" html="true">&lt;img src='sikuli_captured/sikuliximage-1700745663610.png'/&gt;</msg>
<status status="PASS" starttime="20231123 10:21:03.501" endtime="20231123 10:21:03.624"/>
</kw>
<kw name="Sleep" library="BuiltIn">
<arg>${TIMEOUT.MINIMAL}</arg>
<doc>Pauses the test executed for the given time.</doc>
<msg timestamp="20231123 10:21:08.625" level="INFO">Slept 5 seconds</msg>
<status status="PASS" starttime="20231123 10:21:03.624" endtime="20231123 10:21:08.625"/>
</kw>
<kw name="Click" library="SikuliLibrary">
<arg>${options_logout.btn_sim}</arg>
<doc>Click</doc>
<msg timestamp="20231123 10:21:09.414" level="INFO" html="true">&lt;img src='sikuli_captured/sikuliximage-1700745668748.png'/&gt;
[log] CLICK on L[860,651]@S(0) (559 msec)</msg>
<status status="PASS" starttime="20231123 10:21:08.625" endtime="20231123 10:21:09.415"/>
</kw>
<kw name="Wait Until Screen Contain" library="SikuliLibrary">
<arg>${option_telaLogin.telaLogin}</arg>
<arg>${TIMEOUT.DEFAULT}</arg>
<doc>Wait until screen contain
 Wait until image shown in screen</doc>
<msg timestamp="20231123 10:21:09.875" level="INFO" html="true">&lt;img src='sikuli_captured/sikuliximage-1700745669856.png'/&gt;</msg>
<status status="PASS" starttime="20231123 10:21:09.415" endtime="20231123 10:21:09.875"/>
</kw>
<kw name="Screen Should Contain" library="SikuliLibrary">
<arg>${option_telaLogin.telaLogin}</arg>
<doc>Screen should contain</doc>
<msg timestamp="20231123 10:21:10.008" level="INFO" html="true">&lt;img src='sikuli_captured/sikuliximage-1700745669997.png'/&gt;</msg>
<status status="PASS" starttime="20231123 10:21:09.875" endtime="20231123 10:21:10.008"/>
</kw>
<kw name="Capture Screen" library="SikuliLibrary">
<doc>Capture whole screen, file name is returned</doc>
<msg timestamp="20231123 10:21:10.089" level="INFO" html="true">&lt;img src='sikuli_captured/sikuliximage-1700745670044.png'/&gt;</msg>
<status status="PASS" starttime="20231123 10:21:10.009" endtime="20231123 10:21:10.089"/>
</kw>
<status status="PASS" starttime="20231123 10:21:03.501" endtime="20231123 10:21:10.089"/>
</kw>
<status status="PASS" starttime="20231123 10:21:01.811" endtime="20231123 10:21:10.089"/>
</kw>
<status status="PASS" starttime="20231123 10:20:45.224" endtime="20231123 10:21:10.089"/>
</suite>
<suite id="s1-s1-s2-s2" name="TC3 Validar Menu Hamburger Tela Home" source="c:\PROJETOS\TESTES\ROBOT\SmartPOS\test\features\2-Tela home\TC3_Validar_Menu_Hamburger_Tela_Home.robot">
<kw name="Iniciar o sistema" library="hooks" type="SETUP">
<kw name="Carregar imagens do sistema" library="BaseImages">
<for flavor="IN">
<var>${dir}</var>
<value>@{IMAGE_DIR}</value>
<iter>
<var name="${dir}">src\auto\images</var>
<kw name="Add Image Path" library="SikuliLibrary">
<arg>${dir}</arg>
<doc>Add image path</doc>
<status status="PASS" starttime="20231123 10:21:10.097" endtime="20231123 10:21:10.099"/>
</kw>
<status status="PASS" starttime="20231123 10:21:10.097" endtime="20231123 10:21:10.099"/>
</iter>
<iter>
<var name="${dir}">src\auto\images\login</var>
<kw name="Add Image Path" library="SikuliLibrary">
<arg>${dir}</arg>
<doc>Add image path</doc>
<status status="PASS" starttime="20231123 10:21:10.099" endtime="20231123 10:21:10.102"/>
</kw>
<status status="PASS" starttime="20231123 10:21:10.099" endtime="20231123 10:21:10.102"/>
</iter>
<iter>
<var name="${dir}">src\auto\images\home</var>
<kw name="Add Image Path" library="SikuliLibrary">
<arg>${dir}</arg>
<doc>Add image path</doc>
<status status="PASS" starttime="20231123 10:21:10.102" endtime="20231123 10:21:10.104"/>
</kw>
<status status="PASS" starttime="20231123 10:21:10.102" endtime="20231123 10:21:10.104"/>
</iter>
<iter>
<var name="${dir}">src\auto\images\logout</var>
<kw name="Add Image Path" library="SikuliLibrary">
<arg>${dir}</arg>
<doc>Add image path</doc>
<status status="PASS" starttime="20231123 10:21:10.105" endtime="20231123 10:21:10.108"/>
</kw>
<status status="PASS" starttime="20231123 10:21:10.105" endtime="20231123 10:21:10.108"/>
</iter>
<status status="PASS" starttime="20231123 10:21:10.096" endtime="20231123 10:21:10.108"/>
</for>
<status status="PASS" starttime="20231123 10:21:10.096" endtime="20231123 10:21:10.108"/>
</kw>
<kw name="Executar sistema SmartPdv" library="hooks">
<kw name="Open Application" library="SikuliLibrary">
<arg>D://Netpos//SmartPdv//SmartPdv.exe</arg>
<doc>Open application
 To open app with parameters, refer:
 https://sikulix-2014.readthedocs.io/en/latest/appclass.html#App.App</doc>
<status status="PASS" starttime="20231123 10:21:10.108" endtime="20231123 10:21:10.147"/>
</kw>
<status status="PASS" starttime="20231123 10:21:10.108" endtime="20231123 10:21:10.147"/>
</kw>
<status status="PASS" starttime="20231123 10:21:10.096" endtime="20231123 10:21:10.147"/>
</kw>
<test id="s1-s1-s2-s2-t1" name="Cenario 01 - Validar o menu Hamburger da Tela Home" line="8">
<kw name="Logar no sistema smartPOS" library="kws_validar_header_tela_home">
<kw name="Estar na tela de Login" library="kws_loginSucesso">
<kw name="Wait Until Screen Contain" library="SikuliLibrary">
<arg>${option_telaLogin.telaLogin}</arg>
<arg>${TIMEOUT.DEFAULT}</arg>
<doc>Wait until screen contain
 Wait until image shown in screen</doc>
<msg timestamp="20231123 10:21:10.297" level="INFO" html="true">&lt;img src='sikuli_captured/sikuliximage-1700745670277.png'/&gt;</msg>
<status status="PASS" starttime="20231123 10:21:10.148" endtime="20231123 10:21:10.297"/>
</kw>
<kw name="Screen Should Contain" library="SikuliLibrary">
<arg>${option_telaLogin.telaLogin}</arg>
<doc>Screen should contain</doc>
<msg timestamp="20231123 10:21:10.431" level="INFO" html="true">&lt;img src='sikuli_captured/sikuliximage-1700745670419.png'/&gt;</msg>
<status status="PASS" starttime="20231123 10:21:10.297" endtime="20231123 10:21:10.431"/>
</kw>
<status status="PASS" starttime="20231123 10:21:10.148" endtime="20231123 10:21:10.431"/>
</kw>
<status status="PASS" starttime="20231123 10:21:10.148" endtime="20231123 10:21:10.431"/>
</kw>
<kw name="No campo input E-mail adicionar o e-mail valido" library="kws_validar_header_tela_home">
<kw name="No campo input email, digite um email válido" library="kws_loginSucesso">
<kw name="Wait Until Screen Contain" library="SikuliLibrary">
<arg>${option_telaLogin.input_email}</arg>
<arg>${TIMEOUT.DEFAULT}</arg>
<doc>Wait until screen contain
 Wait until image shown in screen</doc>
<msg timestamp="20231123 10:21:10.547" level="INFO" html="true">&lt;img src='sikuli_captured/sikuliximage-1700745670545.png'/&gt;</msg>
<status status="PASS" starttime="20231123 10:21:10.432" endtime="20231123 10:21:10.547"/>
</kw>
<kw name="Input Text" library="SikuliLibrary">
<arg>${option_telaLogin.input_email}</arg>
<arg>${EMAIL}</arg>
<doc>Input text.
 Image could be empty</doc>
<msg timestamp="20231123 10:21:13.851" level="INFO">Input Text:
eduardograciebarra@gmail.com</msg>
<msg timestamp="20231123 10:21:13.851" level="INFO" html="true">&lt;img src='sikuli_captured/sikuliximage-1700745670655.png'/&gt;
[log] CLICK on L[957,476]@S(0) (554 msec)
[log]  TYPE "eduardograciebarra@gmail.com"</msg>
<status status="PASS" starttime="20231123 10:21:10.548" endtime="20231123 10:21:13.851"/>
</kw>
<status status="PASS" starttime="20231123 10:21:10.432" endtime="20231123 10:21:13.851"/>
</kw>
<status status="PASS" starttime="20231123 10:21:10.431" endtime="20231123 10:21:13.851"/>
</kw>
<kw name="No campo input senha digitar uma senha valida" library="kws_validar_header_tela_home">
<kw name="No campo inpuit senha, digite uma senha válida" library="kws_loginSucesso">
<kw name="Wait Until Screen Contain" library="SikuliLibrary">
<arg>${option_telaLogin.input_password}</arg>
<arg>${TIMEOUT.DEFAULT}</arg>
<doc>Wait until screen contain
 Wait until image shown in screen</doc>
<msg timestamp="20231123 10:21:13.973" level="INFO" html="true">&lt;img src='sikuli_captured/sikuliximage-1700745673962.png'/&gt;</msg>
<status status="PASS" starttime="20231123 10:21:13.853" endtime="20231123 10:21:13.973"/>
</kw>
<kw name="Input Text" library="SikuliLibrary">
<arg>${option_telaLogin.input_password}</arg>
<arg>${SENHA}</arg>
<doc>Input text.
 Image could be empty</doc>
<msg timestamp="20231123 10:21:15.459" level="INFO">Input Text:
teste123</msg>
<msg timestamp="20231123 10:21:15.459" level="INFO" html="true">&lt;img src='sikuli_captured/sikuliximage-1700745674088.png'/&gt;
[log] CLICK on L[957,558]@S(0) (559 msec)
[log]  TYPE "teste123"</msg>
<status status="PASS" starttime="20231123 10:21:13.973" endtime="20231123 10:21:15.459"/>
</kw>
<status status="PASS" starttime="20231123 10:21:13.851" endtime="20231123 10:21:15.459"/>
</kw>
<status status="PASS" starttime="20231123 10:21:13.851" endtime="20231123 10:21:15.459"/>
</kw>
<kw name="Clique no botão entrar" library="kws_validar_header_tela_home">
<kw name="Clique no botao Entrar" library="kws_loginSucesso">
<kw name="Wait Until Screen Contain" library="SikuliLibrary">
<arg>${option_telaLogin.btn_entrar}</arg>
<arg>${TIMEOUT.DEFAULT}</arg>
<doc>Wait until screen contain
 Wait until image shown in screen</doc>
<msg timestamp="20231123 10:21:15.583" level="INFO" html="true">&lt;img src='sikuli_captured/sikuliximage-1700745675572.png'/&gt;</msg>
<status status="PASS" starttime="20231123 10:21:15.460" endtime="20231123 10:21:15.583"/>
</kw>
<kw name="Click" library="SikuliLibrary">
<arg>${option_telaLogin.btn_entrar}</arg>
<doc>Click</doc>
<msg timestamp="20231123 10:21:16.354" level="INFO" html="true">&lt;img src='sikuli_captured/sikuliximage-1700745675699.png'/&gt;
[log] CLICK on L[957,665]@S(0) (566 msec)</msg>
<status status="PASS" starttime="20231123 10:21:15.583" endtime="20231123 10:21:16.354"/>
</kw>
<status status="PASS" starttime="20231123 10:21:15.460" endtime="20231123 10:21:16.354"/>
</kw>
<status status="PASS" starttime="20231123 10:21:15.460" endtime="20231123 10:21:16.354"/>
</kw>
<kw name="Verifico o menu hamburger da tela home" library="kws_validar_menu_hamburger_tela_home">
<kw name="Ir para a tela Home" library="kws_loginSucesso">
<kw name="Wait Until Screen Contain" library="SikuliLibrary">
<arg>${option_telaHome.telaHome}</arg>
<arg>${TIMEOUT.DEFAULT}</arg>
<doc>Wait until screen contain
 Wait until image shown in screen</doc>
<msg timestamp="20231123 10:21:25.603" level="INFO" html="true">&lt;img src='sikuli_captured/sikuliximage-1700745685521.png'/&gt;</msg>
<status status="PASS" starttime="20231123 10:21:16.355" endtime="20231123 10:21:25.603"/>
</kw>
<kw name="Screen Should Contain" library="SikuliLibrary">
<arg>${option_telaHome.telaHome}</arg>
<doc>Screen should contain</doc>
<msg timestamp="20231123 10:21:25.867" level="INFO" html="true">&lt;img src='sikuli_captured/sikuliximage-1700745685785.png'/&gt;</msg>
<status status="PASS" starttime="20231123 10:21:25.603" endtime="20231123 10:21:25.867"/>
</kw>
<kw name="Capture Screen" library="SikuliLibrary">
<doc>Capture whole screen, file name is returned</doc>
<msg timestamp="20231123 10:21:25.979" level="INFO" html="true">&lt;img src='sikuli_captured/sikuliximage-1700745685894.png'/&gt;</msg>
<status status="PASS" starttime="20231123 10:21:25.867" endtime="20231123 10:21:25.980"/>
</kw>
<status status="PASS" starttime="20231123 10:21:16.354" endtime="20231123 10:21:25.980"/>
</kw>
<kw name="Wait Until Screen Contain" library="SikuliLibrary">
<arg>${option_telaHome.menuHamburger}</arg>
<arg>${TIMEOUT.DEFAULT}</arg>
<doc>Wait until screen contain
 Wait until image shown in screen</doc>
<msg timestamp="20231123 10:21:26.116" level="INFO" html="true">&lt;img src='sikuli_captured/sikuliximage-1700745686110.png'/&gt;</msg>
<status status="PASS" starttime="20231123 10:21:25.980" endtime="20231123 10:21:26.117"/>
</kw>
<kw name="Screen Should Contain" library="SikuliLibrary">
<arg>${option_telaHome.menuHamburger}</arg>
<doc>Screen should contain</doc>
<msg timestamp="20231123 10:21:26.240" level="INFO" html="true">&lt;img src='sikuli_captured/sikuliximage-1700745686234.png'/&gt;</msg>
<status status="PASS" starttime="20231123 10:21:26.117" endtime="20231123 10:21:26.240"/>
</kw>
<kw name="Capture Screen" library="SikuliLibrary">
<doc>Capture whole screen, file name is returned</doc>
<msg timestamp="20231123 10:21:26.365" level="INFO" html="true">&lt;img src='sikuli_captured/sikuliximage-1700745686280.png'/&gt;</msg>
<status status="PASS" starttime="20231123 10:21:26.240" endtime="20231123 10:21:26.366"/>
</kw>
<status status="PASS" starttime="20231123 10:21:16.354" endtime="20231123 10:21:26.366"/>
</kw>
<status status="PASS" starttime="20231123 10:21:10.148" endtime="20231123 10:21:26.366"/>
</test>
<kw name="Fechar o sistema" library="hooks" type="TEARDOWN">
<kw name="Capture Screen" library="SikuliLibrary">
<doc>Capture whole screen, file name is returned</doc>
<msg timestamp="20231123 10:21:26.490" level="INFO" html="true">&lt;img src='sikuli_captured/sikuliximage-1700745686404.png'/&gt;</msg>
<status status="PASS" starttime="20231123 10:21:26.367" endtime="20231123 10:21:26.490"/>
</kw>
<kw name="Clique no botao de logout" library="kws_logoutSucesso">
<kw name="Ir para a tela Home" library="kws_loginSucesso">
<kw name="Wait Until Screen Contain" library="SikuliLibrary">
<arg>${option_telaHome.telaHome}</arg>
<arg>${TIMEOUT.DEFAULT}</arg>
<doc>Wait until screen contain
 Wait until image shown in screen</doc>
<msg timestamp="20231123 10:21:26.760" level="INFO" html="true">&lt;img src='sikuli_captured/sikuliximage-1700745686669.png'/&gt;</msg>
<status status="PASS" starttime="20231123 10:21:26.490" endtime="20231123 10:21:26.760"/>
</kw>
<kw name="Screen Should Contain" library="SikuliLibrary">
<arg>${option_telaHome.telaHome}</arg>
<doc>Screen should contain</doc>
<msg timestamp="20231123 10:21:27.023" level="INFO" html="true">&lt;img src='sikuli_captured/sikuliximage-1700745686932.png'/&gt;</msg>
<status status="PASS" starttime="20231123 10:21:26.760" endtime="20231123 10:21:27.023"/>
</kw>
<kw name="Capture Screen" library="SikuliLibrary">
<doc>Capture whole screen, file name is returned</doc>
<msg timestamp="20231123 10:21:27.144" level="INFO" html="true">&lt;img src='sikuli_captured/sikuliximage-1700745687058.png'/&gt;</msg>
<status status="PASS" starttime="20231123 10:21:27.023" endtime="20231123 10:21:27.144"/>
</kw>
<status status="PASS" starttime="20231123 10:21:26.490" endtime="20231123 10:21:27.144"/>
</kw>
<kw name="Wait Until Screen Contain" library="SikuliLibrary">
<arg>${options_logout.inc_logout}</arg>
<arg>${TIMEOUT.DEFAULT}</arg>
<doc>Wait until screen contain
 Wait until image shown in screen</doc>
<msg timestamp="20231123 10:21:27.261" level="INFO" html="true">&lt;img src='sikuli_captured/sikuliximage-1700745687260.png'/&gt;</msg>
<status status="PASS" starttime="20231123 10:21:27.144" endtime="20231123 10:21:27.261"/>
</kw>
<kw name="Click" library="SikuliLibrary">
<arg>${options_logout.inc_logout}</arg>
<doc>Click</doc>
<msg timestamp="20231123 10:21:28.038" level="INFO" html="true">&lt;img src='sikuli_captured/sikuliximage-1700745687383.png'/&gt;
[log] CLICK on L[148,652]@S(0) (560 msec)</msg>
<status status="PASS" starttime="20231123 10:21:27.261" endtime="20231123 10:21:28.039"/>
</kw>
<status status="PASS" starttime="20231123 10:21:26.490" endtime="20231123 10:21:28.039"/>
</kw>
<kw name="Clique em sim" library="kws_logoutSucesso">
<kw name="Wait Until Screen Contain" library="SikuliLibrary">
<arg>${options_logout.tela_deseja_realizar_logout}</arg>
<arg>${TIMEOUT.DEFAULT}</arg>
<doc>Wait until screen contain
 Wait until image shown in screen</doc>
<msg timestamp="20231123 10:21:28.178" level="INFO" html="true">&lt;img src='sikuli_captured/sikuliximage-1700745688164.png'/&gt;</msg>
<status status="PASS" starttime="20231123 10:21:28.039" endtime="20231123 10:21:28.179"/>
</kw>
<kw name="Sleep" library="BuiltIn">
<arg>${TIMEOUT.MINIMAL}</arg>
<doc>Pauses the test executed for the given time.</doc>
<msg timestamp="20231123 10:21:33.179" level="INFO">Slept 5 seconds</msg>
<status status="PASS" starttime="20231123 10:21:28.179" endtime="20231123 10:21:33.179"/>
</kw>
<kw name="Click" library="SikuliLibrary">
<arg>${options_logout.btn_sim}</arg>
<doc>Click</doc>
<msg timestamp="20231123 10:21:33.973" level="INFO" html="true">&lt;img src='sikuli_captured/sikuliximage-1700745693306.png'/&gt;
[log] CLICK on L[860,651]@S(0) (562 msec)</msg>
<status status="PASS" starttime="20231123 10:21:33.179" endtime="20231123 10:21:33.973"/>
</kw>
<kw name="Wait Until Screen Contain" library="SikuliLibrary">
<arg>${option_telaLogin.telaLogin}</arg>
<arg>${TIMEOUT.DEFAULT}</arg>
<doc>Wait until screen contain
 Wait until image shown in screen</doc>
<msg timestamp="20231123 10:21:34.433" level="INFO" html="true">&lt;img src='sikuli_captured/sikuliximage-1700745694411.png'/&gt;</msg>
<status status="PASS" starttime="20231123 10:21:33.973" endtime="20231123 10:21:34.434"/>
</kw>
<kw name="Screen Should Contain" library="SikuliLibrary">
<arg>${option_telaLogin.telaLogin}</arg>
<doc>Screen should contain</doc>
<msg timestamp="20231123 10:21:34.575" level="INFO" html="true">&lt;img src='sikuli_captured/sikuliximage-1700745694564.png'/&gt;</msg>
<status status="PASS" starttime="20231123 10:21:34.434" endtime="20231123 10:21:34.575"/>
</kw>
<kw name="Capture Screen" library="SikuliLibrary">
<doc>Capture whole screen, file name is returned</doc>
<msg timestamp="20231123 10:21:34.654" level="INFO" html="true">&lt;img src='sikuli_captured/sikuliximage-1700745694610.png'/&gt;</msg>
<status status="PASS" starttime="20231123 10:21:34.575" endtime="20231123 10:21:34.654"/>
</kw>
<status status="PASS" starttime="20231123 10:21:28.039" endtime="20231123 10:21:34.654"/>
</kw>
<status status="PASS" starttime="20231123 10:21:26.367" endtime="20231123 10:21:34.654"/>
</kw>
<status status="PASS" starttime="20231123 10:21:10.090" endtime="20231123 10:21:34.654"/>
</suite>
<suite id="s1-s1-s2-s3" name="TC4 Validar Banner Tela Home" source="c:\PROJETOS\TESTES\ROBOT\SmartPOS\test\features\2-Tela home\TC4_Validar_Banner_Tela_Home.robot">
<kw name="Iniciar o sistema" library="hooks" type="SETUP">
<kw name="Carregar imagens do sistema" library="BaseImages">
<for flavor="IN">
<var>${dir}</var>
<value>@{IMAGE_DIR}</value>
<iter>
<var name="${dir}">src\auto\images</var>
<kw name="Add Image Path" library="SikuliLibrary">
<arg>${dir}</arg>
<doc>Add image path</doc>
<status status="PASS" starttime="20231123 10:21:34.662" endtime="20231123 10:21:34.664"/>
</kw>
<status status="PASS" starttime="20231123 10:21:34.662" endtime="20231123 10:21:34.664"/>
</iter>
<iter>
<var name="${dir}">src\auto\images\login</var>
<kw name="Add Image Path" library="SikuliLibrary">
<arg>${dir}</arg>
<doc>Add image path</doc>
<status status="PASS" starttime="20231123 10:21:34.665" endtime="20231123 10:21:34.667"/>
</kw>
<status status="PASS" starttime="20231123 10:21:34.665" endtime="20231123 10:21:34.667"/>
</iter>
<iter>
<var name="${dir}">src\auto\images\home</var>
<kw name="Add Image Path" library="SikuliLibrary">
<arg>${dir}</arg>
<doc>Add image path</doc>
<status status="PASS" starttime="20231123 10:21:34.667" endtime="20231123 10:21:34.669"/>
</kw>
<status status="PASS" starttime="20231123 10:21:34.667" endtime="20231123 10:21:34.669"/>
</iter>
<iter>
<var name="${dir}">src\auto\images\logout</var>
<kw name="Add Image Path" library="SikuliLibrary">
<arg>${dir}</arg>
<doc>Add image path</doc>
<status status="PASS" starttime="20231123 10:21:34.669" endtime="20231123 10:21:34.671"/>
</kw>
<status status="PASS" starttime="20231123 10:21:34.669" endtime="20231123 10:21:34.671"/>
</iter>
<status status="PASS" starttime="20231123 10:21:34.662" endtime="20231123 10:21:34.671"/>
</for>
<status status="PASS" starttime="20231123 10:21:34.662" endtime="20231123 10:21:34.671"/>
</kw>
<kw name="Executar sistema SmartPdv" library="hooks">
<kw name="Open Application" library="SikuliLibrary">
<arg>D://Netpos//SmartPdv//SmartPdv.exe</arg>
<doc>Open application
 To open app with parameters, refer:
 https://sikulix-2014.readthedocs.io/en/latest/appclass.html#App.App</doc>
<status status="PASS" starttime="20231123 10:21:34.671" endtime="20231123 10:21:34.703"/>
</kw>
<status status="PASS" starttime="20231123 10:21:34.671" endtime="20231123 10:21:34.703"/>
</kw>
<status status="PASS" starttime="20231123 10:21:34.662" endtime="20231123 10:21:34.703"/>
</kw>
<test id="s1-s1-s2-s3-t1" name="Cenário 01 - Validar Banner da Tela Home" line="8">
<kw name="Logar no sistema smartPOS" library="kws_validar_header_tela_home">
<kw name="Estar na tela de Login" library="kws_loginSucesso">
<kw name="Wait Until Screen Contain" library="SikuliLibrary">
<arg>${option_telaLogin.telaLogin}</arg>
<arg>${TIMEOUT.DEFAULT}</arg>
<doc>Wait until screen contain
 Wait until image shown in screen</doc>
<msg timestamp="20231123 10:21:34.843" level="INFO" html="true">&lt;img src='sikuli_captured/sikuliximage-1700745694832.png'/&gt;</msg>
<status status="PASS" starttime="20231123 10:21:34.705" endtime="20231123 10:21:34.843"/>
</kw>
<kw name="Screen Should Contain" library="SikuliLibrary">
<arg>${option_telaLogin.telaLogin}</arg>
<doc>Screen should contain</doc>
<msg timestamp="20231123 10:21:34.986" level="INFO" html="true">&lt;img src='sikuli_captured/sikuliximage-1700745694974.png'/&gt;</msg>
<status status="PASS" starttime="20231123 10:21:34.843" endtime="20231123 10:21:34.986"/>
</kw>
<status status="PASS" starttime="20231123 10:21:34.705" endtime="20231123 10:21:34.986"/>
</kw>
<status status="PASS" starttime="20231123 10:21:34.705" endtime="20231123 10:21:34.986"/>
</kw>
<kw name="No campo input E-mail adicionar o e-mail valido" library="kws_validar_header_tela_home">
<kw name="No campo input email, digite um email válido" library="kws_loginSucesso">
<kw name="Wait Until Screen Contain" library="SikuliLibrary">
<arg>${option_telaLogin.input_email}</arg>
<arg>${TIMEOUT.DEFAULT}</arg>
<doc>Wait until screen contain
 Wait until image shown in screen</doc>
<msg timestamp="20231123 10:21:35.101" level="INFO" html="true">&lt;img src='sikuli_captured/sikuliximage-1700745695099.png'/&gt;</msg>
<status status="PASS" starttime="20231123 10:21:34.987" endtime="20231123 10:21:35.102"/>
</kw>
<kw name="Input Text" library="SikuliLibrary">
<arg>${option_telaLogin.input_email}</arg>
<arg>${EMAIL}</arg>
<doc>Input text.
 Image could be empty</doc>
<msg timestamp="20231123 10:21:38.496" level="INFO">Input Text:
eduardograciebarra@gmail.com</msg>
<msg timestamp="20231123 10:21:38.496" level="INFO" html="true">&lt;img src='sikuli_captured/sikuliximage-1700745695208.png'/&gt;
[log] CLICK on L[957,476]@S(0) (565 msec)
[log]  TYPE "eduardograciebarra@gmail.com"</msg>
<status status="PASS" starttime="20231123 10:21:35.102" endtime="20231123 10:21:38.496"/>
</kw>
<status status="PASS" starttime="20231123 10:21:34.987" endtime="20231123 10:21:38.496"/>
</kw>
<status status="PASS" starttime="20231123 10:21:34.987" endtime="20231123 10:21:38.496"/>
</kw>
<kw name="No campo input senha digitar uma senha valida" library="kws_validar_header_tela_home">
<kw name="No campo inpuit senha, digite uma senha válida" library="kws_loginSucesso">
<kw name="Wait Until Screen Contain" library="SikuliLibrary">
<arg>${option_telaLogin.input_password}</arg>
<arg>${TIMEOUT.DEFAULT}</arg>
<doc>Wait until screen contain
 Wait until image shown in screen</doc>
<msg timestamp="20231123 10:21:38.633" level="INFO" html="true">&lt;img src='sikuli_captured/sikuliximage-1700745698622.png'/&gt;</msg>
<status status="PASS" starttime="20231123 10:21:38.497" endtime="20231123 10:21:38.633"/>
</kw>
<kw name="Input Text" library="SikuliLibrary">
<arg>${option_telaLogin.input_password}</arg>
<arg>${SENHA}</arg>
<doc>Input text.
 Image could be empty</doc>
<msg timestamp="20231123 10:21:40.153" level="INFO">Input Text:
teste123</msg>
<msg timestamp="20231123 10:21:40.153" level="INFO" html="true">&lt;img src='sikuli_captured/sikuliximage-1700745698746.png'/&gt;
[log] CLICK on L[957,558]@S(0) (563 msec)
[log]  TYPE "teste123"</msg>
<status status="PASS" starttime="20231123 10:21:38.633" endtime="20231123 10:21:40.153"/>
</kw>
<status status="PASS" starttime="20231123 10:21:38.497" endtime="20231123 10:21:40.153"/>
</kw>
<status status="PASS" starttime="20231123 10:21:38.497" endtime="20231123 10:21:40.153"/>
</kw>
<kw name="Clique no botão entrar" library="kws_validar_header_tela_home">
<kw name="Clique no botao Entrar" library="kws_loginSucesso">
<kw name="Wait Until Screen Contain" library="SikuliLibrary">
<arg>${option_telaLogin.btn_entrar}</arg>
<arg>${TIMEOUT.DEFAULT}</arg>
<doc>Wait until screen contain
 Wait until image shown in screen</doc>
<msg timestamp="20231123 10:21:40.276" level="INFO" html="true">&lt;img src='sikuli_captured/sikuliximage-1700745700266.png'/&gt;</msg>
<status status="PASS" starttime="20231123 10:21:40.154" endtime="20231123 10:21:40.277"/>
</kw>
<kw name="Click" library="SikuliLibrary">
<arg>${option_telaLogin.btn_entrar}</arg>
<doc>Click</doc>
<msg timestamp="20231123 10:21:41.027" level="INFO" html="true">&lt;img src='sikuli_captured/sikuliximage-1700745700391.png'/&gt;
[log] CLICK on L[957,665]@S(0) (553 msec)</msg>
<status status="PASS" starttime="20231123 10:21:40.277" endtime="20231123 10:21:41.027"/>
</kw>
<status status="PASS" starttime="20231123 10:21:40.154" endtime="20231123 10:21:41.027"/>
</kw>
<status status="PASS" starttime="20231123 10:21:40.153" endtime="20231123 10:21:41.027"/>
</kw>
<kw name="Verifico o banner da tela home" library="kws_validar_banner_tela_home">
<kw name="Ir para a tela Home" library="kws_loginSucesso">
<kw name="Wait Until Screen Contain" library="SikuliLibrary">
<arg>${option_telaHome.telaHome}</arg>
<arg>${TIMEOUT.DEFAULT}</arg>
<doc>Wait until screen contain
 Wait until image shown in screen</doc>
<msg timestamp="20231123 10:21:50.250" level="INFO" html="true">&lt;img src='sikuli_captured/sikuliximage-1700745710161.png'/&gt;</msg>
<status status="PASS" starttime="20231123 10:21:41.028" endtime="20231123 10:21:50.250"/>
</kw>
<kw name="Screen Should Contain" library="SikuliLibrary">
<arg>${option_telaHome.telaHome}</arg>
<doc>Screen should contain</doc>
<msg timestamp="20231123 10:21:50.506" level="INFO" html="true">&lt;img src='sikuli_captured/sikuliximage-1700745710425.png'/&gt;</msg>
<status status="PASS" starttime="20231123 10:21:50.250" endtime="20231123 10:21:50.507"/>
</kw>
<kw name="Capture Screen" library="SikuliLibrary">
<doc>Capture whole screen, file name is returned</doc>
<msg timestamp="20231123 10:21:50.620" level="INFO" html="true">&lt;img src='sikuli_captured/sikuliximage-1700745710534.png'/&gt;</msg>
<status status="PASS" starttime="20231123 10:21:50.507" endtime="20231123 10:21:50.620"/>
</kw>
<status status="PASS" starttime="20231123 10:21:41.028" endtime="20231123 10:21:50.620"/>
</kw>
<kw name="Wait Until Screen Contain" library="SikuliLibrary">
<arg>${option_telaHome.banner}</arg>
<arg>${TIMEOUT.DEFAULT}</arg>
<doc>Wait until screen contain
 Wait until image shown in screen</doc>
<msg timestamp="20231123 10:21:50.743" level="INFO" html="true">&lt;img src='sikuli_captured/sikuliximage-1700745710740.png'/&gt;</msg>
<status status="PASS" starttime="20231123 10:21:50.620" endtime="20231123 10:21:50.744"/>
</kw>
<kw name="Screen Should Contain" library="SikuliLibrary">
<arg>${option_telaHome.banner}</arg>
<doc>Screen should contain</doc>
<msg timestamp="20231123 10:21:50.868" level="INFO" html="true">&lt;img src='sikuli_captured/sikuliximage-1700745710864.png'/&gt;</msg>
<status status="PASS" starttime="20231123 10:21:50.744" endtime="20231123 10:21:50.868"/>
</kw>
<kw name="Capture Screen" library="SikuliLibrary">
<doc>Capture whole screen, file name is returned</doc>
<msg timestamp="20231123 10:21:50.982" level="INFO" html="true">&lt;img src='sikuli_captured/sikuliximage-1700745710896.png'/&gt;</msg>
<status status="PASS" starttime="20231123 10:21:50.868" endtime="20231123 10:21:50.982"/>
</kw>
<status status="PASS" starttime="20231123 10:21:41.028" endtime="20231123 10:21:50.982"/>
</kw>
<status status="PASS" starttime="20231123 10:21:34.703" endtime="20231123 10:21:50.983"/>
</test>
<kw name="Fechar o sistema" library="hooks" type="TEARDOWN">
<kw name="Capture Screen" library="SikuliLibrary">
<doc>Capture whole screen, file name is returned</doc>
<msg timestamp="20231123 10:21:51.107" level="INFO" html="true">&lt;img src='sikuli_captured/sikuliximage-1700745711020.png'/&gt;</msg>
<status status="PASS" starttime="20231123 10:21:50.983" endtime="20231123 10:21:51.107"/>
</kw>
<kw name="Clique no botao de logout" library="kws_logoutSucesso">
<kw name="Ir para a tela Home" library="kws_loginSucesso">
<kw name="Wait Until Screen Contain" library="SikuliLibrary">
<arg>${option_telaHome.telaHome}</arg>
<arg>${TIMEOUT.DEFAULT}</arg>
<doc>Wait until screen contain
 Wait until image shown in screen</doc>
<msg timestamp="20231123 10:21:51.364" level="INFO" html="true">&lt;img src='sikuli_captured/sikuliximage-1700745711273.png'/&gt;</msg>
<status status="PASS" starttime="20231123 10:21:51.108" endtime="20231123 10:21:51.364"/>
</kw>
<kw name="Screen Should Contain" library="SikuliLibrary">
<arg>${option_telaHome.telaHome}</arg>
<doc>Screen should contain</doc>
<msg timestamp="20231123 10:21:51.628" level="INFO" html="true">&lt;img src='sikuli_captured/sikuliximage-1700745711538.png'/&gt;</msg>
<status status="PASS" starttime="20231123 10:21:51.364" endtime="20231123 10:21:51.628"/>
</kw>
<kw name="Capture Screen" library="SikuliLibrary">
<doc>Capture whole screen, file name is returned</doc>
<msg timestamp="20231123 10:21:51.751" level="INFO" html="true">&lt;img src='sikuli_captured/sikuliximage-1700745711663.png'/&gt;</msg>
<status status="PASS" starttime="20231123 10:21:51.628" endtime="20231123 10:21:51.751"/>
</kw>
<status status="PASS" starttime="20231123 10:21:51.107" endtime="20231123 10:21:51.751"/>
</kw>
<kw name="Wait Until Screen Contain" library="SikuliLibrary">
<arg>${options_logout.inc_logout}</arg>
<arg>${TIMEOUT.DEFAULT}</arg>
<doc>Wait until screen contain
 Wait until image shown in screen</doc>
<msg timestamp="20231123 10:21:51.867" level="INFO" html="true">&lt;img src='sikuli_captured/sikuliximage-1700745711865.png'/&gt;</msg>
<status status="PASS" starttime="20231123 10:21:51.751" endtime="20231123 10:21:51.868"/>
</kw>
<kw name="Click" library="SikuliLibrary">
<arg>${options_logout.inc_logout}</arg>
<doc>Click</doc>
<msg timestamp="20231123 10:21:52.664" level="INFO" html="true">&lt;img src='sikuli_captured/sikuliximage-1700745711992.png'/&gt;
[log] CLICK on L[148,652]@S(0) (574 msec)</msg>
<status status="PASS" starttime="20231123 10:21:51.868" endtime="20231123 10:21:52.665"/>
</kw>
<status status="PASS" starttime="20231123 10:21:51.107" endtime="20231123 10:21:52.665"/>
</kw>
<kw name="Clique em sim" library="kws_logoutSucesso">
<kw name="Wait Until Screen Contain" library="SikuliLibrary">
<arg>${options_logout.tela_deseja_realizar_logout}</arg>
<arg>${TIMEOUT.DEFAULT}</arg>
<doc>Wait until screen contain
 Wait until image shown in screen</doc>
<msg timestamp="20231123 10:21:52.801" level="INFO" html="true">&lt;img src='sikuli_captured/sikuliximage-1700745712788.png'/&gt;</msg>
<status status="PASS" starttime="20231123 10:21:52.665" endtime="20231123 10:21:52.801"/>
</kw>
<kw name="Sleep" library="BuiltIn">
<arg>${TIMEOUT.MINIMAL}</arg>
<doc>Pauses the test executed for the given time.</doc>
<msg timestamp="20231123 10:21:57.803" level="INFO">Slept 5 seconds</msg>
<status status="PASS" starttime="20231123 10:21:52.801" endtime="20231123 10:21:57.803"/>
</kw>
<kw name="Click" library="SikuliLibrary">
<arg>${options_logout.btn_sim}</arg>
<doc>Click</doc>
<msg timestamp="20231123 10:21:58.575" level="INFO" html="true">&lt;img src='sikuli_captured/sikuliximage-1700745717920.png'/&gt;
[log] CLICK on L[860,651]@S(0) (557 msec)</msg>
<status status="PASS" starttime="20231123 10:21:57.803" endtime="20231123 10:21:58.575"/>
</kw>
<kw name="Wait Until Screen Contain" library="SikuliLibrary">
<arg>${option_telaLogin.telaLogin}</arg>
<arg>${TIMEOUT.DEFAULT}</arg>
<doc>Wait until screen contain
 Wait until image shown in screen</doc>
<msg timestamp="20231123 10:21:59.051" level="INFO" html="true">&lt;img src='sikuli_captured/sikuliximage-1700745719032.png'/&gt;</msg>
<status status="PASS" starttime="20231123 10:21:58.575" endtime="20231123 10:21:59.052"/>
</kw>
<kw name="Screen Should Contain" library="SikuliLibrary">
<arg>${option_telaLogin.telaLogin}</arg>
<doc>Screen should contain</doc>
<msg timestamp="20231123 10:21:59.183" level="INFO" html="true">&lt;img src='sikuli_captured/sikuliximage-1700745719172.png'/&gt;</msg>
<status status="PASS" starttime="20231123 10:21:59.052" endtime="20231123 10:21:59.183"/>
</kw>
<kw name="Capture Screen" library="SikuliLibrary">
<doc>Capture whole screen, file name is returned</doc>
<msg timestamp="20231123 10:21:59.261" level="INFO" html="true">&lt;img src='sikuli_captured/sikuliximage-1700745719219.png'/&gt;</msg>
<status status="PASS" starttime="20231123 10:21:59.184" endtime="20231123 10:21:59.263"/>
</kw>
<status status="PASS" starttime="20231123 10:21:52.665" endtime="20231123 10:21:59.263"/>
</kw>
<status status="PASS" starttime="20231123 10:21:50.983" endtime="20231123 10:21:59.263"/>
</kw>
<status status="PASS" starttime="20231123 10:21:34.655" endtime="20231123 10:21:59.263"/>
</suite>
<suite id="s1-s1-s2-s4" name="TC5 validar botao AGORA NAO Tela Home" source="c:\PROJETOS\TESTES\ROBOT\SmartPOS\test\features\2-Tela home\TC5_validar_botao_AGORA_NAO_Tela_Home.robot">
<kw name="Iniciar o sistema" library="hooks" type="SETUP">
<kw name="Carregar imagens do sistema" library="BaseImages">
<for flavor="IN">
<var>${dir}</var>
<value>@{IMAGE_DIR}</value>
<iter>
<var name="${dir}">src\auto\images</var>
<kw name="Add Image Path" library="SikuliLibrary">
<arg>${dir}</arg>
<doc>Add image path</doc>
<status status="PASS" starttime="20231123 10:21:59.271" endtime="20231123 10:21:59.274"/>
</kw>
<status status="PASS" starttime="20231123 10:21:59.271" endtime="20231123 10:21:59.274"/>
</iter>
<iter>
<var name="${dir}">src\auto\images\login</var>
<kw name="Add Image Path" library="SikuliLibrary">
<arg>${dir}</arg>
<doc>Add image path</doc>
<status status="PASS" starttime="20231123 10:21:59.274" endtime="20231123 10:21:59.277"/>
</kw>
<status status="PASS" starttime="20231123 10:21:59.274" endtime="20231123 10:21:59.277"/>
</iter>
<iter>
<var name="${dir}">src\auto\images\home</var>
<kw name="Add Image Path" library="SikuliLibrary">
<arg>${dir}</arg>
<doc>Add image path</doc>
<status status="PASS" starttime="20231123 10:21:59.277" endtime="20231123 10:21:59.279"/>
</kw>
<status status="PASS" starttime="20231123 10:21:59.277" endtime="20231123 10:21:59.279"/>
</iter>
<iter>
<var name="${dir}">src\auto\images\logout</var>
<kw name="Add Image Path" library="SikuliLibrary">
<arg>${dir}</arg>
<doc>Add image path</doc>
<status status="PASS" starttime="20231123 10:21:59.279" endtime="20231123 10:21:59.281"/>
</kw>
<status status="PASS" starttime="20231123 10:21:59.279" endtime="20231123 10:21:59.281"/>
</iter>
<status status="PASS" starttime="20231123 10:21:59.271" endtime="20231123 10:21:59.283"/>
</for>
<status status="PASS" starttime="20231123 10:21:59.271" endtime="20231123 10:21:59.283"/>
</kw>
<kw name="Executar sistema SmartPdv" library="hooks">
<kw name="Open Application" library="SikuliLibrary">
<arg>D://Netpos//SmartPdv//SmartPdv.exe</arg>
<doc>Open application
 To open app with parameters, refer:
 https://sikulix-2014.readthedocs.io/en/latest/appclass.html#App.App</doc>
<status status="PASS" starttime="20231123 10:21:59.283" endtime="20231123 10:21:59.317"/>
</kw>
<status status="PASS" starttime="20231123 10:21:59.283" endtime="20231123 10:21:59.317"/>
</kw>
<status status="PASS" starttime="20231123 10:21:59.271" endtime="20231123 10:21:59.317"/>
</kw>
<test id="s1-s1-s2-s4-t1" name="Cenário 01 - Validar botâo AGORA NAO do banner da tela home" line="8">
<kw name="Logar no sistema smartPOS" library="kws_validar_header_tela_home">
<kw name="Estar na tela de Login" library="kws_loginSucesso">
<kw name="Wait Until Screen Contain" library="SikuliLibrary">
<arg>${option_telaLogin.telaLogin}</arg>
<arg>${TIMEOUT.DEFAULT}</arg>
<doc>Wait until screen contain
 Wait until image shown in screen</doc>
<msg timestamp="20231123 10:21:59.449" level="INFO" html="true">&lt;img src='sikuli_captured/sikuliximage-1700745719438.png'/&gt;</msg>
<status status="PASS" starttime="20231123 10:21:59.318" endtime="20231123 10:21:59.449"/>
</kw>
<kw name="Screen Should Contain" library="SikuliLibrary">
<arg>${option_telaLogin.telaLogin}</arg>
<doc>Screen should contain</doc>
<msg timestamp="20231123 10:21:59.589" level="INFO" html="true">&lt;img src='sikuli_captured/sikuliximage-1700745719578.png'/&gt;</msg>
<status status="PASS" starttime="20231123 10:21:59.450" endtime="20231123 10:21:59.589"/>
</kw>
<status status="PASS" starttime="20231123 10:21:59.317" endtime="20231123 10:21:59.591"/>
</kw>
<status status="PASS" starttime="20231123 10:21:59.317" endtime="20231123 10:21:59.591"/>
</kw>
<kw name="No campo input E-mail adicionar o e-mail valido" library="kws_validar_header_tela_home">
<kw name="No campo input email, digite um email válido" library="kws_loginSucesso">
<kw name="Wait Until Screen Contain" library="SikuliLibrary">
<arg>${option_telaLogin.input_email}</arg>
<arg>${TIMEOUT.DEFAULT}</arg>
<doc>Wait until screen contain
 Wait until image shown in screen</doc>
<msg timestamp="20231123 10:21:59.706" level="INFO" html="true">&lt;img src='sikuli_captured/sikuliximage-1700745719703.png'/&gt;</msg>
<status status="PASS" starttime="20231123 10:21:59.591" endtime="20231123 10:21:59.706"/>
</kw>
<kw name="Input Text" library="SikuliLibrary">
<arg>${option_telaLogin.input_email}</arg>
<arg>${EMAIL}</arg>
<doc>Input text.
 Image could be empty</doc>
<msg timestamp="20231123 10:22:03.011" level="INFO">Input Text:
eduardograciebarra@gmail.com</msg>
<msg timestamp="20231123 10:22:03.011" level="INFO" html="true">&lt;img src='sikuli_captured/sikuliximage-1700745719813.png'/&gt;
[log] CLICK on L[957,476]@S(0) (551 msec)
[log]  TYPE "eduardograciebarra@gmail.com"</msg>
<status status="PASS" starttime="20231123 10:21:59.706" endtime="20231123 10:22:03.011"/>
</kw>
<status status="PASS" starttime="20231123 10:21:59.591" endtime="20231123 10:22:03.012"/>
</kw>
<status status="PASS" starttime="20231123 10:21:59.591" endtime="20231123 10:22:03.012"/>
</kw>
<kw name="No campo input senha digitar uma senha valida" library="kws_validar_header_tela_home">
<kw name="No campo inpuit senha, digite uma senha válida" library="kws_loginSucesso">
<kw name="Wait Until Screen Contain" library="SikuliLibrary">
<arg>${option_telaLogin.input_password}</arg>
<arg>${TIMEOUT.DEFAULT}</arg>
<doc>Wait until screen contain
 Wait until image shown in screen</doc>
<msg timestamp="20231123 10:22:03.149" level="INFO" html="true">&lt;img src='sikuli_captured/sikuliximage-1700745723139.png'/&gt;</msg>
<status status="PASS" starttime="20231123 10:22:03.012" endtime="20231123 10:22:03.149"/>
</kw>
<kw name="Input Text" library="SikuliLibrary">
<arg>${option_telaLogin.input_password}</arg>
<arg>${SENHA}</arg>
<doc>Input text.
 Image could be empty</doc>
<msg timestamp="20231123 10:22:04.666" level="INFO">Input Text:
teste123</msg>
<msg timestamp="20231123 10:22:04.666" level="INFO" html="true">&lt;img src='sikuli_captured/sikuliximage-1700745723264.png'/&gt;
[log] CLICK on L[957,558]@S(0) (556 msec)
[log]  TYPE "teste123"</msg>
<status status="PASS" starttime="20231123 10:22:03.149" endtime="20231123 10:22:04.666"/>
</kw>
<status status="PASS" starttime="20231123 10:22:03.012" endtime="20231123 10:22:04.666"/>
</kw>
<status status="PASS" starttime="20231123 10:22:03.012" endtime="20231123 10:22:04.666"/>
</kw>
<kw name="Clique no botão entrar" library="kws_validar_header_tela_home">
<kw name="Clique no botao Entrar" library="kws_loginSucesso">
<kw name="Wait Until Screen Contain" library="SikuliLibrary">
<arg>${option_telaLogin.btn_entrar}</arg>
<arg>${TIMEOUT.DEFAULT}</arg>
<doc>Wait until screen contain
 Wait until image shown in screen</doc>
<msg timestamp="20231123 10:22:04.791" level="INFO" html="true">&lt;img src='sikuli_captured/sikuliximage-1700745724780.png'/&gt;</msg>
<status status="PASS" starttime="20231123 10:22:04.668" endtime="20231123 10:22:04.791"/>
</kw>
<kw name="Click" library="SikuliLibrary">
<arg>${option_telaLogin.btn_entrar}</arg>
<doc>Click</doc>
<msg timestamp="20231123 10:22:05.541" level="INFO" html="true">&lt;img src='sikuli_captured/sikuliximage-1700745724904.png'/&gt;
[log] CLICK on L[957,665]@S(0) (552 msec)</msg>
<status status="PASS" starttime="20231123 10:22:04.791" endtime="20231123 10:22:05.541"/>
</kw>
<status status="PASS" starttime="20231123 10:22:04.668" endtime="20231123 10:22:05.541"/>
</kw>
<status status="PASS" starttime="20231123 10:22:04.666" endtime="20231123 10:22:05.541"/>
</kw>
<kw name="Verifico o banner da tela home" library="kws_validar_banner_tela_home">
<kw name="Ir para a tela Home" library="kws_loginSucesso">
<kw name="Wait Until Screen Contain" library="SikuliLibrary">
<arg>${option_telaHome.telaHome}</arg>
<arg>${TIMEOUT.DEFAULT}</arg>
<doc>Wait until screen contain
 Wait until image shown in screen</doc>
<msg timestamp="20231123 10:22:14.822" level="INFO" html="true">&lt;img src='sikuli_captured/sikuliximage-1700745734732.png'/&gt;</msg>
<status status="PASS" starttime="20231123 10:22:05.541" endtime="20231123 10:22:14.823"/>
</kw>
<kw name="Screen Should Contain" library="SikuliLibrary">
<arg>${option_telaHome.telaHome}</arg>
<doc>Screen should contain</doc>
<msg timestamp="20231123 10:22:15.083" level="INFO" html="true">&lt;img src='sikuli_captured/sikuliximage-1700745735001.png'/&gt;</msg>
<status status="PASS" starttime="20231123 10:22:14.823" endtime="20231123 10:22:15.083"/>
</kw>
<kw name="Capture Screen" library="SikuliLibrary">
<doc>Capture whole screen, file name is returned</doc>
<msg timestamp="20231123 10:22:15.211" level="INFO" html="true">&lt;img src='sikuli_captured/sikuliximage-1700745735124.png'/&gt;</msg>
<status status="PASS" starttime="20231123 10:22:15.083" endtime="20231123 10:22:15.212"/>
</kw>
<status status="PASS" starttime="20231123 10:22:05.541" endtime="20231123 10:22:15.212"/>
</kw>
<kw name="Wait Until Screen Contain" library="SikuliLibrary">
<arg>${option_telaHome.banner}</arg>
<arg>${TIMEOUT.DEFAULT}</arg>
<doc>Wait until screen contain
 Wait until image shown in screen</doc>
<msg timestamp="20231123 10:22:15.356" level="INFO" html="true">&lt;img src='sikuli_captured/sikuliximage-1700745735344.png'/&gt;</msg>
<status status="PASS" starttime="20231123 10:22:15.212" endtime="20231123 10:22:15.356"/>
</kw>
<kw name="Screen Should Contain" library="SikuliLibrary">
<arg>${option_telaHome.banner}</arg>
<doc>Screen should contain</doc>
<msg timestamp="20231123 10:22:15.487" level="INFO" html="true">&lt;img src='sikuli_captured/sikuliximage-1700745735483.png'/&gt;</msg>
<status status="PASS" starttime="20231123 10:22:15.356" endtime="20231123 10:22:15.487"/>
</kw>
<kw name="Capture Screen" library="SikuliLibrary">
<doc>Capture whole screen, file name is returned</doc>
<msg timestamp="20231123 10:22:15.600" level="INFO" html="true">&lt;img src='sikuli_captured/sikuliximage-1700745735514.png'/&gt;</msg>
<status status="PASS" starttime="20231123 10:22:15.487" endtime="20231123 10:22:15.601"/>
</kw>
<status status="PASS" starttime="20231123 10:22:05.541" endtime="20231123 10:22:15.601"/>
</kw>
<kw name="Clique no botão &quot;AGORA NÂO&quot; do banner" library="kws_validar_botao_AGORA_NAO_Tela_Home">
<kw name="Ir para a tela Home" library="kws_loginSucesso">
<kw name="Wait Until Screen Contain" library="SikuliLibrary">
<arg>${option_telaHome.telaHome}</arg>
<arg>${TIMEOUT.DEFAULT}</arg>
<doc>Wait until screen contain
 Wait until image shown in screen</doc>
<msg timestamp="20231123 10:22:15.855" level="INFO" html="true">&lt;img src='sikuli_captured/sikuliximage-1700745735765.png'/&gt;</msg>
<status status="PASS" starttime="20231123 10:22:15.601" endtime="20231123 10:22:15.855"/>
</kw>
<kw name="Screen Should Contain" library="SikuliLibrary">
<arg>${option_telaHome.telaHome}</arg>
<doc>Screen should contain</doc>
<msg timestamp="20231123 10:22:16.121" level="INFO" html="true">&lt;img src='sikuli_captured/sikuliximage-1700745736031.png'/&gt;</msg>
<status status="PASS" starttime="20231123 10:22:15.855" endtime="20231123 10:22:16.121"/>
</kw>
<kw name="Capture Screen" library="SikuliLibrary">
<doc>Capture whole screen, file name is returned</doc>
<msg timestamp="20231123 10:22:16.243" level="INFO" html="true">&lt;img src='sikuli_captured/sikuliximage-1700745736157.png'/&gt;</msg>
<status status="PASS" starttime="20231123 10:22:16.121" endtime="20231123 10:22:16.243"/>
</kw>
<status status="PASS" starttime="20231123 10:22:15.601" endtime="20231123 10:22:16.243"/>
</kw>
<kw name="Wait Until Screen Contain" library="SikuliLibrary">
<arg>${option_telaHome.btn_agoraNao_banner}</arg>
<arg>${TIMEOUT.DEFAULT}</arg>
<doc>Wait until screen contain
 Wait until image shown in screen</doc>
<msg timestamp="20231123 10:22:16.361" level="INFO" html="true">&lt;img src='sikuli_captured/sikuliximage-1700745736360.png'/&gt;</msg>
<status status="PASS" starttime="20231123 10:22:16.244" endtime="20231123 10:22:16.361"/>
</kw>
<kw name="Click" library="SikuliLibrary">
<arg>${option_telaHome.btn_agoraNao_banner}</arg>
<doc>Click</doc>
<msg timestamp="20231123 10:22:17.136" level="INFO" html="true">&lt;img src='sikuli_captured/sikuliximage-1700745736482.png'/&gt;
[log] CLICK on L[228,987]@S(0) (559 msec)</msg>
<status status="PASS" starttime="20231123 10:22:16.361" endtime="20231123 10:22:17.136"/>
</kw>
<kw name="Screen Should Not Contain" library="SikuliLibrary">
<arg>${option_telaHome.btn_agoraNao_banner}</arg>
<doc>Screen should not contain
 Screen should not contain image</doc>
<msg timestamp="20231123 10:22:17.238" level="INFO">Could not find P(btnAgoraNaoBanner.png) S: 0.699999988079071</msg>
<status status="PASS" starttime="20231123 10:22:17.136" endtime="20231123 10:22:17.239"/>
</kw>
<kw name="Capture Screen" library="SikuliLibrary">
<doc>Capture whole screen, file name is returned</doc>
<msg timestamp="20231123 10:22:17.377" level="INFO" html="true">&lt;img src='sikuli_captured/sikuliximage-1700745737282.png'/&gt;</msg>
<status status="PASS" starttime="20231123 10:22:17.239" endtime="20231123 10:22:17.377"/>
</kw>
<status status="PASS" starttime="20231123 10:22:15.601" endtime="20231123 10:22:17.377"/>
</kw>
<status status="PASS" starttime="20231123 10:21:59.317" endtime="20231123 10:22:17.377"/>
</test>
<kw name="Fechar o sistema" library="hooks" type="TEARDOWN">
<kw name="Capture Screen" library="SikuliLibrary">
<doc>Capture whole screen, file name is returned</doc>
<msg timestamp="20231123 10:22:17.493" level="INFO" html="true">&lt;img src='sikuli_captured/sikuliximage-1700745737407.png'/&gt;</msg>
<status status="PASS" starttime="20231123 10:22:17.378" endtime="20231123 10:22:17.493"/>
</kw>
<kw name="Clique no botao de logout" library="kws_logoutSucesso">
<kw name="Ir para a tela Home" library="kws_loginSucesso">
<kw name="Wait Until Screen Contain" library="SikuliLibrary">
<arg>${option_telaHome.telaHome}</arg>
<arg>${TIMEOUT.DEFAULT}</arg>
<doc>Wait until screen contain
 Wait until image shown in screen</doc>
<msg timestamp="20231123 10:22:17.755" level="INFO" html="true">&lt;img src='sikuli_captured/sikuliximage-1700745737672.png'/&gt;</msg>
<status status="PASS" starttime="20231123 10:22:17.494" endtime="20231123 10:22:17.756"/>
</kw>
<kw name="Screen Should Contain" library="SikuliLibrary">
<arg>${option_telaHome.telaHome}</arg>
<doc>Screen should contain</doc>
<msg timestamp="20231123 10:22:18.012" level="INFO" html="true">&lt;img src='sikuli_captured/sikuliximage-1700745737922.png'/&gt;</msg>
<status status="PASS" starttime="20231123 10:22:17.756" endtime="20231123 10:22:18.012"/>
</kw>
<kw name="Capture Screen" library="SikuliLibrary">
<doc>Capture whole screen, file name is returned</doc>
<msg timestamp="20231123 10:22:18.131" level="INFO" html="true">&lt;img src='sikuli_captured/sikuliximage-1700745738046.png'/&gt;</msg>
<status status="PASS" starttime="20231123 10:22:18.012" endtime="20231123 10:22:18.131"/>
</kw>
<status status="PASS" starttime="20231123 10:22:17.494" endtime="20231123 10:22:18.131"/>
</kw>
<kw name="Wait Until Screen Contain" library="SikuliLibrary">
<arg>${options_logout.inc_logout}</arg>
<arg>${TIMEOUT.DEFAULT}</arg>
<doc>Wait until screen contain
 Wait until image shown in screen</doc>
<msg timestamp="20231123 10:22:18.251" level="INFO" html="true">&lt;img src='sikuli_captured/sikuliximage-1700745738250.png'/&gt;</msg>
<status status="PASS" starttime="20231123 10:22:18.131" endtime="20231123 10:22:18.251"/>
</kw>
<kw name="Click" library="SikuliLibrary">
<arg>${options_logout.inc_logout}</arg>
<doc>Click</doc>
<msg timestamp="20231123 10:22:19.025" level="INFO" html="true">&lt;img src='sikuli_captured/sikuliximage-1700745738374.png'/&gt;
[log] CLICK on L[148,652]@S(0) (557 msec)</msg>
<status status="PASS" starttime="20231123 10:22:18.251" endtime="20231123 10:22:19.025"/>
</kw>
<status status="PASS" starttime="20231123 10:22:17.493" endtime="20231123 10:22:19.025"/>
</kw>
<kw name="Clique em sim" library="kws_logoutSucesso">
<kw name="Wait Until Screen Contain" library="SikuliLibrary">
<arg>${options_logout.tela_deseja_realizar_logout}</arg>
<arg>${TIMEOUT.DEFAULT}</arg>
<doc>Wait until screen contain
 Wait until image shown in screen</doc>
<msg timestamp="20231123 10:22:19.150" level="INFO" html="true">&lt;img src='sikuli_captured/sikuliximage-1700745739136.png'/&gt;</msg>
<status status="PASS" starttime="20231123 10:22:19.026" endtime="20231123 10:22:19.150"/>
</kw>
<kw name="Sleep" library="BuiltIn">
<arg>${TIMEOUT.MINIMAL}</arg>
<doc>Pauses the test executed for the given time.</doc>
<msg timestamp="20231123 10:22:24.151" level="INFO">Slept 5 seconds</msg>
<status status="PASS" starttime="20231123 10:22:19.150" endtime="20231123 10:22:24.151"/>
</kw>
<kw name="Click" library="SikuliLibrary">
<arg>${options_logout.btn_sim}</arg>
<doc>Click</doc>
<msg timestamp="20231123 10:22:24.949" level="INFO" html="true">&lt;img src='sikuli_captured/sikuliximage-1700745744282.png'/&gt;
[log] CLICK on L[860,651]@S(0) (557 msec)</msg>
<status status="PASS" starttime="20231123 10:22:24.152" endtime="20231123 10:22:24.949"/>
</kw>
<kw name="Wait Until Screen Contain" library="SikuliLibrary">
<arg>${option_telaLogin.telaLogin}</arg>
<arg>${TIMEOUT.DEFAULT}</arg>
<doc>Wait until screen contain
 Wait until image shown in screen</doc>
<msg timestamp="20231123 10:22:25.408" level="INFO" html="true">&lt;img src='sikuli_captured/sikuliximage-1700745745390.png'/&gt;</msg>
<status status="PASS" starttime="20231123 10:22:24.949" endtime="20231123 10:22:25.409"/>
</kw>
<kw name="Screen Should Contain" library="SikuliLibrary">
<arg>${option_telaLogin.telaLogin}</arg>
<doc>Screen should contain</doc>
<msg timestamp="20231123 10:22:25.540" level="INFO" html="true">&lt;img src='sikuli_captured/sikuliximage-1700745745529.png'/&gt;</msg>
<status status="PASS" starttime="20231123 10:22:25.409" endtime="20231123 10:22:25.540"/>
</kw>
<kw name="Capture Screen" library="SikuliLibrary">
<doc>Capture whole screen, file name is returned</doc>
<msg timestamp="20231123 10:22:25.620" level="INFO" html="true">&lt;img src='sikuli_captured/sikuliximage-1700745745576.png'/&gt;</msg>
<status status="PASS" starttime="20231123 10:22:25.540" endtime="20231123 10:22:25.620"/>
</kw>
<status status="PASS" starttime="20231123 10:22:19.026" endtime="20231123 10:22:25.620"/>
</kw>
<status status="PASS" starttime="20231123 10:22:17.378" endtime="20231123 10:22:25.621"/>
</kw>
<status status="PASS" starttime="20231123 10:21:59.264" endtime="20231123 10:22:25.621"/>
</suite>
<suite id="s1-s1-s2-s5" name="TC6 Validar botao CONFIRA Tela Home" source="c:\PROJETOS\TESTES\ROBOT\SmartPOS\test\features\2-Tela home\TC6_Validar_botao_CONFIRA_Tela_Home.robot">
<kw name="Iniciar o sistema" library="hooks" type="SETUP">
<kw name="Carregar imagens do sistema" library="BaseImages">
<for flavor="IN">
<var>${dir}</var>
<value>@{IMAGE_DIR}</value>
<iter>
<var name="${dir}">src\auto\images</var>
<kw name="Add Image Path" library="SikuliLibrary">
<arg>${dir}</arg>
<doc>Add image path</doc>
<status status="PASS" starttime="20231123 10:22:25.628" endtime="20231123 10:22:25.631"/>
</kw>
[...]
</kw>
<status status="PASS" starttime="20231123 10:24:42.070" endtime="20231123 10:24:51.704"/>
</kw>
<kw name="Wait Until Screen Contain" library="SikuliLibrary">
<arg>${options_logout.inc_logout}</arg>
<arg>${TIMEOUT.DEFAULT}</arg>
<doc>Wait until screen contain
 Wait until image shown in screen</doc>
<msg timestamp="20231123 10:24:52.504" level="INFO" html="true">&lt;img src='sikuli_captured/sikuliximage-1700745892493.png'/&gt;</msg>
<status status="PASS" starttime="20231123 10:24:51.704" endtime="20231123 10:24:52.504"/>
</kw>
<kw name="Click" library="SikuliLibrary">
<arg>${options_logout.inc_logout}</arg>
<doc>Click</doc>
<msg timestamp="20231123 10:24:53.285" level="INFO" html="true">&lt;img src='sikuli_captured/sikuliximage-1700745892632.png'/&gt;
[log] CLICK on L[148,652]@S(0) (555 msec)</msg>
<status status="PASS" starttime="20231123 10:24:52.504" endtime="20231123 10:24:53.285"/>
</kw>
<status status="PASS" starttime="20231123 10:24:42.069" endtime="20231123 10:24:53.285"/>
</kw>
<kw name="Clique em sim" library="kws_logoutSucesso">
<kw name="Wait Until Screen Contain" library="SikuliLibrary">
<arg>${options_logout.tela_deseja_realizar_logout}</arg>
<arg>${TIMEOUT.DEFAULT}</arg>
<doc>Wait until screen contain
 Wait until image shown in screen</doc>
<msg timestamp="20231123 10:24:53.401" level="INFO" html="true">&lt;img src='sikuli_captured/sikuliximage-1700745893395.png'/&gt;</msg>
<status status="PASS" starttime="20231123 10:24:53.286" endtime="20231123 10:24:53.401"/>
</kw>
<kw name="Sleep" library="BuiltIn">
<arg>${TIMEOUT.MINIMAL}</arg>
<doc>Pauses the test executed for the given time.</doc>
<msg timestamp="20231123 10:24:58.402" level="INFO">Slept 5 seconds</msg>
<status status="PASS" starttime="20231123 10:24:53.401" endtime="20231123 10:24:58.402"/>
</kw>
<kw name="Click" library="SikuliLibrary">
<arg>${options_logout.btn_sim}</arg>
<doc>Click</doc>
<msg timestamp="20231123 10:24:59.173" level="INFO" html="true">&lt;img src='sikuli_captured/sikuliximage-1700745898519.png'/&gt;
[log] CLICK on L[860,651]@S(0) (554 msec)</msg>
<status status="PASS" starttime="20231123 10:24:58.402" endtime="20231123 10:24:59.173"/>
</kw>
<kw name="Wait Until Screen Contain" library="SikuliLibrary">
<arg>${option_telaLogin.telaLogin}</arg>
<arg>${TIMEOUT.DEFAULT}</arg>
<doc>Wait until screen contain
 Wait until image shown in screen</doc>
<msg timestamp="20231123 10:24:59.639" level="INFO" html="true">&lt;img src='sikuli_captured/sikuliximage-1700745899628.png'/&gt;</msg>
<status status="PASS" starttime="20231123 10:24:59.173" endtime="20231123 10:24:59.639"/>
</kw>
<kw name="Screen Should Contain" library="SikuliLibrary">
<arg>${option_telaLogin.telaLogin}</arg>
<doc>Screen should contain</doc>
<msg timestamp="20231123 10:24:59.779" level="INFO" html="true">&lt;img src='sikuli_captured/sikuliximage-1700745899768.png'/&gt;</msg>
<status status="PASS" starttime="20231123 10:24:59.639" endtime="20231123 10:24:59.779"/>
</kw>
<kw name="Capture Screen" library="SikuliLibrary">
<doc>Capture whole screen, file name is returned</doc>
<msg timestamp="20231123 10:24:59.858" level="INFO" html="true">&lt;img src='sikuli_captured/sikuliximage-1700745899814.png'/&gt;</msg>
<status status="PASS" starttime="20231123 10:24:59.779" endtime="20231123 10:24:59.858"/>
</kw>
<status status="PASS" starttime="20231123 10:24:53.286" endtime="20231123 10:24:59.858"/>
</kw>
<status status="PASS" starttime="20231123 10:24:41.944" endtime="20231123 10:24:59.858"/>
</kw>
<status status="PASS" starttime="20231123 10:24:22.399" endtime="20231123 10:24:59.858"/>
</suite>
<status status="PASS" starttime="20231123 10:20:45.223" endtime="20231123 10:24:59.859"/>
</suite>
<suite id="s1-s1-s3" name="3-Logout" source="c:\PROJETOS\TESTES\ROBOT\SmartPOS\test\features\3-Logout">
<suite id="s1-s1-s3-s1" name="TC10 Logout sucesso" source="c:\PROJETOS\TESTES\ROBOT\SmartPOS\test\features\3-Logout\TC10_Logout_sucesso.robot">
<kw name="Iniciar o sistema" library="hooks" type="SETUP">
<kw name="Carregar imagens do sistema" library="BaseImages">
<for flavor="IN">
<var>${dir}</var>
<value>@{IMAGE_DIR}</value>
<iter>
<var name="${dir}">src\auto\images</var>
<kw name="Add Image Path" library="SikuliLibrary">
<arg>${dir}</arg>
<doc>Add image path</doc>
<status status="PASS" starttime="20231123 10:24:59.869" endtime="20231123 10:24:59.873"/>
</kw>
<status status="PASS" starttime="20231123 10:24:59.869" endtime="20231123 10:24:59.873"/>
</iter>
<iter>
<var name="${dir}">src\auto\images\login</var>
<kw name="Add Image Path" library="SikuliLibrary">
<arg>${dir}</arg>
<doc>Add image path</doc>
<status status="PASS" starttime="20231123 10:24:59.873" endtime="20231123 10:24:59.874"/>
</kw>
<status status="PASS" starttime="20231123 10:24:59.873" endtime="20231123 10:24:59.874"/>
</iter>
<iter>
<var name="${dir}">src\auto\images\home</var>
<kw name="Add Image Path" library="SikuliLibrary">
<arg>${dir}</arg>
<doc>Add image path</doc>
<status status="PASS" starttime="20231123 10:24:59.875" endtime="20231123 10:24:59.876"/>
</kw>
<status status="PASS" starttime="20231123 10:24:59.874" endtime="20231123 10:24:59.876"/>
</iter>
<iter>
<var name="${dir}">src\auto\images\logout</var>
<kw name="Add Image Path" library="SikuliLibrary">
<arg>${dir}</arg>
<doc>Add image path</doc>
<status status="PASS" starttime="20231123 10:24:59.876" endtime="20231123 10:24:59.878"/>
</kw>
<status status="PASS" starttime="20231123 10:24:59.876" endtime="20231123 10:24:59.878"/>
</iter>
<status status="PASS" starttime="20231123 10:24:59.869" endtime="20231123 10:24:59.878"/>
</for>
<status status="PASS" starttime="20231123 10:24:59.868" endtime="20231123 10:24:59.878"/>
</kw>
<kw name="Executar sistema SmartPdv" library="hooks">
<kw name="Open Application" library="SikuliLibrary">
<arg>D://Netpos//SmartPdv//SmartPdv.exe</arg>
<doc>Open application
 To open app with parameters, refer:
 https://sikulix-2014.readthedocs.io/en/latest/appclass.html#App.App</doc>
<status status="PASS" starttime="20231123 10:24:59.878" endtime="20231123 10:24:59.908"/>
</kw>
<status status="PASS" starttime="20231123 10:24:59.878" endtime="20231123 10:24:59.908"/>
</kw>
<status status="PASS" starttime="20231123 10:24:59.868" endtime="20231123 10:24:59.908"/>
</kw>
<test id="s1-s1-s3-s1-t1" name="Cenário 01-Logout com sucesso" line="8">
<kw name="Logar no sistema smartPOS" library="kws_validar_header_tela_home">
<kw name="Estar na tela de Login" library="kws_loginSucesso">
<kw name="Wait Until Screen Contain" library="SikuliLibrary">
<arg>${option_telaLogin.telaLogin}</arg>
<arg>${TIMEOUT.DEFAULT}</arg>
<doc>Wait until screen contain
 Wait until image shown in screen</doc>
<msg timestamp="20231123 10:25:00.054" level="INFO" html="true">&lt;img src='sikuli_captured/sikuliximage-1700745900034.png'/&gt;</msg>
<status status="PASS" starttime="20231123 10:24:59.909" endtime="20231123 10:25:00.054"/>
</kw>
<kw name="Screen Should Contain" library="SikuliLibrary">
<arg>${option_telaLogin.telaLogin}</arg>
<doc>Screen should contain</doc>
<msg timestamp="20231123 10:25:00.188" level="INFO" html="true">&lt;img src='sikuli_captured/sikuliximage-1700745900176.png'/&gt;</msg>
<status status="PASS" starttime="20231123 10:25:00.054" endtime="20231123 10:25:00.188"/>
</kw>
<status status="PASS" starttime="20231123 10:24:59.909" endtime="20231123 10:25:00.188"/>
</kw>
<status status="PASS" starttime="20231123 10:24:59.909" endtime="20231123 10:25:00.188"/>
</kw>
<kw name="No campo input E-mail adicionar o e-mail valido" library="kws_validar_header_tela_home">
<kw name="No campo input email, digite um email válido" library="kws_loginSucesso">
<kw name="Wait Until Screen Contain" library="SikuliLibrary">
<arg>${option_telaLogin.input_email}</arg>
<arg>${TIMEOUT.DEFAULT}</arg>
<doc>Wait until screen contain
 Wait until image shown in screen</doc>
<msg timestamp="20231123 10:25:00.304" level="INFO" html="true">&lt;img src='sikuli_captured/sikuliximage-1700745900302.png'/&gt;</msg>
<status status="PASS" starttime="20231123 10:25:00.189" endtime="20231123 10:25:00.304"/>
</kw>
<kw name="Input Text" library="SikuliLibrary">
<arg>${option_telaLogin.input_email}</arg>
<arg>${EMAIL}</arg>
<doc>Input text.
 Image could be empty</doc>
<msg timestamp="20231123 10:25:03.654" level="INFO">Input Text:
eduardograciebarra@gmail.com</msg>
<msg timestamp="20231123 10:25:03.654" level="INFO" html="true">&lt;img src='sikuli_captured/sikuliximage-1700745900410.png'/&gt;
[log] CLICK on L[957,476]@S(0) (559 msec)
[log]  TYPE "eduardograciebarra@gmail.com"</msg>
<status status="PASS" starttime="20231123 10:25:00.304" endtime="20231123 10:25:03.654"/>
</kw>
<status status="PASS" starttime="20231123 10:25:00.189" endtime="20231123 10:25:03.654"/>
</kw>
<status status="PASS" starttime="20231123 10:25:00.188" endtime="20231123 10:25:03.654"/>
</kw>
<kw name="No campo input senha digitar uma senha valida" library="kws_validar_header_tela_home">
<kw name="No campo inpuit senha, digite uma senha válida" library="kws_loginSucesso">
<kw name="Wait Until Screen Contain" library="SikuliLibrary">
<arg>${option_telaLogin.input_password}</arg>
<arg>${TIMEOUT.DEFAULT}</arg>
<doc>Wait until screen contain
 Wait until image shown in screen</doc>
<msg timestamp="20231123 10:25:03.775" level="INFO" html="true">&lt;img src='sikuli_captured/sikuliximage-1700745903764.png'/&gt;</msg>
<status status="PASS" starttime="20231123 10:25:03.655" endtime="20231123 10:25:03.775"/>
</kw>
<kw name="Input Text" library="SikuliLibrary">
<arg>${option_telaLogin.input_password}</arg>
<arg>${SENHA}</arg>
<doc>Input text.
 Image could be empty</doc>
<msg timestamp="20231123 10:25:05.293" level="INFO">Input Text:
teste123</msg>
<msg timestamp="20231123 10:25:05.293" level="INFO" html="true">&lt;img src='sikuli_captured/sikuliximage-1700745903889.png'/&gt;
[log] CLICK on L[957,558]@S(0) (556 msec)
[log]  TYPE "teste123"</msg>
<status status="PASS" starttime="20231123 10:25:03.775" endtime="20231123 10:25:05.294"/>
</kw>
<status status="PASS" starttime="20231123 10:25:03.655" endtime="20231123 10:25:05.294"/>
</kw>
<status status="PASS" starttime="20231123 10:25:03.655" endtime="20231123 10:25:05.294"/>
</kw>
<kw name="Clique no botão entrar" library="kws_validar_header_tela_home">
<kw name="Clique no botao Entrar" library="kws_loginSucesso">
<kw name="Wait Until Screen Contain" library="SikuliLibrary">
<arg>${option_telaLogin.btn_entrar}</arg>
<arg>${TIMEOUT.DEFAULT}</arg>
<doc>Wait until screen contain
 Wait until image shown in screen</doc>
<msg timestamp="20231123 10:25:05.406" level="INFO" html="true">&lt;img src='sikuli_captured/sikuliximage-1700745905404.png'/&gt;</msg>
<status status="PASS" starttime="20231123 10:25:05.294" endtime="20231123 10:25:05.406"/>
</kw>
<kw name="Click" library="SikuliLibrary">
<arg>${option_telaLogin.btn_entrar}</arg>
<doc>Click</doc>
<msg timestamp="20231123 10:25:06.151" level="INFO" html="true">&lt;img src='sikuli_captured/sikuliximage-1700745905513.png'/&gt;
[log] CLICK on L[957,665]@S(0) (555 msec)</msg>
<status status="PASS" starttime="20231123 10:25:05.406" endtime="20231123 10:25:06.151"/>
</kw>
<status status="PASS" starttime="20231123 10:25:05.294" endtime="20231123 10:25:06.152"/>
</kw>
<status status="PASS" starttime="20231123 10:25:05.294" endtime="20231123 10:25:06.152"/>
</kw>
<kw name="Ir para a tela Home" library="kws_loginSucesso">
<kw name="Wait Until Screen Contain" library="SikuliLibrary">
<arg>${option_telaHome.telaHome}</arg>
<arg>${TIMEOUT.DEFAULT}</arg>
<doc>Wait until screen contain
 Wait until image shown in screen</doc>
<msg timestamp="20231123 10:25:15.713" level="INFO" html="true">&lt;img src='sikuli_captured/sikuliximage-1700745915665.png'/&gt;</msg>
<status status="PASS" starttime="20231123 10:25:06.152" endtime="20231123 10:25:15.714"/>
</kw>
<kw name="Screen Should Contain" library="SikuliLibrary">
<arg>${option_telaHome.telaHome}</arg>
<doc>Screen should contain</doc>
<msg timestamp="20231123 10:25:15.984" level="INFO" html="true">&lt;img src='sikuli_captured/sikuliximage-1700745915883.png'/&gt;</msg>
<status status="PASS" starttime="20231123 10:25:15.714" endtime="20231123 10:25:15.984"/>
</kw>
<kw name="Capture Screen" library="SikuliLibrary">
<doc>Capture whole screen, file name is returned</doc>
<msg timestamp="20231123 10:25:16.113" level="INFO" html="true">&lt;img src='sikuli_captured/sikuliximage-1700745916023.png'/&gt;</msg>
<status status="PASS" starttime="20231123 10:25:15.984" endtime="20231123 10:25:16.113"/>
</kw>
<status status="PASS" starttime="20231123 10:25:06.152" endtime="20231123 10:25:16.113"/>
</kw>
<kw name="Clique no botao de logout" library="kws_logoutSucesso">
<kw name="Ir para a tela Home" library="kws_loginSucesso">
<kw name="Wait Until Screen Contain" library="SikuliLibrary">
<arg>${option_telaHome.telaHome}</arg>
<arg>${TIMEOUT.DEFAULT}</arg>
<doc>Wait until screen contain
 Wait until image shown in screen</doc>
<msg timestamp="20231123 10:25:16.376" level="INFO" html="true">&lt;img src='sikuli_captured/sikuliximage-1700745916291.png'/&gt;</msg>
<status status="PASS" starttime="20231123 10:25:16.113" endtime="20231123 10:25:16.376"/>
</kw>
<kw name="Screen Should Contain" library="SikuliLibrary">
<arg>${option_telaHome.telaHome}</arg>
<doc>Screen should contain</doc>
<msg timestamp="20231123 10:25:16.639" level="INFO" html="true">&lt;img src='sikuli_captured/sikuliximage-1700745916556.png'/&gt;</msg>
<status status="PASS" starttime="20231123 10:25:16.376" endtime="20231123 10:25:16.639"/>
</kw>
<kw name="Capture Screen" library="SikuliLibrary">
<doc>Capture whole screen, file name is returned</doc>
<msg timestamp="20231123 10:25:16.771" level="INFO" html="true">&lt;img src='sikuli_captured/sikuliximage-1700745916681.png'/&gt;</msg>
<status status="PASS" starttime="20231123 10:25:16.639" endtime="20231123 10:25:16.771"/>
</kw>
<status status="PASS" starttime="20231123 10:25:16.113" endtime="20231123 10:25:16.771"/>
</kw>
<kw name="Wait Until Screen Contain" library="SikuliLibrary">
<arg>${options_logout.inc_logout}</arg>
<arg>${TIMEOUT.DEFAULT}</arg>
<doc>Wait until screen contain
 Wait until image shown in screen</doc>
<msg timestamp="20231123 10:25:16.901" level="INFO" html="true">&lt;img src='sikuli_captured/sikuliximage-1700745916899.png'/&gt;</msg>
<status status="PASS" starttime="20231123 10:25:16.771" endtime="20231123 10:25:16.902"/>
</kw>
<kw name="Click" library="SikuliLibrary">
<arg>${options_logout.inc_logout}</arg>
<doc>Click</doc>
<msg timestamp="20231123 10:25:17.693" level="INFO" html="true">&lt;img src='sikuli_captured/sikuliximage-1700745917022.png'/&gt;
[log] CLICK on L[148,652]@S(0) (565 msec)</msg>
<status status="PASS" starttime="20231123 10:25:16.902" endtime="20231123 10:25:17.693"/>
</kw>
<status status="PASS" starttime="20231123 10:25:16.113" endtime="20231123 10:25:17.694"/>
</kw>
<kw name="Clique em sim" library="kws_logoutSucesso">
<kw name="Wait Until Screen Contain" library="SikuliLibrary">
<arg>${options_logout.tela_deseja_realizar_logout}</arg>
<arg>${TIMEOUT.DEFAULT}</arg>
<doc>Wait until screen contain
 Wait until image shown in screen</doc>
<msg timestamp="20231123 10:25:17.823" level="INFO" html="true">&lt;img src='sikuli_captured/sikuliximage-1700745917817.png'/&gt;</msg>
<status status="PASS" starttime="20231123 10:25:17.694" endtime="20231123 10:25:17.823"/>
</kw>
<kw name="Sleep" library="BuiltIn">
<arg>${TIMEOUT.MINIMAL}</arg>
<doc>Pauses the test executed for the given time.</doc>
<msg timestamp="20231123 10:25:22.824" level="INFO">Slept 5 seconds</msg>
<status status="PASS" starttime="20231123 10:25:17.823" endtime="20231123 10:25:22.824"/>
</kw>
<kw name="Click" library="SikuliLibrary">
<arg>${options_logout.btn_sim}</arg>
<doc>Click</doc>
<msg timestamp="20231123 10:25:23.625" level="INFO" html="true">&lt;img src='sikuli_captured/sikuliximage-1700745922955.png'/&gt;
[log] CLICK on L[860,651]@S(0) (562 msec)</msg>
<status status="PASS" starttime="20231123 10:25:22.824" endtime="20231123 10:25:23.625"/>
</kw>
<kw name="Wait Until Screen Contain" library="SikuliLibrary">
<arg>${option_telaLogin.telaLogin}</arg>
<arg>${TIMEOUT.DEFAULT}</arg>
<doc>Wait until screen contain
 Wait until image shown in screen</doc>
<msg timestamp="20231123 10:25:24.095" level="INFO" html="true">&lt;img src='sikuli_captured/sikuliximage-1700745924077.png'/&gt;</msg>
<status status="PASS" starttime="20231123 10:25:23.625" endtime="20231123 10:25:24.095"/>
</kw>
<kw name="Screen Should Contain" library="SikuliLibrary">
<arg>${option_telaLogin.telaLogin}</arg>
<doc>Screen should contain</doc>
<msg timestamp="20231123 10:25:24.249" level="INFO" html="true">&lt;img src='sikuli_captured/sikuliximage-1700745924233.png'/&gt;</msg>
<status status="PASS" starttime="20231123 10:25:24.095" endtime="20231123 10:25:24.249"/>
</kw>
<kw name="Capture Screen" library="SikuliLibrary">
<doc>Capture whole screen, file name is returned</doc>
<msg timestamp="20231123 10:25:24.355" level="INFO" html="true">&lt;img src='sikuli_captured/sikuliximage-1700745924279.png'/&gt;</msg>
<status status="PASS" starttime="20231123 10:25:24.249" endtime="20231123 10:25:24.355"/>
</kw>
<status status="PASS" starttime="20231123 10:25:17.694" endtime="20231123 10:25:24.355"/>
</kw>
<status status="PASS" starttime="20231123 10:24:59.908" endtime="20231123 10:25:24.355"/>
</test>
<status status="PASS" starttime="20231123 10:24:59.862" endtime="20231123 10:25:24.356"/>
</suite>
<status status="PASS" starttime="20231123 10:24:59.860" endtime="20231123 10:25:24.356"/>
</suite>
<status status="PASS" starttime="20231123 10:20:16.893" endtime="20231123 10:25:24.357"/>
</suite>
<status status="PASS" starttime="20231123 10:20:16.883" endtime="20231123 10:25:24.358"/>
</suite>
<statistics>
<total>
<stat pass="10" fail="0" skip="0">All Tests</stat>
</total>
<tag>
</tag>
<suite>
<stat pass="10" fail="0" skip="0" id="s1" name="Test">Test</stat>
<stat pass="10" fail="0" skip="0" id="s1-s1" name="Features">Test.Features</stat>
<stat pass="1" fail="0" skip="0" id="s1-s1-s1" name="1-Tela login">Test.Features.1-Tela login</stat>
<stat pass="1" fail="0" skip="0" id="s1-s1-s1-s1" name="TC1 login sucesso">Test.Features.1-Tela login.TC1 login sucesso</stat>
<stat pass="8" fail="0" skip="0" id="s1-s1-s2" name="2-Tela home">Test.Features.2-Tela home</stat>
<stat pass="1" fail="0" skip="0" id="s1-s1-s2-s1" name="TC2 Validar Header Tela Home">Test.Features.2-Tela home.TC2 Validar Header Tela Home</stat>
<stat pass="1" fail="0" skip="0" id="s1-s1-s2-s2" name="TC3 Validar Menu Hamburger Tela Home">Test.Features.2-Tela home.TC3 Validar Menu Hamburger Tela Home</stat>
<stat pass="1" fail="0" skip="0" id="s1-s1-s2-s3" name="TC4 Validar Banner Tela Home">Test.Features.2-Tela home.TC4 Validar Banner Tela Home</stat>
<stat pass="1" fail="0" skip="0" id="s1-s1-s2-s4" name="TC5 validar botao AGORA NAO Tela Home">Test.Features.2-Tela home.TC5 validar botao AGORA NAO Tela Home</stat>
<stat pass="1" fail="0" skip="0" id="s1-s1-s2-s5" name="TC6 Validar botao CONFIRA Tela Home">Test.Features.2-Tela home.TC6 Validar botao CONFIRA Tela Home</stat>
<stat pass="1" fail="0" skip="0" id="s1-s1-s2-s6" name="TC7 Validar minimizar menu hamburger">Test.Features.2-Tela home.TC7 Validar minimizar menu hamburger</stat>
<stat pass="1" fail="0" skip="0" id="s1-s1-s2-s7" name="TC8 Validar maximizar menu hamburger">Test.Features.2-Tela home.TC8 Validar maximizar menu hamburger</stat>
<stat pass="1" fail="0" skip="0" id="s1-s1-s2-s8" name="TC9 Validar descansar mouse em incone menuHamburger">Test.Features.2-Tela home.TC9 Validar descansar mouse em incone menuHamburger</stat>
<stat pass="1" fail="0" skip="0" id="s1-s1-s3" name="3-Logout">Test.Features.3-Logout</stat>
<stat pass="1" fail="0" skip="0" id="s1-s1-s3-s1" name="TC10 Logout sucesso">Test.Features.3-Logout.TC10 Logout sucesso</stat>
</suite>
</statistics>
<errors>
</errors>
</robot>
